[1.641s] Invoking command in '/home/kcm/ros2_ws/src/my_package': PYTHONPATH=/home/kcm/ros2_ws/build/my_package/prefix_override:/home/kcm/ros2_ws/install/my_package/lib/python3.10/site-packages:${PYTHONPATH} /usr/bin/python3 -W ignore:setup.py install is deprecated setup.py egg_info --egg-base ../../build/my_package build --build-base /home/kcm/ros2_ws/build/my_package/build install --record /home/kcm/ros2_ws/build/my_package/install.log --single-version-externally-managed install_data
[2.150s] running egg_info
[2.152s] writing ../../build/my_package/my_package.egg-info/PKG-INFO
[2.154s] writing dependency_links to ../../build/my_package/my_package.egg-info/dependency_links.txt
[2.154s] writing entry points to ../../build/my_package/my_package.egg-info/entry_points.txt
[2.154s] writing requirements to ../../build/my_package/my_package.egg-info/requires.txt
[2.154s] writing top-level names to ../../build/my_package/my_package.egg-info/top_level.txt
[2.160s] reading manifest file '../../build/my_package/my_package.egg-info/SOURCES.txt'
[2.171s] writing manifest file '../../build/my_package/my_package.egg-info/SOURCES.txt'
[2.171s] running build
[2.171s] running build_py
[2.175s] running install
[2.175s] running install_lib
[2.176s] running install_data
[2.179s] running install_egg_info
[2.186s] removing '/home/kcm/ros2_ws/install/my_package/lib/python3.10/site-packages/my_package-0.0.0-py3.10.egg-info' (and everything under it)
[2.186s] Copying ../../build/my_package/my_package.egg-info to /home/kcm/ros2_ws/install/my_package/lib/python3.10/site-packages/my_package-0.0.0-py3.10.egg-info
[2.210s] running install_scripts
[2.241s] Installing my_node script to /home/kcm/ros2_ws/install/my_package/lib/my_package
[2.243s] writing list of installed files to '/home/kcm/ros2_ws/build/my_package/install.log'
[2.302s] Invoked command in '/home/kcm/ros2_ws/src/my_package' returned '0': PYTHONPATH=/home/kcm/ros2_ws/build/my_package/prefix_override:/home/kcm/ros2_ws/install/my_package/lib/python3.10/site-packages:${PYTHONPATH} /usr/bin/python3 -W ignore:setup.py install is deprecated setup.py egg_info --egg-base ../../build/my_package build --build-base /home/kcm/ros2_ws/build/my_package/build install --record /home/kcm/ros2_ws/build/my_package/install.log --single-version-externally-managed install_data
