[1.766s] Invoking command in '/home/kcm/ros2_ws/src/my_package': PYTHONPATH=/home/kcm/ros2_ws/build/my_package/prefix_override:/home/kcm/ros2_ws/install/my_package/lib/python3.10/site-packages:${PYTHONPATH} /usr/bin/python3 -W ignore:setup.py install is deprecated setup.py egg_info --egg-base ../../build/my_package build --build-base /home/kcm/ros2_ws/build/my_package/build install --record /home/kcm/ros2_ws/build/my_package/install.log --single-version-externally-managed install_data
[2.330s] running egg_info
[2.339s] writing ../../build/my_package/my_package.egg-info/PKG-INFO
[2.340s] writing dependency_links to ../../build/my_package/my_package.egg-info/dependency_links.txt
[2.341s] writing entry points to ../../build/my_package/my_package.egg-info/entry_points.txt
[2.342s] writing requirements to ../../build/my_package/my_package.egg-info/requires.txt
[2.342s] writing top-level names to ../../build/my_package/my_package.egg-info/top_level.txt
[2.349s] reading manifest file '../../build/my_package/my_package.egg-info/SOURCES.txt'
[2.354s] writing manifest file '../../build/my_package/my_package.egg-info/SOURCES.txt'
[2.355s] running build
[2.355s] running build_py
[2.357s] running install
[2.362s] running install_lib
[2.378s] running install_data
[2.379s] running install_egg_info
[2.381s] removing '/home/kcm/ros2_ws/install/my_package/lib/python3.10/site-packages/my_package-0.0.0-py3.10.egg-info' (and everything under it)
[2.388s] Copying ../../build/my_package/my_package.egg-info to /home/kcm/ros2_ws/install/my_package/lib/python3.10/site-packages/my_package-0.0.0-py3.10.egg-info
[2.392s] running install_scripts
[2.446s] Installing ellbow script to /home/kcm/ros2_ws/install/my_package/lib/my_package
[2.448s] writing list of installed files to '/home/kcm/ros2_ws/build/my_package/install.log'
[2.502s] Invoked command in '/home/kcm/ros2_ws/src/my_package' returned '0': PYTHONPATH=/home/kcm/ros2_ws/build/my_package/prefix_override:/home/kcm/ros2_ws/install/my_package/lib/python3.10/site-packages:${PYTHONPATH} /usr/bin/python3 -W ignore:setup.py install is deprecated setup.py egg_info --egg-base ../../build/my_package build --build-base /home/kcm/ros2_ws/build/my_package/build install --record /home/kcm/ros2_ws/build/my_package/install.log --single-version-externally-managed install_data
