[1.662s] Invoking command in '/home/kcm/ros2_ws/src/py_srvcli': PYTHONPATH=/home/kcm/ros2_ws/build/py_srvcli/prefix_override:/home/kcm/ros2_ws/install/py_srvcli/lib/python3.10/site-packages:${PYTHONPATH} /usr/bin/python3 -W ignore:setup.py install is deprecated setup.py egg_info --egg-base ../../build/py_srvcli build --build-base /home/kcm/ros2_ws/build/py_srvcli/build install --record /home/kcm/ros2_ws/build/py_srvcli/install.log --single-version-externally-managed install_data
[2.181s] running egg_info
[2.182s] writing ../../build/py_srvcli/py_srvcli.egg-info/PKG-INFO
[2.183s] writing dependency_links to ../../build/py_srvcli/py_srvcli.egg-info/dependency_links.txt
[2.183s] writing entry points to ../../build/py_srvcli/py_srvcli.egg-info/entry_points.txt
[2.184s] writing requirements to ../../build/py_srvcli/py_srvcli.egg-info/requires.txt
[2.185s] writing top-level names to ../../build/py_srvcli/py_srvcli.egg-info/top_level.txt
[2.187s] reading manifest file '../../build/py_srvcli/py_srvcli.egg-info/SOURCES.txt'
[2.191s] writing manifest file '../../build/py_srvcli/py_srvcli.egg-info/SOURCES.txt'
[2.192s] running build
[2.192s] running build_py
[2.193s] running install
[2.193s] running install_lib
[2.195s] running install_data
[2.197s] running install_egg_info
[2.207s] removing '/home/kcm/ros2_ws/install/py_srvcli/lib/python3.10/site-packages/py_srvcli-0.0.0-py3.10.egg-info' (and everything under it)
[2.214s] Copying ../../build/py_srvcli/py_srvcli.egg-info to /home/kcm/ros2_ws/install/py_srvcli/lib/python3.10/site-packages/py_srvcli-0.0.0-py3.10.egg-info
[2.218s] running install_scripts
[2.280s] Installing client script to /home/kcm/ros2_ws/install/py_srvcli/lib/py_srvcli
[2.281s] Installing service script to /home/kcm/ros2_ws/install/py_srvcli/lib/py_srvcli
[2.282s] writing list of installed files to '/home/kcm/ros2_ws/build/py_srvcli/install.log'
[2.361s] Invoked command in '/home/kcm/ros2_ws/src/py_srvcli' returned '0': PYTHONPATH=/home/kcm/ros2_ws/build/py_srvcli/prefix_override:/home/kcm/ros2_ws/install/py_srvcli/lib/python3.10/site-packages:${PYTHONPATH} /usr/bin/python3 -W ignore:setup.py install is deprecated setup.py egg_info --egg-base ../../build/py_srvcli build --build-base /home/kcm/ros2_ws/build/py_srvcli/build install --record /home/kcm/ros2_ws/build/py_srvcli/install.log --single-version-externally-managed install_data
