[0.866s] Invoking command in '/home/kcm/ros2_ws/src/py_pubsub': PYTHONPATH=/home/kcm/ros2_ws/build/py_pubsub/prefix_override:/home/kcm/ros2_ws/install/py_pubsub/lib/python3.10/site-packages:${PYTHONPATH} /usr/bin/python3 -W ignore:setup.py install is deprecated setup.py egg_info --egg-base ../../build/py_pubsub build --build-base /home/kcm/ros2_ws/build/py_pubsub/build install --record /home/kcm/ros2_ws/build/py_pubsub/install.log --single-version-externally-managed install_data
[1.354s] running egg_info
[1.355s] writing ../../build/py_pubsub/py_pubsub.egg-info/PKG-INFO
[1.356s] writing dependency_links to ../../build/py_pubsub/py_pubsub.egg-info/dependency_links.txt
[1.357s] writing entry points to ../../build/py_pubsub/py_pubsub.egg-info/entry_points.txt
[1.357s] writing requirements to ../../build/py_pubsub/py_pubsub.egg-info/requires.txt
[1.358s] writing top-level names to ../../build/py_pubsub/py_pubsub.egg-info/top_level.txt
[1.360s] reading manifest file '../../build/py_pubsub/py_pubsub.egg-info/SOURCES.txt'
[1.377s] writing manifest file '../../build/py_pubsub/py_pubsub.egg-info/SOURCES.txt'
[1.378s] running build
[1.379s] running build_py
[1.379s] copying py_pubsub/test.py -> /home/kcm/ros2_ws/build/py_pubsub/build/lib/py_pubsub
[1.380s] running install
[1.387s] running install_lib
[1.389s] copying /home/kcm/ros2_ws/build/py_pubsub/build/lib/py_pubsub/test.py -> /home/kcm/ros2_ws/install/py_pubsub/lib/python3.10/site-packages/py_pubsub
[1.391s] byte-compiling /home/kcm/ros2_ws/install/py_pubsub/lib/python3.10/site-packages/py_pubsub/test.py to test.cpython-310.pyc
[1.393s] running install_data
[1.394s] running install_egg_info
[1.400s] removing '/home/kcm/ros2_ws/install/py_pubsub/lib/python3.10/site-packages/py_pubsub-0.0.0-py3.10.egg-info' (and everything under it)
[1.408s] Copying ../../build/py_pubsub/py_pubsub.egg-info to /home/kcm/ros2_ws/install/py_pubsub/lib/python3.10/site-packages/py_pubsub-0.0.0-py3.10.egg-info
[1.410s] running install_scripts
[1.431s] Installing listener script to /home/kcm/ros2_ws/install/py_pubsub/lib/py_pubsub
[1.433s] Installing talker script to /home/kcm/ros2_ws/install/py_pubsub/lib/py_pubsub
[1.434s] writing list of installed files to '/home/kcm/ros2_ws/build/py_pubsub/install.log'
[1.466s] Invoked command in '/home/kcm/ros2_ws/src/py_pubsub' returned '0': PYTHONPATH=/home/kcm/ros2_ws/build/py_pubsub/prefix_override:/home/kcm/ros2_ws/install/py_pubsub/lib/python3.10/site-packages:${PYTHONPATH} /usr/bin/python3 -W ignore:setup.py install is deprecated setup.py egg_info --egg-base ../../build/py_pubsub build --build-base /home/kcm/ros2_ws/build/py_pubsub/build install --record /home/kcm/ros2_ws/build/py_pubsub/install.log --single-version-externally-managed install_data
