[1.085s] Invoking command in '/home/kcm/ros2_ws/src/py_srvcli': PYTHONPATH=/home/kcm/ros2_ws/build/py_srvcli/prefix_override:/home/kcm/ros2_ws/install/py_srvcli/lib/python3.10/site-packages:${PYTHONPATH} /usr/bin/python3 -W ignore:setup.py install is deprecated setup.py egg_info --egg-base ../../build/py_srvcli build --build-base /home/kcm/ros2_ws/build/py_srvcli/build install --record /home/kcm/ros2_ws/build/py_srvcli/install.log --single-version-externally-managed install_data
[1.428s] running egg_info
[1.429s] creating ../../build/py_srvcli/py_srvcli.egg-info
[1.429s] writing ../../build/py_srvcli/py_srvcli.egg-info/PKG-INFO
[1.429s] writing dependency_links to ../../build/py_srvcli/py_srvcli.egg-info/dependency_links.txt
[1.430s] writing entry points to ../../build/py_srvcli/py_srvcli.egg-info/entry_points.txt
[1.430s] writing requirements to ../../build/py_srvcli/py_srvcli.egg-info/requires.txt
[1.430s] writing top-level names to ../../build/py_srvcli/py_srvcli.egg-info/top_level.txt
[1.430s] writing manifest file '../../build/py_srvcli/py_srvcli.egg-info/SOURCES.txt'
[1.432s] reading manifest file '../../build/py_srvcli/py_srvcli.egg-info/SOURCES.txt'
[1.432s] writing manifest file '../../build/py_srvcli/py_srvcli.egg-info/SOURCES.txt'
[1.433s] running build
[1.433s] running build_py
[1.434s] creating /home/kcm/ros2_ws/build/py_srvcli/build
[1.434s] creating /home/kcm/ros2_ws/build/py_srvcli/build/lib
[1.434s] creating /home/kcm/ros2_ws/build/py_srvcli/build/lib/py_srvcli
[1.434s] copying py_srvcli/service_member_function.py -> /home/kcm/ros2_ws/build/py_srvcli/build/lib/py_srvcli
[1.434s] copying py_srvcli/__init__.py -> /home/kcm/ros2_ws/build/py_srvcli/build/lib/py_srvcli
[1.434s] copying py_srvcli/client_member_function.py -> /home/kcm/ros2_ws/build/py_srvcli/build/lib/py_srvcli
[1.434s] running install
[1.435s] running install_lib
[1.436s] creating /home/kcm/ros2_ws/install/py_srvcli/lib/python3.10/site-packages/py_srvcli
[1.436s] copying /home/kcm/ros2_ws/build/py_srvcli/build/lib/py_srvcli/service_member_function.py -> /home/kcm/ros2_ws/install/py_srvcli/lib/python3.10/site-packages/py_srvcli
[1.436s] copying /home/kcm/ros2_ws/build/py_srvcli/build/lib/py_srvcli/__init__.py -> /home/kcm/ros2_ws/install/py_srvcli/lib/python3.10/site-packages/py_srvcli
[1.436s] copying /home/kcm/ros2_ws/build/py_srvcli/build/lib/py_srvcli/client_member_function.py -> /home/kcm/ros2_ws/install/py_srvcli/lib/python3.10/site-packages/py_srvcli
[1.437s] byte-compiling /home/kcm/ros2_ws/install/py_srvcli/lib/python3.10/site-packages/py_srvcli/service_member_function.py to service_member_function.cpython-310.pyc
[1.437s] byte-compiling /home/kcm/ros2_ws/install/py_srvcli/lib/python3.10/site-packages/py_srvcli/__init__.py to __init__.cpython-310.pyc
[1.437s] byte-compiling /home/kcm/ros2_ws/install/py_srvcli/lib/python3.10/site-packages/py_srvcli/client_member_function.py to client_member_function.cpython-310.pyc
[1.438s] running install_data
[1.438s] creating /home/kcm/ros2_ws/install/py_srvcli/share/ament_index
[1.438s] creating /home/kcm/ros2_ws/install/py_srvcli/share/ament_index/resource_index
[1.438s] creating /home/kcm/ros2_ws/install/py_srvcli/share/ament_index/resource_index/packages
[1.438s] copying resource/py_srvcli -> /home/kcm/ros2_ws/install/py_srvcli/share/ament_index/resource_index/packages
[1.439s] copying package.xml -> /home/kcm/ros2_ws/install/py_srvcli/share/py_srvcli
[1.439s] running install_egg_info
[1.440s] Copying ../../build/py_srvcli/py_srvcli.egg-info to /home/kcm/ros2_ws/install/py_srvcli/lib/python3.10/site-packages/py_srvcli-0.0.0-py3.10.egg-info
[1.441s] running install_scripts
[1.477s] Installing client script to /home/kcm/ros2_ws/install/py_srvcli/lib/py_srvcli
[1.477s] Installing service script to /home/kcm/ros2_ws/install/py_srvcli/lib/py_srvcli
[1.478s] writing list of installed files to '/home/kcm/ros2_ws/build/py_srvcli/install.log'
[1.522s] Invoked command in '/home/kcm/ros2_ws/src/py_srvcli' returned '0': PYTHONPATH=/home/kcm/ros2_ws/build/py_srvcli/prefix_override:/home/kcm/ros2_ws/install/py_srvcli/lib/python3.10/site-packages:${PYTHONPATH} /usr/bin/python3 -W ignore:setup.py install is deprecated setup.py egg_info --egg-base ../../build/py_srvcli build --build-base /home/kcm/ros2_ws/build/py_srvcli/build install --record /home/kcm/ros2_ws/build/py_srvcli/install.log --single-version-externally-managed install_data
