[0.958s] Invoking command in '/home/kcm/ros2_ws/src/py_pubsub': PYTHONPATH=/home/kcm/ros2_ws/build/py_pubsub/prefix_override:/home/kcm/ros2_ws/install/py_pubsub/lib/python3.10/site-packages:${PYTHONPATH} /usr/bin/python3 -W ignore:setup.py install is deprecated setup.py egg_info --egg-base ../../build/py_pubsub build --build-base /home/kcm/ros2_ws/build/py_pubsub/build install --record /home/kcm/ros2_ws/build/py_pubsub/install.log --single-version-externally-managed install_data
[1.233s] running egg_info
[1.234s] creating ../../build/py_pubsub/py_pubsub.egg-info
[1.238s] writing ../../build/py_pubsub/py_pubsub.egg-info/PKG-INFO
[1.239s] writing dependency_links to ../../build/py_pubsub/py_pubsub.egg-info/dependency_links.txt
[1.241s] writing entry points to ../../build/py_pubsub/py_pubsub.egg-info/entry_points.txt
[1.242s] writing requirements to ../../build/py_pubsub/py_pubsub.egg-info/requires.txt
[1.243s] writing top-level names to ../../build/py_pubsub/py_pubsub.egg-info/top_level.txt
[1.244s] writing manifest file '../../build/py_pubsub/py_pubsub.egg-info/SOURCES.txt'
[1.246s] reading manifest file '../../build/py_pubsub/py_pubsub.egg-info/SOURCES.txt'
[1.247s] writing manifest file '../../build/py_pubsub/py_pubsub.egg-info/SOURCES.txt'
[1.248s] running build
[1.248s] running build_py
[1.249s] creating /home/kcm/ros2_ws/build/py_pubsub/build
[1.250s] creating /home/kcm/ros2_ws/build/py_pubsub/build/lib
[1.250s] creating /home/kcm/ros2_ws/build/py_pubsub/build/lib/py_pubsub
[1.250s] copying py_pubsub/__init__.py -> /home/kcm/ros2_ws/build/py_pubsub/build/lib/py_pubsub
[1.251s] copying py_pubsub/publisher_member_function.py -> /home/kcm/ros2_ws/build/py_pubsub/build/lib/py_pubsub
[1.252s] running install
[1.252s] running install_lib
[1.253s] creating /home/kcm/ros2_ws/install/py_pubsub/lib/python3.10/site-packages/py_pubsub
[1.254s] copying /home/kcm/ros2_ws/build/py_pubsub/build/lib/py_pubsub/__init__.py -> /home/kcm/ros2_ws/install/py_pubsub/lib/python3.10/site-packages/py_pubsub
[1.254s] copying /home/kcm/ros2_ws/build/py_pubsub/build/lib/py_pubsub/publisher_member_function.py -> /home/kcm/ros2_ws/install/py_pubsub/lib/python3.10/site-packages/py_pubsub
[1.255s] byte-compiling /home/kcm/ros2_ws/install/py_pubsub/lib/python3.10/site-packages/py_pubsub/__init__.py to __init__.cpython-310.pyc
[1.256s] byte-compiling /home/kcm/ros2_ws/install/py_pubsub/lib/python3.10/site-packages/py_pubsub/publisher_member_function.py to publisher_member_function.cpython-310.pyc
[1.256s] running install_data
[1.257s] creating /home/kcm/ros2_ws/install/py_pubsub/share/ament_index
[1.257s] creating /home/kcm/ros2_ws/install/py_pubsub/share/ament_index/resource_index
[1.257s] creating /home/kcm/ros2_ws/install/py_pubsub/share/ament_index/resource_index/packages
[1.258s] copying resource/py_pubsub -> /home/kcm/ros2_ws/install/py_pubsub/share/ament_index/resource_index/packages
[1.259s] copying package.xml -> /home/kcm/ros2_ws/install/py_pubsub/share/py_pubsub
[1.259s] running install_egg_info
[1.261s] Copying ../../build/py_pubsub/py_pubsub.egg-info to /home/kcm/ros2_ws/install/py_pubsub/lib/python3.10/site-packages/py_pubsub-0.0.0-py3.10.egg-info
[1.262s] running install_scripts
[1.329s] writing list of installed files to '/home/kcm/ros2_ws/build/py_pubsub/install.log'
[1.372s] Invoked command in '/home/kcm/ros2_ws/src/py_pubsub' returned '0': PYTHONPATH=/home/kcm/ros2_ws/build/py_pubsub/prefix_override:/home/kcm/ros2_ws/install/py_pubsub/lib/python3.10/site-packages:${PYTHONPATH} /usr/bin/python3 -W ignore:setup.py install is deprecated setup.py egg_info --egg-base ../../build/py_pubsub build --build-base /home/kcm/ros2_ws/build/py_pubsub/build install --record /home/kcm/ros2_ws/build/py_pubsub/install.log --single-version-externally-managed install_data
