[0.112s] DEBUG:colcon:Command line arguments: ['/usr/bin/colcon', 'build']
[0.112s] DEBUG:colcon:Parsed command line arguments: Namespace(log_base=None, log_level=None, verb_name='build', build_base='build', install_base='install', merge_install=False, symlink_install=False, test_result_base=None, continue_on_error=False, executor='parallel', parallel_workers=1, event_handlers=None, ignore_user_meta=False, metas=['./colcon.meta'], base_paths=['.'], packages_ignore=None, packages_ignore_regex=None, paths=None, packages_up_to=None, packages_up_to_regex=None, packages_above=None, packages_above_and_dependencies=None, packages_above_depth=None, packages_select_by_dep=None, packages_skip_by_dep=None, packages_skip_up_to=None, packages_select_build_failed=False, packages_skip_build_finished=False, packages_select_test_failures=False, packages_skip_test_passed=False, packages_select=None, packages_skip=None, packages_select_regex=None, packages_skip_regex=None, packages_start=None, packages_end=None, allow_overriding=[], cmake_args=None, cmake_target=None, cmake_target_skip_unavailable=False, cmake_clean_cache=False, cmake_clean_first=False, cmake_force_configure=False, ament_cmake_args=None, catkin_cmake_args=None, catkin_skip_building_tests=False, mixin_files=None, mixin=None, verb_parser=<colcon_mixin.mixin.mixin_argument.MixinArgumentDecorator object at 0x7cf0a3a54190>, verb_extension=<colcon_core.verb.build.BuildVerb object at 0x7cf0a3b60970>, main=<bound method BuildVerb.main of <colcon_core.verb.build.BuildVerb object at 0x7cf0a3b60970>>, mixin_verb=('build',))
[0.258s] Level 1:colcon.colcon_core.package_discovery:discover_packages(colcon_meta) check parameters
[0.258s] Level 1:colcon.colcon_core.package_discovery:discover_packages(recursive) check parameters
[0.258s] Level 1:colcon.colcon_core.package_discovery:discover_packages(ignore) check parameters
[0.258s] Level 1:colcon.colcon_core.package_discovery:discover_packages(path) check parameters
[0.258s] Level 1:colcon.colcon_core.package_discovery:discover_packages(colcon_meta) discover
[0.258s] Level 1:colcon.colcon_core.package_discovery:discover_packages(recursive) discover
[0.258s] INFO:colcon.colcon_core.package_discovery:Crawling recursively for packages in '/home/kcm/ros2_ws'
[0.259s] Level 1:colcon.colcon_core.package_identification:_identify(.) by extensions ['ignore', 'ignore_ament_install']
[0.259s] Level 1:colcon.colcon_core.package_identification:_identify(.) by extension 'ignore'
[0.259s] Level 1:colcon.colcon_core.package_identification:_identify(.) by extension 'ignore_ament_install'
[0.259s] Level 1:colcon.colcon_core.package_identification:_identify(.) by extensions ['colcon_pkg']
[0.259s] Level 1:colcon.colcon_core.package_identification:_identify(.) by extension 'colcon_pkg'
[0.259s] Level 1:colcon.colcon_core.package_identification:_identify(.) by extensions ['colcon_meta']
[0.259s] Level 1:colcon.colcon_core.package_identification:_identify(.) by extension 'colcon_meta'
[0.259s] Level 1:colcon.colcon_core.package_identification:_identify(.) by extensions ['ros']
[0.259s] Level 1:colcon.colcon_core.package_identification:_identify(.) by extension 'ros'
[0.269s] Level 1:colcon.colcon_core.package_identification:_identify(.) by extensions ['cmake', 'python']
[0.269s] Level 1:colcon.colcon_core.package_identification:_identify(.) by extension 'cmake'
[0.269s] Level 1:colcon.colcon_core.package_identification:_identify(.) by extension 'python'
[0.269s] Level 1:colcon.colcon_core.package_identification:_identify(.) by extensions ['python_setup_py']
[0.269s] Level 1:colcon.colcon_core.package_identification:_identify(.) by extension 'python_setup_py'
[0.269s] Level 1:colcon.colcon_core.package_identification:_identify(build) by extensions ['ignore', 'ignore_ament_install']
[0.269s] Level 1:colcon.colcon_core.package_identification:_identify(build) by extension 'ignore'
[0.269s] Level 1:colcon.colcon_core.package_identification:_identify(build) ignored
[0.270s] Level 1:colcon.colcon_core.package_identification:_identify(install) by extensions ['ignore', 'ignore_ament_install']
[0.270s] Level 1:colcon.colcon_core.package_identification:_identify(install) by extension 'ignore'
[0.270s] Level 1:colcon.colcon_core.package_identification:_identify(install) ignored
[0.270s] Level 1:colcon.colcon_core.package_identification:_identify(log) by extensions ['ignore', 'ignore_ament_install']
[0.270s] Level 1:colcon.colcon_core.package_identification:_identify(log) by extension 'ignore'
[0.270s] Level 1:colcon.colcon_core.package_identification:_identify(log) ignored
[0.270s] Level 1:colcon.colcon_core.package_identification:_identify(src) by extensions ['ignore', 'ignore_ament_install']
[0.270s] Level 1:colcon.colcon_core.package_identification:_identify(src) by extension 'ignore'
[0.271s] Level 1:colcon.colcon_core.package_identification:_identify(src) by extension 'ignore_ament_install'
[0.271s] Level 1:colcon.colcon_core.package_identification:_identify(src) by extensions ['colcon_pkg']
[0.271s] Level 1:colcon.colcon_core.package_identification:_identify(src) by extension 'colcon_pkg'
[0.271s] Level 1:colcon.colcon_core.package_identification:_identify(src) by extensions ['colcon_meta']
[0.271s] Level 1:colcon.colcon_core.package_identification:_identify(src) by extension 'colcon_meta'
[0.271s] Level 1:colcon.colcon_core.package_identification:_identify(src) by extensions ['ros']
[0.271s] Level 1:colcon.colcon_core.package_identification:_identify(src) by extension 'ros'
[0.271s] Level 1:colcon.colcon_core.package_identification:_identify(src) by extensions ['cmake', 'python']
[0.271s] Level 1:colcon.colcon_core.package_identification:_identify(src) by extension 'cmake'
[0.271s] Level 1:colcon.colcon_core.package_identification:_identify(src) by extension 'python'
[0.271s] Level 1:colcon.colcon_core.package_identification:_identify(src) by extensions ['python_setup_py']
[0.272s] Level 1:colcon.colcon_core.package_identification:_identify(src) by extension 'python_setup_py'
[0.272s] Level 1:colcon.colcon_core.package_identification:_identify(src/my_package) by extensions ['ignore', 'ignore_ament_install']
[0.272s] Level 1:colcon.colcon_core.package_identification:_identify(src/my_package) by extension 'ignore'
[0.272s] Level 1:colcon.colcon_core.package_identification:_identify(src/my_package) by extension 'ignore_ament_install'
[0.272s] Level 1:colcon.colcon_core.package_identification:_identify(src/my_package) by extensions ['colcon_pkg']
[0.272s] Level 1:colcon.colcon_core.package_identification:_identify(src/my_package) by extension 'colcon_pkg'
[0.272s] Level 1:colcon.colcon_core.package_identification:_identify(src/my_package) by extensions ['colcon_meta']
[0.272s] Level 1:colcon.colcon_core.package_identification:_identify(src/my_package) by extension 'colcon_meta'
[0.272s] Level 1:colcon.colcon_core.package_identification:_identify(src/my_package) by extensions ['ros']
[0.272s] Level 1:colcon.colcon_core.package_identification:_identify(src/my_package) by extension 'ros'
[0.274s] DEBUG:colcon.colcon_core.package_identification:Package 'src/my_package' with type 'ros.ament_python' and name 'my_package'
[0.275s] Level 1:colcon.colcon_core.package_identification:_identify(src/py_pubsub) by extensions ['ignore', 'ignore_ament_install']
[0.275s] Level 1:colcon.colcon_core.package_identification:_identify(src/py_pubsub) by extension 'ignore'
[0.275s] Level 1:colcon.colcon_core.package_identification:_identify(src/py_pubsub) by extension 'ignore_ament_install'
[0.275s] Level 1:colcon.colcon_core.package_identification:_identify(src/py_pubsub) by extensions ['colcon_pkg']
[0.275s] Level 1:colcon.colcon_core.package_identification:_identify(src/py_pubsub) by extension 'colcon_pkg'
[0.275s] Level 1:colcon.colcon_core.package_identification:_identify(src/py_pubsub) by extensions ['colcon_meta']
[0.275s] Level 1:colcon.colcon_core.package_identification:_identify(src/py_pubsub) by extension 'colcon_meta'
[0.275s] Level 1:colcon.colcon_core.package_identification:_identify(src/py_pubsub) by extensions ['ros']
[0.275s] Level 1:colcon.colcon_core.package_identification:_identify(src/py_pubsub) by extension 'ros'
[0.276s] DEBUG:colcon.colcon_core.package_identification:Package 'src/py_pubsub' with type 'ros.ament_python' and name 'py_pubsub'
[0.276s] Level 1:colcon.colcon_core.package_identification:_identify(src/py_srvcli) by extensions ['ignore', 'ignore_ament_install']
[0.276s] Level 1:colcon.colcon_core.package_identification:_identify(src/py_srvcli) by extension 'ignore'
[0.276s] Level 1:colcon.colcon_core.package_identification:_identify(src/py_srvcli) by extension 'ignore_ament_install'
[0.276s] Level 1:colcon.colcon_core.package_identification:_identify(src/py_srvcli) by extensions ['colcon_pkg']
[0.276s] Level 1:colcon.colcon_core.package_identification:_identify(src/py_srvcli) by extension 'colcon_pkg'
[0.277s] Level 1:colcon.colcon_core.package_identification:_identify(src/py_srvcli) by extensions ['colcon_meta']
[0.277s] Level 1:colcon.colcon_core.package_identification:_identify(src/py_srvcli) by extension 'colcon_meta'
[0.277s] Level 1:colcon.colcon_core.package_identification:_identify(src/py_srvcli) by extensions ['ros']
[0.277s] Level 1:colcon.colcon_core.package_identification:_identify(src/py_srvcli) by extension 'ros'
[0.278s] DEBUG:colcon.colcon_core.package_identification:Package 'src/py_srvcli' with type 'ros.ament_python' and name 'py_srvcli'
[0.278s] Level 1:colcon.colcon_core.package_identification:_identify(src/tutorial_interfaces) by extensions ['ignore', 'ignore_ament_install']
[0.279s] Level 1:colcon.colcon_core.package_identification:_identify(src/tutorial_interfaces) by extension 'ignore'
[0.279s] Level 1:colcon.colcon_core.package_identification:_identify(src/tutorial_interfaces) by extension 'ignore_ament_install'
[0.279s] Level 1:colcon.colcon_core.package_identification:_identify(src/tutorial_interfaces) by extensions ['colcon_pkg']
[0.279s] Level 1:colcon.colcon_core.package_identification:_identify(src/tutorial_interfaces) by extension 'colcon_pkg'
[0.279s] Level 1:colcon.colcon_core.package_identification:_identify(src/tutorial_interfaces) by extensions ['colcon_meta']
[0.279s] Level 1:colcon.colcon_core.package_identification:_identify(src/tutorial_interfaces) by extension 'colcon_meta'
[0.279s] Level 1:colcon.colcon_core.package_identification:_identify(src/tutorial_interfaces) by extensions ['ros']
[0.279s] Level 1:colcon.colcon_core.package_identification:_identify(src/tutorial_interfaces) by extension 'ros'
[0.280s] DEBUG:colcon.colcon_core.package_identification:Package 'src/tutorial_interfaces' with type 'ros.ament_cmake' and name 'tutorial_interfaces'
[0.280s] Level 1:colcon.colcon_core.package_discovery:discover_packages(recursive) using defaults
[0.280s] Level 1:colcon.colcon_core.package_discovery:discover_packages(ignore) discover
[0.280s] Level 1:colcon.colcon_core.package_discovery:discover_packages(ignore) using defaults
[0.280s] Level 1:colcon.colcon_core.package_discovery:discover_packages(path) discover
[0.280s] Level 1:colcon.colcon_core.package_discovery:discover_packages(path) using defaults
[0.306s] Level 1:colcon.colcon_core.package_discovery:discover_packages(prefix_path) check parameters
[0.306s] Level 1:colcon.colcon_core.package_discovery:discover_packages(prefix_path) discover
[0.307s] DEBUG:colcon.colcon_installed_package_information.package_discovery:Found 5 installed packages in /home/kcm/ros2_ws/install
[0.308s] DEBUG:colcon.colcon_installed_package_information.package_discovery:Found 288 installed packages in /opt/ros/humble
[0.310s] Level 1:colcon.colcon_core.package_discovery:discover_packages(prefix_path) using defaults
[0.341s] Level 5:colcon.colcon_core.verb:set package 'my_package' build argument 'cmake_args' from command line to 'None'
[0.341s] Level 5:colcon.colcon_core.verb:set package 'my_package' build argument 'cmake_target' from command line to 'None'
[0.341s] Level 5:colcon.colcon_core.verb:set package 'my_package' build argument 'cmake_target_skip_unavailable' from command line to 'False'
[0.341s] Level 5:colcon.colcon_core.verb:set package 'my_package' build argument 'cmake_clean_cache' from command line to 'False'
[0.341s] Level 5:colcon.colcon_core.verb:set package 'my_package' build argument 'cmake_clean_first' from command line to 'False'
[0.341s] Level 5:colcon.colcon_core.verb:set package 'my_package' build argument 'cmake_force_configure' from command line to 'False'
[0.341s] Level 5:colcon.colcon_core.verb:set package 'my_package' build argument 'ament_cmake_args' from command line to 'None'
[0.341s] Level 5:colcon.colcon_core.verb:set package 'my_package' build argument 'catkin_cmake_args' from command line to 'None'
[0.341s] Level 5:colcon.colcon_core.verb:set package 'my_package' build argument 'catkin_skip_building_tests' from command line to 'False'
[0.341s] DEBUG:colcon.colcon_core.verb:Building package 'my_package' with the following arguments: {'ament_cmake_args': None, 'build_base': '/home/kcm/ros2_ws/build/my_package', 'catkin_cmake_args': None, 'catkin_skip_building_tests': False, 'cmake_args': None, 'cmake_clean_cache': False, 'cmake_clean_first': False, 'cmake_force_configure': False, 'cmake_target': None, 'cmake_target_skip_unavailable': False, 'install_base': '/home/kcm/ros2_ws/install/my_package', 'merge_install': False, 'path': '/home/kcm/ros2_ws/src/my_package', 'symlink_install': False, 'test_result_base': None}
[0.342s] Level 5:colcon.colcon_core.verb:set package 'py_pubsub' build argument 'cmake_args' from command line to 'None'
[0.342s] Level 5:colcon.colcon_core.verb:set package 'py_pubsub' build argument 'cmake_target' from command line to 'None'
[0.342s] Level 5:colcon.colcon_core.verb:set package 'py_pubsub' build argument 'cmake_target_skip_unavailable' from command line to 'False'
[0.342s] Level 5:colcon.colcon_core.verb:set package 'py_pubsub' build argument 'cmake_clean_cache' from command line to 'False'
[0.342s] Level 5:colcon.colcon_core.verb:set package 'py_pubsub' build argument 'cmake_clean_first' from command line to 'False'
[0.342s] Level 5:colcon.colcon_core.verb:set package 'py_pubsub' build argument 'cmake_force_configure' from command line to 'False'
[0.342s] Level 5:colcon.colcon_core.verb:set package 'py_pubsub' build argument 'ament_cmake_args' from command line to 'None'
[0.342s] Level 5:colcon.colcon_core.verb:set package 'py_pubsub' build argument 'catkin_cmake_args' from command line to 'None'
[0.342s] Level 5:colcon.colcon_core.verb:set package 'py_pubsub' build argument 'catkin_skip_building_tests' from command line to 'False'
[0.343s] DEBUG:colcon.colcon_core.verb:Building package 'py_pubsub' with the following arguments: {'ament_cmake_args': None, 'build_base': '/home/kcm/ros2_ws/build/py_pubsub', 'catkin_cmake_args': None, 'catkin_skip_building_tests': False, 'cmake_args': None, 'cmake_clean_cache': False, 'cmake_clean_first': False, 'cmake_force_configure': False, 'cmake_target': None, 'cmake_target_skip_unavailable': False, 'install_base': '/home/kcm/ros2_ws/install/py_pubsub', 'merge_install': False, 'path': '/home/kcm/ros2_ws/src/py_pubsub', 'symlink_install': False, 'test_result_base': None}
[0.343s] Level 5:colcon.colcon_core.verb:set package 'py_srvcli' build argument 'cmake_args' from command line to 'None'
[0.343s] Level 5:colcon.colcon_core.verb:set package 'py_srvcli' build argument 'cmake_target' from command line to 'None'
[0.343s] Level 5:colcon.colcon_core.verb:set package 'py_srvcli' build argument 'cmake_target_skip_unavailable' from command line to 'False'
[0.343s] Level 5:colcon.colcon_core.verb:set package 'py_srvcli' build argument 'cmake_clean_cache' from command line to 'False'
[0.343s] Level 5:colcon.colcon_core.verb:set package 'py_srvcli' build argument 'cmake_clean_first' from command line to 'False'
[0.343s] Level 5:colcon.colcon_core.verb:set package 'py_srvcli' build argument 'cmake_force_configure' from command line to 'False'
[0.343s] Level 5:colcon.colcon_core.verb:set package 'py_srvcli' build argument 'ament_cmake_args' from command line to 'None'
[0.343s] Level 5:colcon.colcon_core.verb:set package 'py_srvcli' build argument 'catkin_cmake_args' from command line to 'None'
[0.343s] Level 5:colcon.colcon_core.verb:set package 'py_srvcli' build argument 'catkin_skip_building_tests' from command line to 'False'
[0.344s] DEBUG:colcon.colcon_core.verb:Building package 'py_srvcli' with the following arguments: {'ament_cmake_args': None, 'build_base': '/home/kcm/ros2_ws/build/py_srvcli', 'catkin_cmake_args': None, 'catkin_skip_building_tests': False, 'cmake_args': None, 'cmake_clean_cache': False, 'cmake_clean_first': False, 'cmake_force_configure': False, 'cmake_target': None, 'cmake_target_skip_unavailable': False, 'install_base': '/home/kcm/ros2_ws/install/py_srvcli', 'merge_install': False, 'path': '/home/kcm/ros2_ws/src/py_srvcli', 'symlink_install': False, 'test_result_base': None}
[0.344s] Level 5:colcon.colcon_core.verb:set package 'tutorial_interfaces' build argument 'cmake_args' from command line to 'None'
[0.344s] Level 5:colcon.colcon_core.verb:set package 'tutorial_interfaces' build argument 'cmake_target' from command line to 'None'
[0.344s] Level 5:colcon.colcon_core.verb:set package 'tutorial_interfaces' build argument 'cmake_target_skip_unavailable' from command line to 'False'
[0.344s] Level 5:colcon.colcon_core.verb:set package 'tutorial_interfaces' build argument 'cmake_clean_cache' from command line to 'False'
[0.344s] Level 5:colcon.colcon_core.verb:set package 'tutorial_interfaces' build argument 'cmake_clean_first' from command line to 'False'
[0.344s] Level 5:colcon.colcon_core.verb:set package 'tutorial_interfaces' build argument 'cmake_force_configure' from command line to 'False'
[0.344s] Level 5:colcon.colcon_core.verb:set package 'tutorial_interfaces' build argument 'ament_cmake_args' from command line to 'None'
[0.344s] Level 5:colcon.colcon_core.verb:set package 'tutorial_interfaces' build argument 'catkin_cmake_args' from command line to 'None'
[0.345s] Level 5:colcon.colcon_core.verb:set package 'tutorial_interfaces' build argument 'catkin_skip_building_tests' from command line to 'False'
[0.345s] DEBUG:colcon.colcon_core.verb:Building package 'tutorial_interfaces' with the following arguments: {'ament_cmake_args': None, 'build_base': '/home/kcm/ros2_ws/build/tutorial_interfaces', 'catkin_cmake_args': None, 'catkin_skip_building_tests': False, 'cmake_args': None, 'cmake_clean_cache': False, 'cmake_clean_first': False, 'cmake_force_configure': False, 'cmake_target': None, 'cmake_target_skip_unavailable': False, 'install_base': '/home/kcm/ros2_ws/install/tutorial_interfaces', 'merge_install': False, 'path': '/home/kcm/ros2_ws/src/tutorial_interfaces', 'symlink_install': False, 'test_result_base': None}
[0.345s] INFO:colcon.colcon_core.executor:Executing jobs using 'parallel' executor
[0.346s] DEBUG:colcon.colcon_parallel_executor.executor.parallel:run_until_complete
[0.346s] INFO:colcon.colcon_ros.task.ament_python.build:Building ROS package in '/home/kcm/ros2_ws/src/my_package' with build type 'ament_python'
[0.346s] Level 1:colcon.colcon_core.shell:create_environment_hook('my_package', 'ament_prefix_path')
[0.348s] INFO:colcon.colcon_core.plugin_system:Skipping extension 'colcon_core.shell.bat': Not used on non-Windows systems
[0.348s] INFO:colcon.colcon_core.shell:Creating environment hook '/home/kcm/ros2_ws/install/my_package/share/my_package/hook/ament_prefix_path.ps1'
[0.349s] INFO:colcon.colcon_core.shell:Creating environment descriptor '/home/kcm/ros2_ws/install/my_package/share/my_package/hook/ament_prefix_path.dsv'
[0.350s] INFO:colcon.colcon_core.shell:Creating environment hook '/home/kcm/ros2_ws/install/my_package/share/my_package/hook/ament_prefix_path.sh'
[0.351s] INFO:colcon.colcon_core.shell:Skip shell extension 'powershell' for command environment: Not usable outside of PowerShell
[0.352s] DEBUG:colcon.colcon_core.shell:Skip shell extension 'dsv' for command environment
[0.829s] INFO:colcon.colcon_core.task.python.build:Building Python package in '/home/kcm/ros2_ws/src/my_package'
[0.829s] INFO:colcon.colcon_core.shell:Skip shell extension 'powershell' for command environment: Not usable outside of PowerShell
[0.829s] DEBUG:colcon.colcon_core.shell:Skip shell extension 'dsv' for command environment
[1.341s] DEBUG:colcon.colcon_core.event_handler.log_command:Invoking command in '/home/kcm/ros2_ws/src/my_package': PYTHONPATH=/home/kcm/ros2_ws/build/my_package/prefix_override:/home/kcm/ros2_ws/install/my_package/lib/python3.10/site-packages:${PYTHONPATH} /usr/bin/python3 -W ignore:setup.py install is deprecated setup.py egg_info --egg-base ../../build/my_package build --build-base /home/kcm/ros2_ws/build/my_package/build install --record /home/kcm/ros2_ws/build/my_package/install.log --single-version-externally-managed install_data
[1.706s] Level 1:colcon.colcon_core.environment:checking '/home/kcm/ros2_ws/install/my_package' for CMake module files
[1.707s] DEBUG:colcon.colcon_core.event_handler.log_command:Invoked command in '/home/kcm/ros2_ws/src/my_package' returned '0': PYTHONPATH=/home/kcm/ros2_ws/build/my_package/prefix_override:/home/kcm/ros2_ws/install/my_package/lib/python3.10/site-packages:${PYTHONPATH} /usr/bin/python3 -W ignore:setup.py install is deprecated setup.py egg_info --egg-base ../../build/my_package build --build-base /home/kcm/ros2_ws/build/my_package/build install --record /home/kcm/ros2_ws/build/my_package/install.log --single-version-externally-managed install_data
[1.711s] Level 1:colcon.colcon_core.environment:checking '/home/kcm/ros2_ws/install/my_package' for CMake config files
[1.712s] Level 1:colcon.colcon_core.environment:checking '/home/kcm/ros2_ws/install/my_package/lib'
[1.712s] Level 1:colcon.colcon_core.environment:checking '/home/kcm/ros2_ws/install/my_package/bin'
[1.712s] Level 1:colcon.colcon_core.environment:checking '/home/kcm/ros2_ws/install/my_package/lib/pkgconfig/my_package.pc'
[1.713s] Level 1:colcon.colcon_core.environment:checking '/home/kcm/ros2_ws/install/my_package/lib/python3.10/site-packages'
[1.713s] Level 1:colcon.colcon_core.shell:create_environment_hook('my_package', 'pythonpath')
[1.713s] INFO:colcon.colcon_core.shell:Creating environment hook '/home/kcm/ros2_ws/install/my_package/share/my_package/hook/pythonpath.ps1'
[1.714s] INFO:colcon.colcon_core.shell:Creating environment descriptor '/home/kcm/ros2_ws/install/my_package/share/my_package/hook/pythonpath.dsv'
[1.714s] INFO:colcon.colcon_core.shell:Creating environment hook '/home/kcm/ros2_ws/install/my_package/share/my_package/hook/pythonpath.sh'
[1.715s] Level 1:colcon.colcon_core.environment:checking '/home/kcm/ros2_ws/install/my_package/bin'
[1.715s] Level 1:colcon.colcon_core.environment:create_environment_scripts_only(my_package)
[1.716s] INFO:colcon.colcon_core.shell:Creating package script '/home/kcm/ros2_ws/install/my_package/share/my_package/package.ps1'
[1.717s] INFO:colcon.colcon_core.shell:Creating package descriptor '/home/kcm/ros2_ws/install/my_package/share/my_package/package.dsv'
[1.718s] INFO:colcon.colcon_core.shell:Creating package script '/home/kcm/ros2_ws/install/my_package/share/my_package/package.sh'
[1.719s] INFO:colcon.colcon_core.shell:Creating package script '/home/kcm/ros2_ws/install/my_package/share/my_package/package.bash'
[1.720s] INFO:colcon.colcon_core.shell:Creating package script '/home/kcm/ros2_ws/install/my_package/share/my_package/package.zsh'
[1.720s] Level 1:colcon.colcon_core.environment:create_file_with_runtime_dependencies(/home/kcm/ros2_ws/install/my_package/share/colcon-core/packages/my_package)
[1.722s] INFO:colcon.colcon_ros.task.ament_python.build:Building ROS package in '/home/kcm/ros2_ws/src/py_pubsub' with build type 'ament_python'
[1.722s] Level 1:colcon.colcon_core.shell:create_environment_hook('py_pubsub', 'ament_prefix_path')
[1.722s] INFO:colcon.colcon_core.shell:Creating environment hook '/home/kcm/ros2_ws/install/py_pubsub/share/py_pubsub/hook/ament_prefix_path.ps1'
[1.723s] INFO:colcon.colcon_core.shell:Creating environment descriptor '/home/kcm/ros2_ws/install/py_pubsub/share/py_pubsub/hook/ament_prefix_path.dsv'
[1.723s] INFO:colcon.colcon_core.shell:Creating environment hook '/home/kcm/ros2_ws/install/py_pubsub/share/py_pubsub/hook/ament_prefix_path.sh'
[1.724s] INFO:colcon.colcon_core.shell:Skip shell extension 'powershell' for command environment: Not usable outside of PowerShell
[1.724s] DEBUG:colcon.colcon_core.shell:Skip shell extension 'dsv' for command environment
[2.087s] INFO:colcon.colcon_core.task.python.build:Building Python package in '/home/kcm/ros2_ws/src/py_pubsub'
[2.088s] INFO:colcon.colcon_core.shell:Skip shell extension 'powershell' for command environment: Not usable outside of PowerShell
[2.088s] DEBUG:colcon.colcon_core.shell:Skip shell extension 'dsv' for command environment
[2.513s] DEBUG:colcon.colcon_core.event_handler.log_command:Invoking command in '/home/kcm/ros2_ws/src/py_pubsub': PYTHONPATH=/home/kcm/ros2_ws/build/py_pubsub/prefix_override:/home/kcm/ros2_ws/install/py_pubsub/lib/python3.10/site-packages:${PYTHONPATH} /usr/bin/python3 -W ignore:setup.py install is deprecated setup.py egg_info --egg-base ../../build/py_pubsub build --build-base /home/kcm/ros2_ws/build/py_pubsub/build install --record /home/kcm/ros2_ws/build/py_pubsub/install.log --single-version-externally-managed install_data
[2.864s] Level 1:colcon.colcon_core.environment:checking '/home/kcm/ros2_ws/install/py_pubsub' for CMake module files
[2.866s] Level 1:colcon.colcon_core.environment:checking '/home/kcm/ros2_ws/install/py_pubsub' for CMake config files
[2.865s] DEBUG:colcon.colcon_core.event_handler.log_command:Invoked command in '/home/kcm/ros2_ws/src/py_pubsub' returned '0': PYTHONPATH=/home/kcm/ros2_ws/build/py_pubsub/prefix_override:/home/kcm/ros2_ws/install/py_pubsub/lib/python3.10/site-packages:${PYTHONPATH} /usr/bin/python3 -W ignore:setup.py install is deprecated setup.py egg_info --egg-base ../../build/py_pubsub build --build-base /home/kcm/ros2_ws/build/py_pubsub/build install --record /home/kcm/ros2_ws/build/py_pubsub/install.log --single-version-externally-managed install_data
[2.867s] Level 1:colcon.colcon_core.environment:checking '/home/kcm/ros2_ws/install/py_pubsub/lib'
[2.867s] Level 1:colcon.colcon_core.environment:checking '/home/kcm/ros2_ws/install/py_pubsub/bin'
[2.867s] Level 1:colcon.colcon_core.environment:checking '/home/kcm/ros2_ws/install/py_pubsub/lib/pkgconfig/py_pubsub.pc'
[2.868s] Level 1:colcon.colcon_core.environment:checking '/home/kcm/ros2_ws/install/py_pubsub/lib/python3.10/site-packages'
[2.868s] Level 1:colcon.colcon_core.shell:create_environment_hook('py_pubsub', 'pythonpath')
[2.869s] INFO:colcon.colcon_core.shell:Creating environment hook '/home/kcm/ros2_ws/install/py_pubsub/share/py_pubsub/hook/pythonpath.ps1'
[2.870s] INFO:colcon.colcon_core.shell:Creating environment descriptor '/home/kcm/ros2_ws/install/py_pubsub/share/py_pubsub/hook/pythonpath.dsv'
[2.872s] INFO:colcon.colcon_core.shell:Creating environment hook '/home/kcm/ros2_ws/install/py_pubsub/share/py_pubsub/hook/pythonpath.sh'
[2.876s] Level 1:colcon.colcon_core.environment:checking '/home/kcm/ros2_ws/install/py_pubsub/bin'
[2.876s] Level 1:colcon.colcon_core.environment:create_environment_scripts_only(py_pubsub)
[2.877s] INFO:colcon.colcon_core.shell:Creating package script '/home/kcm/ros2_ws/install/py_pubsub/share/py_pubsub/package.ps1'
[2.878s] INFO:colcon.colcon_core.shell:Creating package descriptor '/home/kcm/ros2_ws/install/py_pubsub/share/py_pubsub/package.dsv'
[2.879s] INFO:colcon.colcon_core.shell:Creating package script '/home/kcm/ros2_ws/install/py_pubsub/share/py_pubsub/package.sh'
[2.880s] INFO:colcon.colcon_core.shell:Creating package script '/home/kcm/ros2_ws/install/py_pubsub/share/py_pubsub/package.bash'
[2.881s] INFO:colcon.colcon_core.shell:Creating package script '/home/kcm/ros2_ws/install/py_pubsub/share/py_pubsub/package.zsh'
[2.881s] Level 1:colcon.colcon_core.environment:create_file_with_runtime_dependencies(/home/kcm/ros2_ws/install/py_pubsub/share/colcon-core/packages/py_pubsub)
[2.883s] INFO:colcon.colcon_ros.task.ament_python.build:Building ROS package in '/home/kcm/ros2_ws/src/py_srvcli' with build type 'ament_python'
[2.883s] Level 1:colcon.colcon_core.shell:create_environment_hook('py_srvcli', 'ament_prefix_path')
[2.884s] INFO:colcon.colcon_core.shell:Creating environment hook '/home/kcm/ros2_ws/install/py_srvcli/share/py_srvcli/hook/ament_prefix_path.ps1'
[2.884s] INFO:colcon.colcon_core.shell:Creating environment descriptor '/home/kcm/ros2_ws/install/py_srvcli/share/py_srvcli/hook/ament_prefix_path.dsv'
[2.885s] INFO:colcon.colcon_core.shell:Creating environment hook '/home/kcm/ros2_ws/install/py_srvcli/share/py_srvcli/hook/ament_prefix_path.sh'
[2.886s] INFO:colcon.colcon_core.shell:Skip shell extension 'powershell' for command environment: Not usable outside of PowerShell
[2.886s] DEBUG:colcon.colcon_core.shell:Skip shell extension 'dsv' for command environment
[3.308s] INFO:colcon.colcon_core.task.python.build:Building Python package in '/home/kcm/ros2_ws/src/py_srvcli'
[3.309s] INFO:colcon.colcon_core.shell:Skip shell extension 'powershell' for command environment: Not usable outside of PowerShell
[3.309s] DEBUG:colcon.colcon_core.shell:Skip shell extension 'dsv' for command environment
[3.734s] DEBUG:colcon.colcon_core.event_handler.log_command:Invoking command in '/home/kcm/ros2_ws/src/py_srvcli': PYTHONPATH=/home/kcm/ros2_ws/build/py_srvcli/prefix_override:/home/kcm/ros2_ws/install/py_srvcli/lib/python3.10/site-packages:${PYTHONPATH} /usr/bin/python3 -W ignore:setup.py install is deprecated setup.py egg_info --egg-base ../../build/py_srvcli build --build-base /home/kcm/ros2_ws/build/py_srvcli/build install --record /home/kcm/ros2_ws/build/py_srvcli/install.log --single-version-externally-managed install_data
[4.087s] Level 1:colcon.colcon_core.environment:checking '/home/kcm/ros2_ws/install/py_srvcli' for CMake module files
[4.088s] DEBUG:colcon.colcon_core.event_handler.log_command:Invoked command in '/home/kcm/ros2_ws/src/py_srvcli' returned '0': PYTHONPATH=/home/kcm/ros2_ws/build/py_srvcli/prefix_override:/home/kcm/ros2_ws/install/py_srvcli/lib/python3.10/site-packages:${PYTHONPATH} /usr/bin/python3 -W ignore:setup.py install is deprecated setup.py egg_info --egg-base ../../build/py_srvcli build --build-base /home/kcm/ros2_ws/build/py_srvcli/build install --record /home/kcm/ros2_ws/build/py_srvcli/install.log --single-version-externally-managed install_data
[4.088s] Level 1:colcon.colcon_core.environment:checking '/home/kcm/ros2_ws/install/py_srvcli' for CMake config files
[4.089s] Level 1:colcon.colcon_core.environment:checking '/home/kcm/ros2_ws/install/py_srvcli/lib'
[4.089s] Level 1:colcon.colcon_core.environment:checking '/home/kcm/ros2_ws/install/py_srvcli/bin'
[4.089s] Level 1:colcon.colcon_core.environment:checking '/home/kcm/ros2_ws/install/py_srvcli/lib/pkgconfig/py_srvcli.pc'
[4.089s] Level 1:colcon.colcon_core.environment:checking '/home/kcm/ros2_ws/install/py_srvcli/lib/python3.10/site-packages'
[4.089s] Level 1:colcon.colcon_core.shell:create_environment_hook('py_srvcli', 'pythonpath')
[4.090s] INFO:colcon.colcon_core.shell:Creating environment hook '/home/kcm/ros2_ws/install/py_srvcli/share/py_srvcli/hook/pythonpath.ps1'
[4.091s] INFO:colcon.colcon_core.shell:Creating environment descriptor '/home/kcm/ros2_ws/install/py_srvcli/share/py_srvcli/hook/pythonpath.dsv'
[4.091s] INFO:colcon.colcon_core.shell:Creating environment hook '/home/kcm/ros2_ws/install/py_srvcli/share/py_srvcli/hook/pythonpath.sh'
[4.092s] Level 1:colcon.colcon_core.environment:checking '/home/kcm/ros2_ws/install/py_srvcli/bin'
[4.092s] Level 1:colcon.colcon_core.environment:create_environment_scripts_only(py_srvcli)
[4.093s] INFO:colcon.colcon_core.shell:Creating package script '/home/kcm/ros2_ws/install/py_srvcli/share/py_srvcli/package.ps1'
[4.093s] INFO:colcon.colcon_core.shell:Creating package descriptor '/home/kcm/ros2_ws/install/py_srvcli/share/py_srvcli/package.dsv'
[4.094s] INFO:colcon.colcon_core.shell:Creating package script '/home/kcm/ros2_ws/install/py_srvcli/share/py_srvcli/package.sh'
[4.095s] INFO:colcon.colcon_core.shell:Creating package script '/home/kcm/ros2_ws/install/py_srvcli/share/py_srvcli/package.bash'
[4.095s] INFO:colcon.colcon_core.shell:Creating package script '/home/kcm/ros2_ws/install/py_srvcli/share/py_srvcli/package.zsh'
[4.096s] Level 1:colcon.colcon_core.environment:create_file_with_runtime_dependencies(/home/kcm/ros2_ws/install/py_srvcli/share/colcon-core/packages/py_srvcli)
[4.098s] INFO:colcon.colcon_ros.task.ament_cmake.build:Building ROS package in '/home/kcm/ros2_ws/src/tutorial_interfaces' with build type 'ament_cmake'
[4.098s] INFO:colcon.colcon_cmake.task.cmake.build:Building CMake package in '/home/kcm/ros2_ws/src/tutorial_interfaces'
[4.098s] INFO:colcon.colcon_core.shell:Skip shell extension 'powershell' for command environment: Not usable outside of PowerShell
[4.098s] DEBUG:colcon.colcon_core.shell:Skip shell extension 'dsv' for command environment
[4.106s] DEBUG:colcon.colcon_core.event_handler.log_command:Invoking command in '/home/kcm/ros2_ws/build/tutorial_interfaces': CMAKE_PREFIX_PATH=/home/kcm/ros2_ws/install/py_srvcli:/home/kcm/ros2_ws/install/py_pubsub:/home/kcm/ros2_ws/install/py_ps:/home/kcm/ros2_ws/install/my_package:/opt/ros/humble /usr/bin/cmake /home/kcm/ros2_ws/src/tutorial_interfaces -DCMAKE_INSTALL_PREFIX=/home/kcm/ros2_ws/install/tutorial_interfaces
[4.150s] DEBUG:colcon.colcon_core.event_handler.log_command:Invoked command in '/home/kcm/ros2_ws/build/tutorial_interfaces' returned '1': CMAKE_PREFIX_PATH=/home/kcm/ros2_ws/install/py_srvcli:/home/kcm/ros2_ws/install/py_pubsub:/home/kcm/ros2_ws/install/py_ps:/home/kcm/ros2_ws/install/my_package:/opt/ros/humble /usr/bin/cmake /home/kcm/ros2_ws/src/tutorial_interfaces -DCMAKE_INSTALL_PREFIX=/home/kcm/ros2_ws/install/tutorial_interfaces
[4.172s] Level 1:colcon.colcon_core.environment:create_environment_scripts_only(tutorial_interfaces)
[4.173s] Level 1:colcon.colcon_core.environment:checking '/home/kcm/ros2_ws/install/tutorial_interfaces' for CMake module files
[4.173s] Level 1:colcon.colcon_core.environment:checking '/home/kcm/ros2_ws/install/tutorial_interfaces' for CMake config files
[4.173s] Level 1:colcon.colcon_core.environment:checking '/home/kcm/ros2_ws/install/tutorial_interfaces/bin'
[4.173s] Level 1:colcon.colcon_core.environment:checking '/home/kcm/ros2_ws/install/tutorial_interfaces/lib/pkgconfig/tutorial_interfaces.pc'
[4.174s] Level 1:colcon.colcon_core.environment:checking '/home/kcm/ros2_ws/install/tutorial_interfaces/lib/python3.10/site-packages'
[4.174s] Level 1:colcon.colcon_core.environment:checking '/home/kcm/ros2_ws/install/tutorial_interfaces/bin'
[4.176s] INFO:colcon.colcon_core.shell:Creating package script '/home/kcm/ros2_ws/install/tutorial_interfaces/share/tutorial_interfaces/package.ps1'
[4.177s] INFO:colcon.colcon_core.shell:Creating package descriptor '/home/kcm/ros2_ws/install/tutorial_interfaces/share/tutorial_interfaces/package.dsv'
[4.177s] INFO:colcon.colcon_core.shell:Creating package script '/home/kcm/ros2_ws/install/tutorial_interfaces/share/tutorial_interfaces/package.sh'
[4.178s] INFO:colcon.colcon_core.shell:Creating package script '/home/kcm/ros2_ws/install/tutorial_interfaces/share/tutorial_interfaces/package.bash'
[4.178s] INFO:colcon.colcon_core.shell:Creating package script '/home/kcm/ros2_ws/install/tutorial_interfaces/share/tutorial_interfaces/package.zsh'
[4.180s] Level 1:colcon.colcon_core.environment:create_file_with_runtime_dependencies(/home/kcm/ros2_ws/install/tutorial_interfaces/share/colcon-core/packages/tutorial_interfaces)
[4.182s] DEBUG:colcon.colcon_parallel_executor.executor.parallel:closing loop
[4.182s] DEBUG:colcon.colcon_parallel_executor.executor.parallel:loop closed
[4.183s] DEBUG:colcon.colcon_parallel_executor.executor.parallel:run_until_complete finished with '1'
[4.183s] DEBUG:colcon.colcon_core.event_reactor:joining thread
[4.193s] INFO:colcon.colcon_core.plugin_system:Skipping extension 'colcon_notification.desktop_notification.terminal_notifier': Not used on non-Darwin systems
[4.195s] INFO:colcon.colcon_core.plugin_system:Skipping extension 'colcon_notification.desktop_notification.win32': Not used on non-Windows systems
[4.196s] INFO:colcon.colcon_notification.desktop_notification:Sending desktop notification using 'notify2'
[4.227s] DEBUG:colcon.colcon_core.event_reactor:joined thread
[4.228s] INFO:colcon.colcon_core.shell:Creating prefix script '/home/kcm/ros2_ws/install/local_setup.ps1'
[4.230s] INFO:colcon.colcon_core.shell:Creating prefix util module '/home/kcm/ros2_ws/install/_local_setup_util_ps1.py'
[4.231s] INFO:colcon.colcon_core.shell:Creating prefix chain script '/home/kcm/ros2_ws/install/setup.ps1'
[4.234s] INFO:colcon.colcon_core.shell:Creating prefix script '/home/kcm/ros2_ws/install/local_setup.sh'
[4.235s] INFO:colcon.colcon_core.shell:Creating prefix util module '/home/kcm/ros2_ws/install/_local_setup_util_sh.py'
[4.236s] INFO:colcon.colcon_core.shell:Creating prefix chain script '/home/kcm/ros2_ws/install/setup.sh'
[4.241s] INFO:colcon.colcon_core.shell:Creating prefix script '/home/kcm/ros2_ws/install/local_setup.bash'
[4.242s] INFO:colcon.colcon_core.shell:Creating prefix chain script '/home/kcm/ros2_ws/install/setup.bash'
[4.248s] INFO:colcon.colcon_core.shell:Creating prefix script '/home/kcm/ros2_ws/install/local_setup.zsh'
[4.249s] INFO:colcon.colcon_core.shell:Creating prefix chain script '/home/kcm/ros2_ws/install/setup.zsh'
