[0.905s] Invoking command in '/home/kcm/ros2_ws/src/py_srvcli': PYTHONPATH=/home/kcm/ros2_ws/build/py_srvcli/prefix_override:/home/kcm/ros2_ws/install/py_srvcli/lib/python3.10/site-packages:${PYTHONPATH} /usr/bin/python3 -W ignore:setup.py install is deprecated setup.py egg_info --egg-base ../../build/py_srvcli build --build-base /home/kcm/ros2_ws/build/py_srvcli/build install --record /home/kcm/ros2_ws/build/py_srvcli/install.log --single-version-externally-managed install_data
[1.156s] running egg_info
[1.157s] writing ../../build/py_srvcli/py_srvcli.egg-info/PKG-INFO
[1.157s] writing dependency_links to ../../build/py_srvcli/py_srvcli.egg-info/dependency_links.txt
[1.158s] writing entry points to ../../build/py_srvcli/py_srvcli.egg-info/entry_points.txt
[1.158s] writing requirements to ../../build/py_srvcli/py_srvcli.egg-info/requires.txt
[1.158s] writing top-level names to ../../build/py_srvcli/py_srvcli.egg-info/top_level.txt
[1.160s] reading manifest file '../../build/py_srvcli/py_srvcli.egg-info/SOURCES.txt'
[1.161s] writing manifest file '../../build/py_srvcli/py_srvcli.egg-info/SOURCES.txt'
[1.161s] running build
[1.161s] running build_py
[1.162s] running install
[1.162s] running install_lib
[1.163s] running install_data
[1.163s] running install_egg_info
[1.165s] removing '/home/kcm/ros2_ws/install/py_srvcli/lib/python3.10/site-packages/py_srvcli-0.0.0-py3.10.egg-info' (and everything under it)
[1.165s] Copying ../../build/py_srvcli/py_srvcli.egg-info to /home/kcm/ros2_ws/install/py_srvcli/lib/python3.10/site-packages/py_srvcli-0.0.0-py3.10.egg-info
[1.166s] running install_scripts
[1.191s] Installing client script to /home/kcm/ros2_ws/install/py_srvcli/lib/py_srvcli
[1.191s] Installing service script to /home/kcm/ros2_ws/install/py_srvcli/lib/py_srvcli
[1.192s] writing list of installed files to '/home/kcm/ros2_ws/build/py_srvcli/install.log'
[1.224s] Invoked command in '/home/kcm/ros2_ws/src/py_srvcli' returned '0': PYTHONPATH=/home/kcm/ros2_ws/build/py_srvcli/prefix_override:/home/kcm/ros2_ws/install/py_srvcli/lib/python3.10/site-packages:${PYTHONPATH} /usr/bin/python3 -W ignore:setup.py install is deprecated setup.py egg_info --egg-base ../../build/py_srvcli build --build-base /home/kcm/ros2_ws/build/py_srvcli/build install --record /home/kcm/ros2_ws/build/py_srvcli/install.log --single-version-externally-managed install_data
