[0.887s] Invoking command in '/home/kcm/ros2_ws/src/py_pubsub': PYTHONPATH=/home/kcm/ros2_ws/build/py_pubsub/prefix_override:/home/kcm/ros2_ws/install/py_pubsub/lib/python3.10/site-packages:${PYTHONPATH} /usr/bin/python3 -W ignore:setup.py install is deprecated setup.py egg_info --egg-base ../../build/py_pubsub build --build-base /home/kcm/ros2_ws/build/py_pubsub/build install --record /home/kcm/ros2_ws/build/py_pubsub/install.log --single-version-externally-managed install_data
[1.141s] running egg_info
[1.142s] writing ../../build/py_pubsub/py_pubsub.egg-info/PKG-INFO
[1.144s] writing dependency_links to ../../build/py_pubsub/py_pubsub.egg-info/dependency_links.txt
[1.145s] writing entry points to ../../build/py_pubsub/py_pubsub.egg-info/entry_points.txt
[1.146s] writing requirements to ../../build/py_pubsub/py_pubsub.egg-info/requires.txt
[1.147s] writing top-level names to ../../build/py_pubsub/py_pubsub.egg-info/top_level.txt
[1.150s] reading manifest file '../../build/py_pubsub/py_pubsub.egg-info/SOURCES.txt'
[1.151s] writing manifest file '../../build/py_pubsub/py_pubsub.egg-info/SOURCES.txt'
[1.161s] running build
[1.162s] running build_py
[1.163s] copying py_pubsub/publisher_member_function.py -> /home/kcm/ros2_ws/build/py_pubsub/build/lib/py_pubsub
[1.164s] running install
[1.164s] running install_lib
[1.166s] copying /home/kcm/ros2_ws/build/py_pubsub/build/lib/py_pubsub/publisher_member_function.py -> /home/kcm/ros2_ws/install/py_pubsub/lib/python3.10/site-packages/py_pubsub
[1.169s] byte-compiling /home/kcm/ros2_ws/install/py_pubsub/lib/python3.10/site-packages/py_pubsub/publisher_member_function.py to publisher_member_function.cpython-310.pyc
[1.171s] running install_data
[1.177s] running install_egg_info
[1.180s] removing '/home/kcm/ros2_ws/install/py_pubsub/lib/python3.10/site-packages/py_pubsub-0.0.0-py3.10.egg-info' (and everything under it)
[1.189s] Copying ../../build/py_pubsub/py_pubsub.egg-info to /home/kcm/ros2_ws/install/py_pubsub/lib/python3.10/site-packages/py_pubsub-0.0.0-py3.10.egg-info
[1.196s] running install_scripts
[1.218s] Installing talker script to /home/kcm/ros2_ws/install/py_pubsub/lib/py_pubsub
[1.232s] writing list of installed files to '/home/kcm/ros2_ws/build/py_pubsub/install.log'
[1.293s] Invoked command in '/home/kcm/ros2_ws/src/py_pubsub' returned '0': PYTHONPATH=/home/kcm/ros2_ws/build/py_pubsub/prefix_override:/home/kcm/ros2_ws/install/py_pubsub/lib/python3.10/site-packages:${PYTHONPATH} /usr/bin/python3 -W ignore:setup.py install is deprecated setup.py egg_info --egg-base ../../build/py_pubsub build --build-base /home/kcm/ros2_ws/build/py_pubsub/build install --record /home/kcm/ros2_ws/build/py_pubsub/install.log --single-version-externally-managed install_data
