[0.940s] Invoking command in '/home/kcm/ros2_ws/src/my_package': PYTHONPATH=/home/kcm/ros2_ws/build/my_package/prefix_override:/home/kcm/ros2_ws/install/my_package/lib/python3.10/site-packages:${PYTHONPATH} /usr/bin/python3 -W ignore:setup.py install is deprecated setup.py egg_info --egg-base ../../build/my_package build --build-base /home/kcm/ros2_ws/build/my_package/build install --record /home/kcm/ros2_ws/build/my_package/install.log --single-version-externally-managed install_data
[1.178s] running egg_info
[1.180s] writing ../../build/my_package/my_package.egg-info/PKG-INFO
[1.181s] writing dependency_links to ../../build/my_package/my_package.egg-info/dependency_links.txt
[1.181s] writing entry points to ../../build/my_package/my_package.egg-info/entry_points.txt
[1.182s] writing requirements to ../../build/my_package/my_package.egg-info/requires.txt
[1.183s] writing top-level names to ../../build/my_package/my_package.egg-info/top_level.txt
[1.185s] reading manifest file '../../build/my_package/my_package.egg-info/SOURCES.txt'
[1.186s] writing manifest file '../../build/my_package/my_package.egg-info/SOURCES.txt'
[1.187s] running build
[1.187s] running build_py
[1.188s] copying my_package/my_node.py -> /home/kcm/ros2_ws/build/my_package/build/lib/my_package
[1.189s] running install
[1.189s] running install_lib
[1.191s] copying /home/kcm/ros2_ws/build/my_package/build/lib/my_package/my_node.py -> /home/kcm/ros2_ws/install/my_package/lib/python3.10/site-packages/my_package
[1.192s] byte-compiling /home/kcm/ros2_ws/install/my_package/lib/python3.10/site-packages/my_package/my_node.py to my_node.cpython-310.pyc
[1.193s] running install_data
[1.193s] running install_egg_info
[1.195s] removing '/home/kcm/ros2_ws/install/my_package/lib/python3.10/site-packages/my_package-0.0.0-py3.10.egg-info' (and everything under it)
[1.196s] Copying ../../build/my_package/my_package.egg-info to /home/kcm/ros2_ws/install/my_package/lib/python3.10/site-packages/my_package-0.0.0-py3.10.egg-info
[1.197s] running install_scripts
[1.233s] Installing my_node script to /home/kcm/ros2_ws/install/my_package/lib/my_package
[1.234s] writing list of installed files to '/home/kcm/ros2_ws/build/my_package/install.log'
[1.263s] Invoked command in '/home/kcm/ros2_ws/src/my_package' returned '0': PYTHONPATH=/home/kcm/ros2_ws/build/my_package/prefix_override:/home/kcm/ros2_ws/install/my_package/lib/python3.10/site-packages:${PYTHONPATH} /usr/bin/python3 -W ignore:setup.py install is deprecated setup.py egg_info --egg-base ../../build/my_package build --build-base /home/kcm/ros2_ws/build/my_package/build install --record /home/kcm/ros2_ws/build/my_package/install.log --single-version-externally-managed install_data
