[1.015s] Invoking command in '/home/kcm/ros2_ws/src/py_pubsub': PYTHONPATH=/home/kcm/ros2_ws/build/py_pubsub/prefix_override:/home/kcm/ros2_ws/install/py_pubsub/lib/python3.10/site-packages:${PYTHONPATH} /usr/bin/python3 -W ignore:setup.py install is deprecated setup.py egg_info --egg-base ../../build/py_pubsub build --build-base /home/kcm/ros2_ws/build/py_pubsub/build install --record /home/kcm/ros2_ws/build/py_pubsub/install.log --single-version-externally-managed install_data
[1.289s] running egg_info
[1.292s] writing ../../build/py_pubsub/py_pubsub.egg-info/PKG-INFO
[1.294s] writing dependency_links to ../../build/py_pubsub/py_pubsub.egg-info/dependency_links.txt
[1.295s] writing entry points to ../../build/py_pubsub/py_pubsub.egg-info/entry_points.txt
[1.295s] writing requirements to ../../build/py_pubsub/py_pubsub.egg-info/requires.txt
[1.296s] writing top-level names to ../../build/py_pubsub/py_pubsub.egg-info/top_level.txt
[1.298s] reading manifest file '../../build/py_pubsub/py_pubsub.egg-info/SOURCES.txt'
[1.299s] writing manifest file '../../build/py_pubsub/py_pubsub.egg-info/SOURCES.txt'
[1.300s] running build
[1.301s] running build_py
[1.301s] copying py_pubsub/test.py -> /home/kcm/ros2_ws/build/py_pubsub/build/lib/py_pubsub
[1.303s] running install
[1.304s] running install_lib
[1.305s] copying /home/kcm/ros2_ws/build/py_pubsub/build/lib/py_pubsub/test.py -> /home/kcm/ros2_ws/install/py_pubsub/lib/python3.10/site-packages/py_pubsub
[1.308s] byte-compiling /home/kcm/ros2_ws/install/py_pubsub/lib/python3.10/site-packages/py_pubsub/test.py to test.cpython-310.pyc
[1.310s] running install_data
[1.311s] running install_egg_info
[1.313s] removing '/home/kcm/ros2_ws/install/py_pubsub/lib/python3.10/site-packages/py_pubsub-0.0.0-py3.10.egg-info' (and everything under it)
[1.321s] Copying ../../build/py_pubsub/py_pubsub.egg-info to /home/kcm/ros2_ws/install/py_pubsub/lib/python3.10/site-packages/py_pubsub-0.0.0-py3.10.egg-info
[1.334s] running install_scripts
[1.383s] Installing listener script to /home/kcm/ros2_ws/install/py_pubsub/lib/py_pubsub
[1.384s] Installing talker script to /home/kcm/ros2_ws/install/py_pubsub/lib/py_pubsub
[1.385s] Installing test script to /home/kcm/ros2_ws/install/py_pubsub/lib/py_pubsub
[1.386s] writing list of installed files to '/home/kcm/ros2_ws/build/py_pubsub/install.log'
[1.409s] Invoked command in '/home/kcm/ros2_ws/src/py_pubsub' returned '0': PYTHONPATH=/home/kcm/ros2_ws/build/py_pubsub/prefix_override:/home/kcm/ros2_ws/install/py_pubsub/lib/python3.10/site-packages:${PYTHONPATH} /usr/bin/python3 -W ignore:setup.py install is deprecated setup.py egg_info --egg-base ../../build/py_pubsub build --build-base /home/kcm/ros2_ws/build/py_pubsub/build install --record /home/kcm/ros2_ws/build/py_pubsub/install.log --single-version-externally-managed install_data
