[1.322s] Invoking command in '/home/kcm/ros2_ws/src/py_pubsub': PYTHONPATH=/home/kcm/ros2_ws/build/py_pubsub/prefix_override:/home/kcm/ros2_ws/install/py_pubsub/lib/python3.10/site-packages:${PYTHONPATH} /usr/bin/python3 -W ignore:setup.py install is deprecated setup.py egg_info --egg-base ../../build/py_pubsub build --build-base /home/kcm/ros2_ws/build/py_pubsub/build install --record /home/kcm/ros2_ws/build/py_pubsub/install.log --single-version-externally-managed install_data
[1.666s] running egg_info
[1.667s] writing ../../build/py_pubsub/py_pubsub.egg-info/PKG-INFO
[1.669s] writing dependency_links to ../../build/py_pubsub/py_pubsub.egg-info/dependency_links.txt
[1.669s] writing entry points to ../../build/py_pubsub/py_pubsub.egg-info/entry_points.txt
[1.670s] writing requirements to ../../build/py_pubsub/py_pubsub.egg-info/requires.txt
[1.670s] writing top-level names to ../../build/py_pubsub/py_pubsub.egg-info/top_level.txt
[1.673s] reading manifest file '../../build/py_pubsub/py_pubsub.egg-info/SOURCES.txt'
[1.674s] writing manifest file '../../build/py_pubsub/py_pubsub.egg-info/SOURCES.txt'
[1.675s] running build
[1.675s] running build_py
[1.677s] copying py_pubsub/subscriber_member_function.py -> /home/kcm/ros2_ws/build/py_pubsub/build/lib/py_pubsub
[1.678s] running install
[1.678s] running install_lib
[1.680s] copying /home/kcm/ros2_ws/build/py_pubsub/build/lib/py_pubsub/subscriber_member_function.py -> /home/kcm/ros2_ws/install/py_pubsub/lib/python3.10/site-packages/py_pubsub
[1.682s] byte-compiling /home/kcm/ros2_ws/install/py_pubsub/lib/python3.10/site-packages/py_pubsub/subscriber_member_function.py to subscriber_member_function.cpython-310.pyc
[1.700s] running install_data
[1.701s] running install_egg_info
[1.703s] removing '/home/kcm/ros2_ws/install/py_pubsub/lib/python3.10/site-packages/py_pubsub-0.0.0-py3.10.egg-info' (and everything under it)
[1.710s] Copying ../../build/py_pubsub/py_pubsub.egg-info to /home/kcm/ros2_ws/install/py_pubsub/lib/python3.10/site-packages/py_pubsub-0.0.0-py3.10.egg-info
[1.733s] running install_scripts
[1.739s] Installing listener script to /home/kcm/ros2_ws/install/py_pubsub/lib/py_pubsub
[1.741s] Installing talker script to /home/kcm/ros2_ws/install/py_pubsub/lib/py_pubsub
[1.743s] writing list of installed files to '/home/kcm/ros2_ws/build/py_pubsub/install.log'
[1.816s] Invoked command in '/home/kcm/ros2_ws/src/py_pubsub' returned '0': PYTHONPATH=/home/kcm/ros2_ws/build/py_pubsub/prefix_override:/home/kcm/ros2_ws/install/py_pubsub/lib/python3.10/site-packages:${PYTHONPATH} /usr/bin/python3 -W ignore:setup.py install is deprecated setup.py egg_info --egg-base ../../build/py_pubsub build --build-base /home/kcm/ros2_ws/build/py_pubsub/build install --record /home/kcm/ros2_ws/build/py_pubsub/install.log --single-version-externally-managed install_data
