[1.605s] Invoking command in '/home/kcm/ros2_ws/src/my_package': PYTHONPATH=/home/kcm/ros2_ws/build/my_package/prefix_override:/home/kcm/ros2_ws/install/my_package/lib/python3.10/site-packages:${PYTHONPATH} /usr/bin/python3 -W ignore:setup.py install is deprecated setup.py egg_info --egg-base ../../build/my_package build --build-base /home/kcm/ros2_ws/build/my_package/build install --record /home/kcm/ros2_ws/build/my_package/install.log --single-version-externally-managed install_data
[2.111s] running egg_info
[2.111s] creating ../../build/my_package/my_package.egg-info
[2.112s] writing ../../build/my_package/my_package.egg-info/PKG-INFO
[2.112s] writing dependency_links to ../../build/my_package/my_package.egg-info/dependency_links.txt
[2.112s] writing entry points to ../../build/my_package/my_package.egg-info/entry_points.txt
[2.113s] writing requirements to ../../build/my_package/my_package.egg-info/requires.txt
[2.113s] writing top-level names to ../../build/my_package/my_package.egg-info/top_level.txt
[2.113s] writing manifest file '../../build/my_package/my_package.egg-info/SOURCES.txt'
[2.115s] reading manifest file '../../build/my_package/my_package.egg-info/SOURCES.txt'
[2.117s] writing manifest file '../../build/my_package/my_package.egg-info/SOURCES.txt'
[2.118s] running build
[2.118s] running build_py
[2.118s] creating /home/kcm/ros2_ws/build/my_package/build
[2.119s] creating /home/kcm/ros2_ws/build/my_package/build/lib
[2.119s] creating /home/kcm/ros2_ws/build/my_package/build/lib/my_package
[2.121s] copying my_package/__init__.py -> /home/kcm/ros2_ws/build/my_package/build/lib/my_package
[2.122s] copying my_package/my_node.py -> /home/kcm/ros2_ws/build/my_package/build/lib/my_package
[2.123s] running install
[2.123s] running install_lib
[2.126s] creating /home/kcm/ros2_ws/install/my_package/lib/python3.10/site-packages/my_package
[2.127s] copying /home/kcm/ros2_ws/build/my_package/build/lib/my_package/__init__.py -> /home/kcm/ros2_ws/install/my_package/lib/python3.10/site-packages/my_package
[2.129s] copying /home/kcm/ros2_ws/build/my_package/build/lib/my_package/my_node.py -> /home/kcm/ros2_ws/install/my_package/lib/python3.10/site-packages/my_package
[2.130s] byte-compiling /home/kcm/ros2_ws/install/my_package/lib/python3.10/site-packages/my_package/__init__.py to __init__.cpython-310.pyc
[2.131s] byte-compiling /home/kcm/ros2_ws/install/my_package/lib/python3.10/site-packages/my_package/my_node.py to my_node.cpython-310.pyc
[2.132s] running install_data
[2.134s] creating /home/kcm/ros2_ws/install/my_package/share/ament_index
[2.135s] creating /home/kcm/ros2_ws/install/my_package/share/ament_index/resource_index
[2.135s] creating /home/kcm/ros2_ws/install/my_package/share/ament_index/resource_index/packages
[2.135s] copying resource/my_package -> /home/kcm/ros2_ws/install/my_package/share/ament_index/resource_index/packages
[2.135s] copying package.xml -> /home/kcm/ros2_ws/install/my_package/share/my_package
[2.136s] running install_egg_info
[2.158s] Copying ../../build/my_package/my_package.egg-info to /home/kcm/ros2_ws/install/my_package/lib/python3.10/site-packages/my_package-0.0.0-py3.10.egg-info
[2.160s] running install_scripts
[2.202s] Installing my_node script to /home/kcm/ros2_ws/install/my_package/lib/my_package
[2.204s] writing list of installed files to '/home/kcm/ros2_ws/build/my_package/install.log'
[2.268s] Invoked command in '/home/kcm/ros2_ws/src/my_package' returned '0': PYTHONPATH=/home/kcm/ros2_ws/build/my_package/prefix_override:/home/kcm/ros2_ws/install/my_package/lib/python3.10/site-packages:${PYTHONPATH} /usr/bin/python3 -W ignore:setup.py install is deprecated setup.py egg_info --egg-base ../../build/my_package build --build-base /home/kcm/ros2_ws/build/my_package/build install --record /home/kcm/ros2_ws/build/my_package/install.log --single-version-externally-managed install_data
