[1.309s] Invoking command in '/home/kcm/ros2_ws/src/my_package': PYTHONPATH=/home/kcm/ros2_ws/build/my_package/prefix_override:/home/kcm/ros2_ws/install/my_package/lib/python3.10/site-packages:${PYTHONPATH} /usr/bin/python3 -W ignore:setup.py install is deprecated setup.py egg_info --egg-base ../../build/my_package build --build-base /home/kcm/ros2_ws/build/my_package/build install --record /home/kcm/ros2_ws/build/my_package/install.log --single-version-externally-managed install_data
[1.712s] running egg_info
[1.713s] writing ../../build/my_package/my_package.egg-info/PKG-INFO
[1.714s] writing dependency_links to ../../build/my_package/my_package.egg-info/dependency_links.txt
[1.715s] writing entry points to ../../build/my_package/my_package.egg-info/entry_points.txt
[1.715s] writing requirements to ../../build/my_package/my_package.egg-info/requires.txt
[1.715s] writing top-level names to ../../build/my_package/my_package.egg-info/top_level.txt
[1.718s] reading manifest file '../../build/my_package/my_package.egg-info/SOURCES.txt'
[1.719s] writing manifest file '../../build/my_package/my_package.egg-info/SOURCES.txt'
[1.720s] running build
[1.720s] running build_py
[1.720s] running install
[1.738s] running install_lib
[1.740s] running install_data
[1.740s] running install_egg_info
[1.743s] removing '/home/kcm/ros2_ws/install/my_package/lib/python3.10/site-packages/my_package-0.0.0-py3.10.egg-info' (and everything under it)
[1.750s] Copying ../../build/my_package/my_package.egg-info to /home/kcm/ros2_ws/install/my_package/lib/python3.10/site-packages/my_package-0.0.0-py3.10.egg-info
[1.755s] running install_scripts
[1.791s] Installing ellbow script to /home/kcm/ros2_ws/install/my_package/lib/my_package
[1.797s] writing list of installed files to '/home/kcm/ros2_ws/build/my_package/install.log'
[1.875s] Invoked command in '/home/kcm/ros2_ws/src/my_package' returned '0': PYTHONPATH=/home/kcm/ros2_ws/build/my_package/prefix_override:/home/kcm/ros2_ws/install/my_package/lib/python3.10/site-packages:${PYTHONPATH} /usr/bin/python3 -W ignore:setup.py install is deprecated setup.py egg_info --egg-base ../../build/my_package build --build-base /home/kcm/ros2_ws/build/my_package/build install --record /home/kcm/ros2_ws/build/my_package/install.log --single-version-externally-managed install_data
