[1.394s] Invoking command in '/home/kcm/ros2_ws/src/my_package': PYTHONPATH=/home/kcm/ros2_ws/build/my_package/prefix_override:/home/kcm/ros2_ws/install/my_package/lib/python3.10/site-packages:${PYTHONPATH} /usr/bin/python3 -W ignore:setup.py install is deprecated setup.py egg_info --egg-base ../../build/my_package build --build-base /home/kcm/ros2_ws/build/my_package/build install --record /home/kcm/ros2_ws/build/my_package/install.log --single-version-externally-managed install_data
[1.905s] running egg_info
[1.907s] writing ../../build/my_package/my_package.egg-info/PKG-INFO
[1.909s] writing dependency_links to ../../build/my_package/my_package.egg-info/dependency_links.txt
[1.909s] writing entry points to ../../build/my_package/my_package.egg-info/entry_points.txt
[1.910s] writing requirements to ../../build/my_package/my_package.egg-info/requires.txt
[1.911s] writing top-level names to ../../build/my_package/my_package.egg-info/top_level.txt
[1.914s] reading manifest file '../../build/my_package/my_package.egg-info/SOURCES.txt'
[1.917s] writing manifest file '../../build/my_package/my_package.egg-info/SOURCES.txt'
[1.918s] running build
[1.918s] running build_py
[1.919s] running install
[1.920s] running install_lib
[1.923s] running install_data
[1.923s] running install_egg_info
[1.927s] removing '/home/kcm/ros2_ws/install/my_package/lib/python3.10/site-packages/my_package-0.0.0-py3.10.egg-info' (and everything under it)
[1.936s] Copying ../../build/my_package/my_package.egg-info to /home/kcm/ros2_ws/install/my_package/lib/python3.10/site-packages/my_package-0.0.0-py3.10.egg-info
[1.942s] running install_scripts
[1.990s] Installing ellbow script to /home/kcm/ros2_ws/install/my_package/lib/my_package
[1.991s] writing list of installed files to '/home/kcm/ros2_ws/build/my_package/install.log'
[2.044s] Invoked command in '/home/kcm/ros2_ws/src/my_package' returned '0': PYTHONPATH=/home/kcm/ros2_ws/build/my_package/prefix_override:/home/kcm/ros2_ws/install/my_package/lib/python3.10/site-packages:${PYTHONPATH} /usr/bin/python3 -W ignore:setup.py install is deprecated setup.py egg_info --egg-base ../../build/my_package build --build-base /home/kcm/ros2_ws/build/my_package/build install --record /home/kcm/ros2_ws/build/my_package/install.log --single-version-externally-managed install_data
