[0.991s] Invoking command in '/home/kcm/ros2_ws/src/my_package': PYTHONPATH=/home/kcm/ros2_ws/build/my_package/prefix_override:/home/kcm/ros2_ws/install/my_package/lib/python3.10/site-packages:${PYTHONPATH} /usr/bin/python3 -W ignore:setup.py install is deprecated setup.py egg_info --egg-base ../../build/my_package build --build-base /home/kcm/ros2_ws/build/my_package/build install --record /home/kcm/ros2_ws/build/my_package/install.log --single-version-externally-managed install_data
[1.280s] running egg_info
[1.281s] writing ../../build/my_package/my_package.egg-info/PKG-INFO
[1.282s] writing dependency_links to ../../build/my_package/my_package.egg-info/dependency_links.txt
[1.283s] writing entry points to ../../build/my_package/my_package.egg-info/entry_points.txt
[1.284s] writing requirements to ../../build/my_package/my_package.egg-info/requires.txt
[1.285s] writing top-level names to ../../build/my_package/my_package.egg-info/top_level.txt
[1.288s] reading manifest file '../../build/my_package/my_package.egg-info/SOURCES.txt'
[1.289s] writing manifest file '../../build/my_package/my_package.egg-info/SOURCES.txt'
[1.290s] running build
[1.290s] running build_py
[1.291s] running install
[1.292s] running install_lib
[1.295s] running install_data
[1.296s] running install_egg_info
[1.298s] removing '/home/kcm/ros2_ws/install/my_package/lib/python3.10/site-packages/my_package-0.0.0-py3.10.egg-info' (and everything under it)
[1.305s] Copying ../../build/my_package/my_package.egg-info to /home/kcm/ros2_ws/install/my_package/lib/python3.10/site-packages/my_package-0.0.0-py3.10.egg-info
[1.310s] running install_scripts
[1.333s] Installing ellbow script to /home/kcm/ros2_ws/install/my_package/lib/my_package
[1.334s] writing list of installed files to '/home/kcm/ros2_ws/build/my_package/install.log'
[1.356s] Invoked command in '/home/kcm/ros2_ws/src/my_package' returned '0': PYTHONPATH=/home/kcm/ros2_ws/build/my_package/prefix_override:/home/kcm/ros2_ws/install/my_package/lib/python3.10/site-packages:${PYTHONPATH} /usr/bin/python3 -W ignore:setup.py install is deprecated setup.py egg_info --egg-base ../../build/my_package build --build-base /home/kcm/ros2_ws/build/my_package/build install --record /home/kcm/ros2_ws/build/my_package/install.log --single-version-externally-managed install_data
