[1.199s] Invoking command in '/home/kcm/ros2_ws/src/py_pubsub': PYTHONPATH=/home/kcm/ros2_ws/build/py_pubsub/prefix_override:/home/kcm/ros2_ws/install/py_pubsub/lib/python3.10/site-packages:${PYTHONPATH} /usr/bin/python3 -W ignore:setup.py install is deprecated setup.py egg_info --egg-base ../../build/py_pubsub build --build-base /home/kcm/ros2_ws/build/py_pubsub/build install --record /home/kcm/ros2_ws/build/py_pubsub/install.log --single-version-externally-managed install_data
[1.628s] running egg_info
[1.630s] writing ../../build/py_pubsub/py_pubsub.egg-info/PKG-INFO
[1.631s] writing dependency_links to ../../build/py_pubsub/py_pubsub.egg-info/dependency_links.txt
[1.632s] writing entry points to ../../build/py_pubsub/py_pubsub.egg-info/entry_points.txt
[1.633s] writing requirements to ../../build/py_pubsub/py_pubsub.egg-info/requires.txt
[1.634s] writing top-level names to ../../build/py_pubsub/py_pubsub.egg-info/top_level.txt
[1.638s] reading manifest file '../../build/py_pubsub/py_pubsub.egg-info/SOURCES.txt'
[1.649s] writing manifest file '../../build/py_pubsub/py_pubsub.egg-info/SOURCES.txt'
[1.650s] running build
[1.650s] running build_py
[1.651s] copying py_pubsub/test.py -> /home/kcm/ros2_ws/build/py_pubsub/build/lib/py_pubsub
[1.653s] running install
[1.674s] running install_lib
[1.676s] copying /home/kcm/ros2_ws/build/py_pubsub/build/lib/py_pubsub/test.py -> /home/kcm/ros2_ws/install/py_pubsub/lib/python3.10/site-packages/py_pubsub
[1.678s] byte-compiling /home/kcm/ros2_ws/install/py_pubsub/lib/python3.10/site-packages/py_pubsub/test.py to test.cpython-310.pyc
[1.683s] running install_data
[1.684s] running install_egg_info
[1.689s] removing '/home/kcm/ros2_ws/install/py_pubsub/lib/python3.10/site-packages/py_pubsub-0.0.0-py3.10.egg-info' (and everything under it)
[1.696s] Copying ../../build/py_pubsub/py_pubsub.egg-info to /home/kcm/ros2_ws/install/py_pubsub/lib/python3.10/site-packages/py_pubsub-0.0.0-py3.10.egg-info
[1.701s] running install_scripts
[1.731s] Installing listener script to /home/kcm/ros2_ws/install/py_pubsub/lib/py_pubsub
[1.733s] Installing talker script to /home/kcm/ros2_ws/install/py_pubsub/lib/py_pubsub
[1.734s] Installing test script to /home/kcm/ros2_ws/install/py_pubsub/lib/py_pubsub
[1.736s] writing list of installed files to '/home/kcm/ros2_ws/build/py_pubsub/install.log'
[1.783s] Invoked command in '/home/kcm/ros2_ws/src/py_pubsub' returned '0': PYTHONPATH=/home/kcm/ros2_ws/build/py_pubsub/prefix_override:/home/kcm/ros2_ws/install/py_pubsub/lib/python3.10/site-packages:${PYTHONPATH} /usr/bin/python3 -W ignore:setup.py install is deprecated setup.py egg_info --egg-base ../../build/py_pubsub build --build-base /home/kcm/ros2_ws/build/py_pubsub/build install --record /home/kcm/ros2_ws/build/py_pubsub/install.log --single-version-externally-managed install_data
