[0.805s] Invoking command in '/home/kcm/ros2_ws/src/py_ps': PYTHONPATH=/home/kcm/ros2_ws/build/py_ps/prefix_override:/home/kcm/ros2_ws/install/py_ps/lib/python3.10/site-packages:${PYTHONPATH} /usr/bin/python3 -W ignore:setup.py install is deprecated setup.py egg_info --egg-base ../../build/py_ps build --build-base /home/kcm/ros2_ws/build/py_ps/build install --record /home/kcm/ros2_ws/build/py_ps/install.log --single-version-externally-managed install_data
[1.048s] running egg_info
[1.049s] writing ../../build/py_ps/py_ps.egg-info/PKG-INFO
[1.050s] writing dependency_links to ../../build/py_ps/py_ps.egg-info/dependency_links.txt
[1.051s] writing entry points to ../../build/py_ps/py_ps.egg-info/entry_points.txt
[1.054s] writing requirements to ../../build/py_ps/py_ps.egg-info/requires.txt
[1.056s] writing top-level names to ../../build/py_ps/py_ps.egg-info/top_level.txt
[1.068s] reading manifest file '../../build/py_ps/py_ps.egg-info/SOURCES.txt'
[1.073s] writing manifest file '../../build/py_ps/py_ps.egg-info/SOURCES.txt'
[1.075s] running build
[1.076s] running build_py
[1.081s] running install
[1.083s] running install_lib
[1.088s] running install_data
[1.088s] running install_egg_info
[1.091s] removing '/home/kcm/ros2_ws/install/py_ps/lib/python3.10/site-packages/py_ps-0.0.0-py3.10.egg-info' (and everything under it)
[1.097s] Copying ../../build/py_ps/py_ps.egg-info to /home/kcm/ros2_ws/install/py_ps/lib/python3.10/site-packages/py_ps-0.0.0-py3.10.egg-info
[1.114s] running install_scripts
[1.148s] Installing talker script to /home/kcm/ros2_ws/install/py_ps/lib/py_ps
[1.149s] writing list of installed files to '/home/kcm/ros2_ws/build/py_ps/install.log'
[1.181s] Invoked command in '/home/kcm/ros2_ws/src/py_ps' returned '0': PYTHONPATH=/home/kcm/ros2_ws/build/py_ps/prefix_override:/home/kcm/ros2_ws/install/py_ps/lib/python3.10/site-packages:${PYTHONPATH} /usr/bin/python3 -W ignore:setup.py install is deprecated setup.py egg_info --egg-base ../../build/py_ps build --build-base /home/kcm/ros2_ws/build/py_ps/build install --record /home/kcm/ros2_ws/build/py_ps/install.log --single-version-externally-managed install_data
