running egg_info
creating ../../build/py_ps/py_ps.egg-info
writing ../../build/py_ps/py_ps.egg-info/PKG-INFO
writing dependency_links to ../../build/py_ps/py_ps.egg-info/dependency_links.txt
writing entry points to ../../build/py_ps/py_ps.egg-info/entry_points.txt
writing requirements to ../../build/py_ps/py_ps.egg-info/requires.txt
writing top-level names to ../../build/py_ps/py_ps.egg-info/top_level.txt
writing manifest file '../../build/py_ps/py_ps.egg-info/SOURCES.txt'
reading manifest file '../../build/py_ps/py_ps.egg-info/SOURCES.txt'
writing manifest file '../../build/py_ps/py_ps.egg-info/SOURCES.txt'
running build
running build_py
creating /home/kcm/ros2_ws/build/py_ps/build
creating /home/kcm/ros2_ws/build/py_ps/build/lib
creating /home/kcm/ros2_ws/build/py_ps/build/lib/py_ps
copying py_ps/__init__.py -> /home/kcm/ros2_ws/build/py_ps/build/lib/py_ps
copying py_ps/publisher_member_function.py -> /home/kcm/ros2_ws/build/py_ps/build/lib/py_ps
running install
running install_lib
creating /home/kcm/ros2_ws/install/py_ps/lib/python3.10/site-packages/py_ps
copying /home/kcm/ros2_ws/build/py_ps/build/lib/py_ps/__init__.py -> /home/kcm/ros2_ws/install/py_ps/lib/python3.10/site-packages/py_ps
copying /home/kcm/ros2_ws/build/py_ps/build/lib/py_ps/publisher_member_function.py -> /home/kcm/ros2_ws/install/py_ps/lib/python3.10/site-packages/py_ps
byte-compiling /home/kcm/ros2_ws/install/py_ps/lib/python3.10/site-packages/py_ps/__init__.py to __init__.cpython-310.pyc
byte-compiling /home/kcm/ros2_ws/install/py_ps/lib/python3.10/site-packages/py_ps/publisher_member_function.py to publisher_member_function.cpython-310.pyc
running install_data
creating /home/kcm/ros2_ws/install/py_ps/share/ament_index
creating /home/kcm/ros2_ws/install/py_ps/share/ament_index/resource_index
creating /home/kcm/ros2_ws/install/py_ps/share/ament_index/resource_index/packages
copying resource/py_ps -> /home/kcm/ros2_ws/install/py_ps/share/ament_index/resource_index/packages
copying package.xml -> /home/kcm/ros2_ws/install/py_ps/share/py_ps
running install_egg_info
Copying ../../build/py_ps/py_ps.egg-info to /home/kcm/ros2_ws/install/py_ps/lib/python3.10/site-packages/py_ps-0.0.0-py3.10.egg-info
running install_scripts
writing list of installed files to '/home/kcm/ros2_ws/build/py_ps/install.log'
