[1.111s] Invoking command in '/home/kcm/ros2_ws/src/py_pubsub': PYTHONPATH=/home/kcm/ros2_ws/build/py_pubsub/prefix_override:/home/kcm/ros2_ws/install/py_pubsub/lib/python3.10/site-packages:${PYTHONPATH} /usr/bin/python3 -W ignore:setup.py install is deprecated setup.py egg_info --egg-base ../../build/py_pubsub build --build-base /home/kcm/ros2_ws/build/py_pubsub/build install --record /home/kcm/ros2_ws/build/py_pubsub/install.log --single-version-externally-managed install_data
[1.389s] running egg_info
[1.391s] writing ../../build/py_pubsub/py_pubsub.egg-info/PKG-INFO
[1.394s] writing dependency_links to ../../build/py_pubsub/py_pubsub.egg-info/dependency_links.txt
[1.395s] writing entry points to ../../build/py_pubsub/py_pubsub.egg-info/entry_points.txt
[1.396s] writing requirements to ../../build/py_pubsub/py_pubsub.egg-info/requires.txt
[1.397s] writing top-level names to ../../build/py_pubsub/py_pubsub.egg-info/top_level.txt
[1.400s] reading manifest file '../../build/py_pubsub/py_pubsub.egg-info/SOURCES.txt'
[1.402s] writing manifest file '../../build/py_pubsub/py_pubsub.egg-info/SOURCES.txt'
[1.403s] running build
[1.403s] running build_py
[1.404s] copying py_pubsub/publisher_member_function.py -> /home/kcm/ros2_ws/build/py_pubsub/build/lib/py_pubsub
[1.407s] running install
[1.408s] running install_lib
[1.410s] copying /home/kcm/ros2_ws/build/py_pubsub/build/lib/py_pubsub/publisher_member_function.py -> /home/kcm/ros2_ws/install/py_pubsub/lib/python3.10/site-packages/py_pubsub
[1.412s] byte-compiling /home/kcm/ros2_ws/install/py_pubsub/lib/python3.10/site-packages/py_pubsub/publisher_member_function.py to publisher_member_function.cpython-310.pyc
[1.414s] running install_data
[1.415s] running install_egg_info
[1.418s] removing '/home/kcm/ros2_ws/install/py_pubsub/lib/python3.10/site-packages/py_pubsub-0.0.0-py3.10.egg-info' (and everything under it)
[1.429s] Copying ../../build/py_pubsub/py_pubsub.egg-info to /home/kcm/ros2_ws/install/py_pubsub/lib/python3.10/site-packages/py_pubsub-0.0.0-py3.10.egg-info
[1.439s] running install_scripts
[1.456s] Installing knee_3 script to /home/kcm/ros2_ws/install/py_pubsub/lib/py_pubsub
[1.457s] Installing listener script to /home/kcm/ros2_ws/install/py_pubsub/lib/py_pubsub
[1.458s] writing list of installed files to '/home/kcm/ros2_ws/build/py_pubsub/install.log'
[1.492s] Invoked command in '/home/kcm/ros2_ws/src/py_pubsub' returned '0': PYTHONPATH=/home/kcm/ros2_ws/build/py_pubsub/prefix_override:/home/kcm/ros2_ws/install/py_pubsub/lib/python3.10/site-packages:${PYTHONPATH} /usr/bin/python3 -W ignore:setup.py install is deprecated setup.py egg_info --egg-base ../../build/py_pubsub build --build-base /home/kcm/ros2_ws/build/py_pubsub/build install --record /home/kcm/ros2_ws/build/py_pubsub/install.log --single-version-externally-managed install_data
