[0.718s] Invoking command in '/home/kcm/ros2_ws/src/my_package': PYTHONPATH=/home/kcm/ros2_ws/build/my_package/prefix_override:/home/kcm/ros2_ws/install/my_package/lib/python3.10/site-packages:${PYTHONPATH} /usr/bin/python3 -W ignore:setup.py install is deprecated setup.py egg_info --egg-base ../../build/my_package build --build-base /home/kcm/ros2_ws/build/my_package/build install --record /home/kcm/ros2_ws/build/my_package/install.log --single-version-externally-managed install_data
[0.975s] running egg_info
[0.976s] writing ../../build/my_package/my_package.egg-info/PKG-INFO
[0.976s] writing dependency_links to ../../build/my_package/my_package.egg-info/dependency_links.txt
[0.977s] writing entry points to ../../build/my_package/my_package.egg-info/entry_points.txt
[0.977s] writing requirements to ../../build/my_package/my_package.egg-info/requires.txt
[0.978s] writing top-level names to ../../build/my_package/my_package.egg-info/top_level.txt
[0.979s] reading manifest file '../../build/my_package/my_package.egg-info/SOURCES.txt'
[0.980s] writing manifest file '../../build/my_package/my_package.egg-info/SOURCES.txt'
[0.980s] running build
[0.980s] running build_py
[0.981s] running install
[0.981s] running install_lib
[0.982s] running install_data
[0.982s] running install_egg_info
[0.984s] removing '/home/kcm/ros2_ws/install/my_package/lib/python3.10/site-packages/my_package-0.0.0-py3.10.egg-info' (and everything under it)
[0.998s] Copying ../../build/my_package/my_package.egg-info to /home/kcm/ros2_ws/install/my_package/lib/python3.10/site-packages/my_package-0.0.0-py3.10.egg-info
[1.000s] running install_scripts
[1.021s] Installing ellbow script to /home/kcm/ros2_ws/install/my_package/lib/my_package
[1.022s] writing list of installed files to '/home/kcm/ros2_ws/build/my_package/install.log'
[1.048s] Invoked command in '/home/kcm/ros2_ws/src/my_package' returned '0': PYTHONPATH=/home/kcm/ros2_ws/build/my_package/prefix_override:/home/kcm/ros2_ws/install/my_package/lib/python3.10/site-packages:${PYTHONPATH} /usr/bin/python3 -W ignore:setup.py install is deprecated setup.py egg_info --egg-base ../../build/my_package build --build-base /home/kcm/ros2_ws/build/my_package/build install --record /home/kcm/ros2_ws/build/my_package/install.log --single-version-externally-managed install_data
