[1.132s] Invoking command in '/home/kcm/ros2_ws/src/py_pubsub': PYTHONPATH=/home/kcm/ros2_ws/build/py_pubsub/prefix_override:/home/kcm/ros2_ws/install/py_pubsub/lib/python3.10/site-packages:${PYTHONPATH} /usr/bin/python3 -W ignore:setup.py install is deprecated setup.py egg_info --egg-base ../../build/py_pubsub build --build-base /home/kcm/ros2_ws/build/py_pubsub/build install --record /home/kcm/ros2_ws/build/py_pubsub/install.log --single-version-externally-managed install_data
[1.545s] running egg_info
[1.546s] writing ../../build/py_pubsub/py_pubsub.egg-info/PKG-INFO
[1.546s] writing dependency_links to ../../build/py_pubsub/py_pubsub.egg-info/dependency_links.txt
[1.547s] writing entry points to ../../build/py_pubsub/py_pubsub.egg-info/entry_points.txt
[1.547s] writing requirements to ../../build/py_pubsub/py_pubsub.egg-info/requires.txt
[1.547s] writing top-level names to ../../build/py_pubsub/py_pubsub.egg-info/top_level.txt
[1.550s] reading manifest file '../../build/py_pubsub/py_pubsub.egg-info/SOURCES.txt'
[1.551s] writing manifest file '../../build/py_pubsub/py_pubsub.egg-info/SOURCES.txt'
[1.551s] running build
[1.552s] running build_py
[1.552s] running install
[1.553s] running install_lib
[1.555s] running install_data
[1.555s] running install_egg_info
[1.557s] removing '/home/kcm/ros2_ws/install/py_pubsub/lib/python3.10/site-packages/py_pubsub-0.0.0-py3.10.egg-info' (and everything under it)
[1.564s] Copying ../../build/py_pubsub/py_pubsub.egg-info to /home/kcm/ros2_ws/install/py_pubsub/lib/python3.10/site-packages/py_pubsub-0.0.0-py3.10.egg-info
[1.568s] running install_scripts
[1.608s] Installing talker script to /home/kcm/ros2_ws/install/py_pubsub/lib/py_pubsub
[1.610s] writing list of installed files to '/home/kcm/ros2_ws/build/py_pubsub/install.log'
[1.650s] Invoked command in '/home/kcm/ros2_ws/src/py_pubsub' returned '0': PYTHONPATH=/home/kcm/ros2_ws/build/py_pubsub/prefix_override:/home/kcm/ros2_ws/install/py_pubsub/lib/python3.10/site-packages:${PYTHONPATH} /usr/bin/python3 -W ignore:setup.py install is deprecated setup.py egg_info --egg-base ../../build/py_pubsub build --build-base /home/kcm/ros2_ws/build/py_pubsub/build install --record /home/kcm/ros2_ws/build/py_pubsub/install.log --single-version-externally-managed install_data
