[0.856s] Invoking command in '/home/kcm/ros2_ws/src/my_package': PYTHONPATH=/home/kcm/ros2_ws/build/my_package/prefix_override:/home/kcm/ros2_ws/install/my_package/lib/python3.10/site-packages:${PYTHONPATH} /usr/bin/python3 -W ignore:setup.py install is deprecated setup.py egg_info --egg-base ../../build/my_package build --build-base /home/kcm/ros2_ws/build/my_package/build install --record /home/kcm/ros2_ws/build/my_package/install.log --single-version-externally-managed install_data
[1.107s] running egg_info
[1.108s] writing ../../build/my_package/my_package.egg-info/PKG-INFO
[1.110s] writing dependency_links to ../../build/my_package/my_package.egg-info/dependency_links.txt
[1.111s] writing entry points to ../../build/my_package/my_package.egg-info/entry_points.txt
[1.112s] writing requirements to ../../build/my_package/my_package.egg-info/requires.txt
[1.112s] writing top-level names to ../../build/my_package/my_package.egg-info/top_level.txt
[1.115s] reading manifest file '../../build/my_package/my_package.egg-info/SOURCES.txt'
[1.117s] writing manifest file '../../build/my_package/my_package.egg-info/SOURCES.txt'
[1.117s] running build
[1.117s] running build_py
[1.118s] running install
[1.118s] running install_lib
[1.120s] running install_data
[1.120s] running install_egg_info
[1.122s] removing '/home/kcm/ros2_ws/install/my_package/lib/python3.10/site-packages/my_package-0.0.0-py3.10.egg-info' (and everything under it)
[1.141s] Copying ../../build/my_package/my_package.egg-info to /home/kcm/ros2_ws/install/my_package/lib/python3.10/site-packages/my_package-0.0.0-py3.10.egg-info
[1.141s] running install_scripts
[1.148s] Installing ellbow script to /home/kcm/ros2_ws/install/my_package/lib/my_package
[1.149s] writing list of installed files to '/home/kcm/ros2_ws/build/my_package/install.log'
[1.173s] Invoked command in '/home/kcm/ros2_ws/src/my_package' returned '0': PYTHONPATH=/home/kcm/ros2_ws/build/my_package/prefix_override:/home/kcm/ros2_ws/install/my_package/lib/python3.10/site-packages:${PYTHONPATH} /usr/bin/python3 -W ignore:setup.py install is deprecated setup.py egg_info --egg-base ../../build/my_package build --build-base /home/kcm/ros2_ws/build/my_package/build install --record /home/kcm/ros2_ws/build/my_package/install.log --single-version-externally-managed install_data
