[0.235s] DEBUG:colcon:Command line arguments: ['/usr/bin/colcon', 'build']
[0.236s] DEBUG:colcon:Parsed command line arguments: Namespace(log_base=None, log_level=None, verb_name='build', build_base='build', install_base='install', merge_install=False, symlink_install=False, test_result_base=None, continue_on_error=False, executor='parallel', parallel_workers=1, event_handlers=None, ignore_user_meta=False, metas=['./colcon.meta'], base_paths=['.'], packages_ignore=None, packages_ignore_regex=None, paths=None, packages_up_to=None, packages_up_to_regex=None, packages_above=None, packages_above_and_dependencies=None, packages_above_depth=None, packages_select_by_dep=None, packages_skip_by_dep=None, packages_skip_up_to=None, packages_select_build_failed=False, packages_skip_build_finished=False, packages_select_test_failures=False, packages_skip_test_passed=False, packages_select=None, packages_skip=None, packages_select_regex=None, packages_skip_regex=None, packages_start=None, packages_end=None, allow_overriding=[], cmake_args=None, cmake_target=None, cmake_target_skip_unavailable=False, cmake_clean_cache=False, cmake_clean_first=False, cmake_force_configure=False, ament_cmake_args=None, catkin_cmake_args=None, catkin_skip_building_tests=False, mixin_files=None, mixin=None, verb_parser=<colcon_mixin.mixin.mixin_argument.MixinArgumentDecorator object at 0x7df9241cbdf0>, verb_extension=<colcon_core.verb.build.BuildVerb object at 0x7df924308610>, main=<bound method BuildVerb.main of <colcon_core.verb.build.BuildVerb object at 0x7df924308610>>, mixin_verb=('build',))
[0.466s] Level 1:colcon.colcon_core.package_discovery:discover_packages(colcon_meta) check parameters
[0.467s] Level 1:colcon.colcon_core.package_discovery:discover_packages(recursive) check parameters
[0.467s] Level 1:colcon.colcon_core.package_discovery:discover_packages(ignore) check parameters
[0.467s] Level 1:colcon.colcon_core.package_discovery:discover_packages(path) check parameters
[0.467s] Level 1:colcon.colcon_core.package_discovery:discover_packages(colcon_meta) discover
[0.467s] Level 1:colcon.colcon_core.package_discovery:discover_packages(recursive) discover
[0.467s] INFO:colcon.colcon_core.package_discovery:Crawling recursively for packages in '/home/kcm/ros2_ws'
[0.467s] Level 1:colcon.colcon_core.package_identification:_identify(.) by extensions ['ignore', 'ignore_ament_install']
[0.467s] Level 1:colcon.colcon_core.package_identification:_identify(.) by extension 'ignore'
[0.467s] Level 1:colcon.colcon_core.package_identification:_identify(.) by extension 'ignore_ament_install'
[0.467s] Level 1:colcon.colcon_core.package_identification:_identify(.) by extensions ['colcon_pkg']
[0.467s] Level 1:colcon.colcon_core.package_identification:_identify(.) by extension 'colcon_pkg'
[0.467s] Level 1:colcon.colcon_core.package_identification:_identify(.) by extensions ['colcon_meta']
[0.467s] Level 1:colcon.colcon_core.package_identification:_identify(.) by extension 'colcon_meta'
[0.467s] Level 1:colcon.colcon_core.package_identification:_identify(.) by extensions ['ros']
[0.467s] Level 1:colcon.colcon_core.package_identification:_identify(.) by extension 'ros'
[0.496s] Level 1:colcon.colcon_core.package_identification:_identify(.) by extensions ['cmake', 'python']
[0.496s] Level 1:colcon.colcon_core.package_identification:_identify(.) by extension 'cmake'
[0.496s] Level 1:colcon.colcon_core.package_identification:_identify(.) by extension 'python'
[0.496s] Level 1:colcon.colcon_core.package_identification:_identify(.) by extensions ['python_setup_py']
[0.496s] Level 1:colcon.colcon_core.package_identification:_identify(.) by extension 'python_setup_py'
[0.496s] Level 1:colcon.colcon_core.package_identification:_identify(build) by extensions ['ignore', 'ignore_ament_install']
[0.496s] Level 1:colcon.colcon_core.package_identification:_identify(build) by extension 'ignore'
[0.496s] Level 1:colcon.colcon_core.package_identification:_identify(build) ignored
[0.496s] Level 1:colcon.colcon_core.package_identification:_identify(install) by extensions ['ignore', 'ignore_ament_install']
[0.497s] Level 1:colcon.colcon_core.package_identification:_identify(install) by extension 'ignore'
[0.497s] Level 1:colcon.colcon_core.package_identification:_identify(install) ignored
[0.497s] Level 1:colcon.colcon_core.package_identification:_identify(log) by extensions ['ignore', 'ignore_ament_install']
[0.497s] Level 1:colcon.colcon_core.package_identification:_identify(log) by extension 'ignore'
[0.497s] Level 1:colcon.colcon_core.package_identification:_identify(log) ignored
[0.497s] Level 1:colcon.colcon_core.package_identification:_identify(src) by extensions ['ignore', 'ignore_ament_install']
[0.497s] Level 1:colcon.colcon_core.package_identification:_identify(src) by extension 'ignore'
[0.497s] Level 1:colcon.colcon_core.package_identification:_identify(src) by extension 'ignore_ament_install'
[0.497s] Level 1:colcon.colcon_core.package_identification:_identify(src) by extensions ['colcon_pkg']
[0.497s] Level 1:colcon.colcon_core.package_identification:_identify(src) by extension 'colcon_pkg'
[0.497s] Level 1:colcon.colcon_core.package_identification:_identify(src) by extensions ['colcon_meta']
[0.497s] Level 1:colcon.colcon_core.package_identification:_identify(src) by extension 'colcon_meta'
[0.497s] Level 1:colcon.colcon_core.package_identification:_identify(src) by extensions ['ros']
[0.497s] Level 1:colcon.colcon_core.package_identification:_identify(src) by extension 'ros'
[0.497s] Level 1:colcon.colcon_core.package_identification:_identify(src) by extensions ['cmake', 'python']
[0.497s] Level 1:colcon.colcon_core.package_identification:_identify(src) by extension 'cmake'
[0.498s] Level 1:colcon.colcon_core.package_identification:_identify(src) by extension 'python'
[0.498s] Level 1:colcon.colcon_core.package_identification:_identify(src) by extensions ['python_setup_py']
[0.498s] Level 1:colcon.colcon_core.package_identification:_identify(src) by extension 'python_setup_py'
[0.498s] Level 1:colcon.colcon_core.package_identification:_identify(src/my_package) by extensions ['ignore', 'ignore_ament_install']
[0.498s] Level 1:colcon.colcon_core.package_identification:_identify(src/my_package) by extension 'ignore'
[0.498s] Level 1:colcon.colcon_core.package_identification:_identify(src/my_package) by extension 'ignore_ament_install'
[0.498s] Level 1:colcon.colcon_core.package_identification:_identify(src/my_package) by extensions ['colcon_pkg']
[0.498s] Level 1:colcon.colcon_core.package_identification:_identify(src/my_package) by extension 'colcon_pkg'
[0.498s] Level 1:colcon.colcon_core.package_identification:_identify(src/my_package) by extensions ['colcon_meta']
[0.498s] Level 1:colcon.colcon_core.package_identification:_identify(src/my_package) by extension 'colcon_meta'
[0.498s] Level 1:colcon.colcon_core.package_identification:_identify(src/my_package) by extensions ['ros']
[0.498s] Level 1:colcon.colcon_core.package_identification:_identify(src/my_package) by extension 'ros'
[0.512s] DEBUG:colcon.colcon_core.package_identification:Package 'src/my_package' with type 'ros.ament_python' and name 'my_package'
[0.513s] Level 1:colcon.colcon_core.package_identification:_identify(src/py_pubsub) by extensions ['ignore', 'ignore_ament_install']
[0.513s] Level 1:colcon.colcon_core.package_identification:_identify(src/py_pubsub) by extension 'ignore'
[0.513s] Level 1:colcon.colcon_core.package_identification:_identify(src/py_pubsub) by extension 'ignore_ament_install'
[0.513s] Level 1:colcon.colcon_core.package_identification:_identify(src/py_pubsub) by extensions ['colcon_pkg']
[0.513s] Level 1:colcon.colcon_core.package_identification:_identify(src/py_pubsub) by extension 'colcon_pkg'
[0.513s] Level 1:colcon.colcon_core.package_identification:_identify(src/py_pubsub) by extensions ['colcon_meta']
[0.513s] Level 1:colcon.colcon_core.package_identification:_identify(src/py_pubsub) by extension 'colcon_meta'
[0.513s] Level 1:colcon.colcon_core.package_identification:_identify(src/py_pubsub) by extensions ['ros']
[0.513s] Level 1:colcon.colcon_core.package_identification:_identify(src/py_pubsub) by extension 'ros'
[0.515s] DEBUG:colcon.colcon_core.package_identification:Package 'src/py_pubsub' with type 'ros.ament_python' and name 'py_pubsub'
[0.515s] Level 1:colcon.colcon_core.package_discovery:discover_packages(recursive) using defaults
[0.515s] Level 1:colcon.colcon_core.package_discovery:discover_packages(ignore) discover
[0.515s] Level 1:colcon.colcon_core.package_discovery:discover_packages(ignore) using defaults
[0.515s] Level 1:colcon.colcon_core.package_discovery:discover_packages(path) discover
[0.515s] Level 1:colcon.colcon_core.package_discovery:discover_packages(path) using defaults
[0.584s] Level 1:colcon.colcon_core.package_discovery:discover_packages(prefix_path) check parameters
[0.584s] Level 1:colcon.colcon_core.package_discovery:discover_packages(prefix_path) discover
[0.596s] DEBUG:colcon.colcon_installed_package_information.package_discovery:Found 3 installed packages in /home/kcm/ros2_ws/install
[0.597s] DEBUG:colcon.colcon_installed_package_information.package_discovery:Found 288 installed packages in /opt/ros/humble
[0.599s] Level 1:colcon.colcon_core.package_discovery:discover_packages(prefix_path) using defaults
[0.646s] Level 5:colcon.colcon_core.verb:set package 'my_package' build argument 'cmake_args' from command line to 'None'
[0.646s] Level 5:colcon.colcon_core.verb:set package 'my_package' build argument 'cmake_target' from command line to 'None'
[0.646s] Level 5:colcon.colcon_core.verb:set package 'my_package' build argument 'cmake_target_skip_unavailable' from command line to 'False'
[0.646s] Level 5:colcon.colcon_core.verb:set package 'my_package' build argument 'cmake_clean_cache' from command line to 'False'
[0.646s] Level 5:colcon.colcon_core.verb:set package 'my_package' build argument 'cmake_clean_first' from command line to 'False'
[0.646s] Level 5:colcon.colcon_core.verb:set package 'my_package' build argument 'cmake_force_configure' from command line to 'False'
[0.646s] Level 5:colcon.colcon_core.verb:set package 'my_package' build argument 'ament_cmake_args' from command line to 'None'
[0.646s] Level 5:colcon.colcon_core.verb:set package 'my_package' build argument 'catkin_cmake_args' from command line to 'None'
[0.646s] Level 5:colcon.colcon_core.verb:set package 'my_package' build argument 'catkin_skip_building_tests' from command line to 'False'
[0.646s] DEBUG:colcon.colcon_core.verb:Building package 'my_package' with the following arguments: {'ament_cmake_args': None, 'build_base': '/home/kcm/ros2_ws/build/my_package', 'catkin_cmake_args': None, 'catkin_skip_building_tests': False, 'cmake_args': None, 'cmake_clean_cache': False, 'cmake_clean_first': False, 'cmake_force_configure': False, 'cmake_target': None, 'cmake_target_skip_unavailable': False, 'install_base': '/home/kcm/ros2_ws/install/my_package', 'merge_install': False, 'path': '/home/kcm/ros2_ws/src/my_package', 'symlink_install': False, 'test_result_base': None}
[0.647s] Level 5:colcon.colcon_core.verb:set package 'py_pubsub' build argument 'cmake_args' from command line to 'None'
[0.647s] Level 5:colcon.colcon_core.verb:set package 'py_pubsub' build argument 'cmake_target' from command line to 'None'
[0.647s] Level 5:colcon.colcon_core.verb:set package 'py_pubsub' build argument 'cmake_target_skip_unavailable' from command line to 'False'
[0.647s] Level 5:colcon.colcon_core.verb:set package 'py_pubsub' build argument 'cmake_clean_cache' from command line to 'False'
[0.647s] Level 5:colcon.colcon_core.verb:set package 'py_pubsub' build argument 'cmake_clean_first' from command line to 'False'
[0.647s] Level 5:colcon.colcon_core.verb:set package 'py_pubsub' build argument 'cmake_force_configure' from command line to 'False'
[0.647s] Level 5:colcon.colcon_core.verb:set package 'py_pubsub' build argument 'ament_cmake_args' from command line to 'None'
[0.647s] Level 5:colcon.colcon_core.verb:set package 'py_pubsub' build argument 'catkin_cmake_args' from command line to 'None'
[0.647s] Level 5:colcon.colcon_core.verb:set package 'py_pubsub' build argument 'catkin_skip_building_tests' from command line to 'False'
[0.647s] DEBUG:colcon.colcon_core.verb:Building package 'py_pubsub' with the following arguments: {'ament_cmake_args': None, 'build_base': '/home/kcm/ros2_ws/build/py_pubsub', 'catkin_cmake_args': None, 'catkin_skip_building_tests': False, 'cmake_args': None, 'cmake_clean_cache': False, 'cmake_clean_first': False, 'cmake_force_configure': False, 'cmake_target': None, 'cmake_target_skip_unavailable': False, 'install_base': '/home/kcm/ros2_ws/install/py_pubsub', 'merge_install': False, 'path': '/home/kcm/ros2_ws/src/py_pubsub', 'symlink_install': False, 'test_result_base': None}
[0.647s] INFO:colcon.colcon_core.executor:Executing jobs using 'parallel' executor
[0.648s] DEBUG:colcon.colcon_parallel_executor.executor.parallel:run_until_complete
[0.648s] INFO:colcon.colcon_ros.task.ament_python.build:Building ROS package in '/home/kcm/ros2_ws/src/my_package' with build type 'ament_python'
[0.648s] Level 1:colcon.colcon_core.shell:create_environment_hook('my_package', 'ament_prefix_path')
[0.655s] INFO:colcon.colcon_core.plugin_system:Skipping extension 'colcon_core.shell.bat': Not used on non-Windows systems
[0.656s] INFO:colcon.colcon_core.shell:Creating environment hook '/home/kcm/ros2_ws/install/my_package/share/my_package/hook/ament_prefix_path.ps1'
[0.657s] INFO:colcon.colcon_core.shell:Creating environment descriptor '/home/kcm/ros2_ws/install/my_package/share/my_package/hook/ament_prefix_path.dsv'
[0.658s] INFO:colcon.colcon_core.shell:Creating environment hook '/home/kcm/ros2_ws/install/my_package/share/my_package/hook/ament_prefix_path.sh'
[0.666s] INFO:colcon.colcon_core.shell:Skip shell extension 'powershell' for command environment: Not usable outside of PowerShell
[0.666s] DEBUG:colcon.colcon_core.shell:Skip shell extension 'dsv' for command environment
[1.290s] INFO:colcon.colcon_core.task.python.build:Building Python package in '/home/kcm/ros2_ws/src/my_package'
[1.291s] INFO:colcon.colcon_core.shell:Skip shell extension 'powershell' for command environment: Not usable outside of PowerShell
[1.291s] DEBUG:colcon.colcon_core.shell:Skip shell extension 'dsv' for command environment
[2.599s] DEBUG:colcon.colcon_core.event_handler.log_command:Invoking command in '/home/kcm/ros2_ws/src/my_package': PYTHONPATH=/home/kcm/ros2_ws/build/my_package/prefix_override:/home/kcm/ros2_ws/install/my_package/lib/python3.10/site-packages:${PYTHONPATH} /usr/bin/python3 -W ignore:setup.py install is deprecated setup.py egg_info --egg-base ../../build/my_package build --build-base /home/kcm/ros2_ws/build/my_package/build install --record /home/kcm/ros2_ws/build/my_package/install.log --single-version-externally-managed install_data
[3.198s] DEBUG:colcon.colcon_core.event_handler.log_command:Invoked command in '/home/kcm/ros2_ws/src/my_package' returned '0': PYTHONPATH=/home/kcm/ros2_ws/build/my_package/prefix_override:/home/kcm/ros2_ws/install/my_package/lib/python3.10/site-packages:${PYTHONPATH} /usr/bin/python3 -W ignore:setup.py install is deprecated setup.py egg_info --egg-base ../../build/my_package build --build-base /home/kcm/ros2_ws/build/my_package/build install --record /home/kcm/ros2_ws/build/my_package/install.log --single-version-externally-managed install_data
[3.208s] Level 1:colcon.colcon_core.environment:checking '/home/kcm/ros2_ws/install/my_package' for CMake module files
[3.209s] Level 1:colcon.colcon_core.environment:checking '/home/kcm/ros2_ws/install/my_package' for CMake config files
[3.211s] Level 1:colcon.colcon_core.environment:checking '/home/kcm/ros2_ws/install/my_package/lib'
[3.211s] Level 1:colcon.colcon_core.environment:checking '/home/kcm/ros2_ws/install/my_package/bin'
[3.212s] Level 1:colcon.colcon_core.environment:checking '/home/kcm/ros2_ws/install/my_package/lib/pkgconfig/my_package.pc'
[3.212s] Level 1:colcon.colcon_core.environment:checking '/home/kcm/ros2_ws/install/my_package/lib/python3.10/site-packages'
[3.212s] Level 1:colcon.colcon_core.shell:create_environment_hook('my_package', 'pythonpath')
[3.213s] INFO:colcon.colcon_core.shell:Creating environment hook '/home/kcm/ros2_ws/install/my_package/share/my_package/hook/pythonpath.ps1'
[3.214s] INFO:colcon.colcon_core.shell:Creating environment descriptor '/home/kcm/ros2_ws/install/my_package/share/my_package/hook/pythonpath.dsv'
[3.215s] INFO:colcon.colcon_core.shell:Creating environment hook '/home/kcm/ros2_ws/install/my_package/share/my_package/hook/pythonpath.sh'
[3.216s] Level 1:colcon.colcon_core.environment:checking '/home/kcm/ros2_ws/install/my_package/bin'
[3.216s] Level 1:colcon.colcon_core.environment:create_environment_scripts_only(my_package)
[3.216s] INFO:colcon.colcon_core.shell:Creating package script '/home/kcm/ros2_ws/install/my_package/share/my_package/package.ps1'
[3.219s] INFO:colcon.colcon_core.shell:Creating package descriptor '/home/kcm/ros2_ws/install/my_package/share/my_package/package.dsv'
[3.226s] INFO:colcon.colcon_core.shell:Creating package script '/home/kcm/ros2_ws/install/my_package/share/my_package/package.sh'
[3.228s] INFO:colcon.colcon_core.shell:Creating package script '/home/kcm/ros2_ws/install/my_package/share/my_package/package.bash'
[3.230s] INFO:colcon.colcon_core.shell:Creating package script '/home/kcm/ros2_ws/install/my_package/share/my_package/package.zsh'
[3.235s] Level 1:colcon.colcon_core.environment:create_file_with_runtime_dependencies(/home/kcm/ros2_ws/install/my_package/share/colcon-core/packages/my_package)
[3.236s] INFO:colcon.colcon_ros.task.ament_python.build:Building ROS package in '/home/kcm/ros2_ws/src/py_pubsub' with build type 'ament_python'
[3.236s] Level 1:colcon.colcon_core.shell:create_environment_hook('py_pubsub', 'ament_prefix_path')
[3.237s] INFO:colcon.colcon_core.shell:Creating environment hook '/home/kcm/ros2_ws/install/py_pubsub/share/py_pubsub/hook/ament_prefix_path.ps1'
[3.238s] INFO:colcon.colcon_core.shell:Creating environment descriptor '/home/kcm/ros2_ws/install/py_pubsub/share/py_pubsub/hook/ament_prefix_path.dsv'
[3.238s] INFO:colcon.colcon_core.shell:Creating environment hook '/home/kcm/ros2_ws/install/py_pubsub/share/py_pubsub/hook/ament_prefix_path.sh'
[3.239s] INFO:colcon.colcon_core.shell:Skip shell extension 'powershell' for command environment: Not usable outside of PowerShell
[3.239s] DEBUG:colcon.colcon_core.shell:Skip shell extension 'dsv' for command environment
[3.784s] INFO:colcon.colcon_core.task.python.build:Building Python package in '/home/kcm/ros2_ws/src/py_pubsub'
[3.785s] INFO:colcon.colcon_core.shell:Skip shell extension 'powershell' for command environment: Not usable outside of PowerShell
[3.785s] DEBUG:colcon.colcon_core.shell:Skip shell extension 'dsv' for command environment
[4.342s] DEBUG:colcon.colcon_core.event_handler.log_command:Invoking command in '/home/kcm/ros2_ws/src/py_pubsub': PYTHONPATH=/home/kcm/ros2_ws/build/py_pubsub/prefix_override:/home/kcm/ros2_ws/install/py_pubsub/lib/python3.10/site-packages:${PYTHONPATH} /usr/bin/python3 -W ignore:setup.py install is deprecated setup.py egg_info --egg-base ../../build/py_pubsub build --build-base /home/kcm/ros2_ws/build/py_pubsub/build install --record /home/kcm/ros2_ws/build/py_pubsub/install.log --single-version-externally-managed install_data
[4.853s] Level 1:colcon.colcon_core.environment:checking '/home/kcm/ros2_ws/install/py_pubsub' for CMake module files
[4.853s] Level 1:colcon.colcon_core.environment:checking '/home/kcm/ros2_ws/install/py_pubsub' for CMake config files
[4.854s] Level 1:colcon.colcon_core.environment:checking '/home/kcm/ros2_ws/install/py_pubsub/lib'
[4.855s] DEBUG:colcon.colcon_core.event_handler.log_command:Invoked command in '/home/kcm/ros2_ws/src/py_pubsub' returned '0': PYTHONPATH=/home/kcm/ros2_ws/build/py_pubsub/prefix_override:/home/kcm/ros2_ws/install/py_pubsub/lib/python3.10/site-packages:${PYTHONPATH} /usr/bin/python3 -W ignore:setup.py install is deprecated setup.py egg_info --egg-base ../../build/py_pubsub build --build-base /home/kcm/ros2_ws/build/py_pubsub/build install --record /home/kcm/ros2_ws/build/py_pubsub/install.log --single-version-externally-managed install_data
[4.855s] Level 1:colcon.colcon_core.environment:checking '/home/kcm/ros2_ws/install/py_pubsub/bin'
[4.855s] Level 1:colcon.colcon_core.environment:checking '/home/kcm/ros2_ws/install/py_pubsub/lib/pkgconfig/py_pubsub.pc'
[4.855s] Level 1:colcon.colcon_core.environment:checking '/home/kcm/ros2_ws/install/py_pubsub/lib/python3.10/site-packages'
[4.855s] Level 1:colcon.colcon_core.shell:create_environment_hook('py_pubsub', 'pythonpath')
[4.855s] INFO:colcon.colcon_core.shell:Creating environment hook '/home/kcm/ros2_ws/install/py_pubsub/share/py_pubsub/hook/pythonpath.ps1'
[4.856s] INFO:colcon.colcon_core.shell:Creating environment descriptor '/home/kcm/ros2_ws/install/py_pubsub/share/py_pubsub/hook/pythonpath.dsv'
[4.856s] INFO:colcon.colcon_core.shell:Creating environment hook '/home/kcm/ros2_ws/install/py_pubsub/share/py_pubsub/hook/pythonpath.sh'
[4.857s] Level 1:colcon.colcon_core.environment:checking '/home/kcm/ros2_ws/install/py_pubsub/bin'
[4.857s] Level 1:colcon.colcon_core.environment:create_environment_scripts_only(py_pubsub)
[4.858s] INFO:colcon.colcon_core.shell:Creating package script '/home/kcm/ros2_ws/install/py_pubsub/share/py_pubsub/package.ps1'
[4.858s] INFO:colcon.colcon_core.shell:Creating package descriptor '/home/kcm/ros2_ws/install/py_pubsub/share/py_pubsub/package.dsv'
[4.859s] INFO:colcon.colcon_core.shell:Creating package script '/home/kcm/ros2_ws/install/py_pubsub/share/py_pubsub/package.sh'
[4.866s] INFO:colcon.colcon_core.shell:Creating package script '/home/kcm/ros2_ws/install/py_pubsub/share/py_pubsub/package.bash'
[4.867s] INFO:colcon.colcon_core.shell:Creating package script '/home/kcm/ros2_ws/install/py_pubsub/share/py_pubsub/package.zsh'
[4.867s] Level 1:colcon.colcon_core.environment:create_file_with_runtime_dependencies(/home/kcm/ros2_ws/install/py_pubsub/share/colcon-core/packages/py_pubsub)
[4.868s] DEBUG:colcon.colcon_parallel_executor.executor.parallel:closing loop
[4.868s] DEBUG:colcon.colcon_parallel_executor.executor.parallel:loop closed
[4.868s] DEBUG:colcon.colcon_parallel_executor.executor.parallel:run_until_complete finished with '0'
[4.868s] DEBUG:colcon.colcon_core.event_reactor:joining thread
[4.886s] INFO:colcon.colcon_core.plugin_system:Skipping extension 'colcon_notification.desktop_notification.terminal_notifier': Not used on non-Darwin systems
[4.886s] INFO:colcon.colcon_core.plugin_system:Skipping extension 'colcon_notification.desktop_notification.win32': Not used on non-Windows systems
[4.886s] INFO:colcon.colcon_notification.desktop_notification:Sending desktop notification using 'notify2'
[4.913s] DEBUG:colcon.colcon_core.event_reactor:joined thread
[4.913s] INFO:colcon.colcon_core.shell:Creating prefix script '/home/kcm/ros2_ws/install/local_setup.ps1'
[4.915s] INFO:colcon.colcon_core.shell:Creating prefix util module '/home/kcm/ros2_ws/install/_local_setup_util_ps1.py'
[4.917s] INFO:colcon.colcon_core.shell:Creating prefix chain script '/home/kcm/ros2_ws/install/setup.ps1'
[4.923s] INFO:colcon.colcon_core.shell:Creating prefix script '/home/kcm/ros2_ws/install/local_setup.sh'
[4.925s] INFO:colcon.colcon_core.shell:Creating prefix util module '/home/kcm/ros2_ws/install/_local_setup_util_sh.py'
[4.925s] INFO:colcon.colcon_core.shell:Creating prefix chain script '/home/kcm/ros2_ws/install/setup.sh'
[4.927s] INFO:colcon.colcon_core.shell:Creating prefix script '/home/kcm/ros2_ws/install/local_setup.bash'
[4.929s] INFO:colcon.colcon_core.shell:Creating prefix chain script '/home/kcm/ros2_ws/install/setup.bash'
[4.931s] INFO:colcon.colcon_core.shell:Creating prefix script '/home/kcm/ros2_ws/install/local_setup.zsh'
[4.934s] INFO:colcon.colcon_core.shell:Creating prefix chain script '/home/kcm/ros2_ws/install/setup.zsh'
