[1.368s] Invoking command in '/home/kcm/ros2_ws/src/my_package': PYTHONPATH=/home/kcm/ros2_ws/build/my_package/prefix_override:/home/kcm/ros2_ws/install/my_package/lib/python3.10/site-packages:${PYTHONPATH} /usr/bin/python3 -W ignore:setup.py install is deprecated setup.py egg_info --egg-base ../../build/my_package build --build-base /home/kcm/ros2_ws/build/my_package/build install --record /home/kcm/ros2_ws/build/my_package/install.log --single-version-externally-managed install_data
[1.606s] running egg_info
[1.607s] writing ../../build/my_package/my_package.egg-info/PKG-INFO
[1.620s] writing dependency_links to ../../build/my_package/my_package.egg-info/dependency_links.txt
[1.620s] writing entry points to ../../build/my_package/my_package.egg-info/entry_points.txt
[1.621s] writing requirements to ../../build/my_package/my_package.egg-info/requires.txt
[1.621s] writing top-level names to ../../build/my_package/my_package.egg-info/top_level.txt
[1.624s] reading manifest file '../../build/my_package/my_package.egg-info/SOURCES.txt'
[1.626s] writing manifest file '../../build/my_package/my_package.egg-info/SOURCES.txt'
[1.627s] running build
[1.628s] running build_py
[1.628s] running install
[1.629s] running install_lib
[1.632s] running install_data
[1.633s] running install_egg_info
[1.637s] removing '/home/kcm/ros2_ws/install/my_package/lib/python3.10/site-packages/my_package-0.0.0-py3.10.egg-info' (and everything under it)
[1.643s] Copying ../../build/my_package/my_package.egg-info to /home/kcm/ros2_ws/install/my_package/lib/python3.10/site-packages/my_package-0.0.0-py3.10.egg-info
[1.648s] running install_scripts
[1.670s] Installing ellbow script to /home/kcm/ros2_ws/install/my_package/lib/my_package
[1.672s] writing list of installed files to '/home/kcm/ros2_ws/build/my_package/install.log'
[1.703s] Invoked command in '/home/kcm/ros2_ws/src/my_package' returned '0': PYTHONPATH=/home/kcm/ros2_ws/build/my_package/prefix_override:/home/kcm/ros2_ws/install/my_package/lib/python3.10/site-packages:${PYTHONPATH} /usr/bin/python3 -W ignore:setup.py install is deprecated setup.py egg_info --egg-base ../../build/my_package build --build-base /home/kcm/ros2_ws/build/my_package/build install --record /home/kcm/ros2_ws/build/my_package/install.log --single-version-externally-managed install_data
