[1.487s] Invoking command in '/home/kcm/ros2_ws/src/my_package': PYTHONPATH=/home/kcm/ros2_ws/build/my_package/prefix_override:/home/kcm/ros2_ws/install/my_package/lib/python3.10/site-packages:${PYTHONPATH} /usr/bin/python3 -W ignore:setup.py install is deprecated setup.py egg_info --egg-base ../../build/my_package build --build-base /home/kcm/ros2_ws/build/my_package/build install --record /home/kcm/ros2_ws/build/my_package/install.log --single-version-externally-managed install_data
[1.961s] running egg_info
[1.962s] writing ../../build/my_package/my_package.egg-info/PKG-INFO
[1.963s] writing dependency_links to ../../build/my_package/my_package.egg-info/dependency_links.txt
[1.963s] writing entry points to ../../build/my_package/my_package.egg-info/entry_points.txt
[1.964s] writing requirements to ../../build/my_package/my_package.egg-info/requires.txt
[1.965s] writing top-level names to ../../build/my_package/my_package.egg-info/top_level.txt
[1.968s] reading manifest file '../../build/my_package/my_package.egg-info/SOURCES.txt'
[1.969s] writing manifest file '../../build/my_package/my_package.egg-info/SOURCES.txt'
[1.970s] running build
[1.970s] running build_py
[1.970s] running install
[1.971s] running install_lib
[1.972s] running install_data
[1.973s] running install_egg_info
[1.975s] removing '/home/kcm/ros2_ws/install/my_package/lib/python3.10/site-packages/my_package-0.0.0-py3.10.egg-info' (and everything under it)
[1.982s] Copying ../../build/my_package/my_package.egg-info to /home/kcm/ros2_ws/install/my_package/lib/python3.10/site-packages/my_package-0.0.0-py3.10.egg-info
[2.016s] running install_scripts
[2.030s] Installing ellbow script to /home/kcm/ros2_ws/install/my_package/lib/my_package
[2.032s] writing list of installed files to '/home/kcm/ros2_ws/build/my_package/install.log'
[2.071s] Invoked command in '/home/kcm/ros2_ws/src/my_package' returned '0': PYTHONPATH=/home/kcm/ros2_ws/build/my_package/prefix_override:/home/kcm/ros2_ws/install/my_package/lib/python3.10/site-packages:${PYTHONPATH} /usr/bin/python3 -W ignore:setup.py install is deprecated setup.py egg_info --egg-base ../../build/my_package build --build-base /home/kcm/ros2_ws/build/my_package/build install --record /home/kcm/ros2_ws/build/my_package/install.log --single-version-externally-managed install_data
