[0.953s] Invoking command in '/home/kcm/ros2_ws/src/my_package': PYTHONPATH=/home/kcm/ros2_ws/build/my_package/prefix_override:/home/kcm/ros2_ws/install/my_package/lib/python3.10/site-packages:${PYTHONPATH} /usr/bin/python3 -W ignore:setup.py install is deprecated setup.py egg_info --egg-base ../../build/my_package build --build-base /home/kcm/ros2_ws/build/my_package/build install --record /home/kcm/ros2_ws/build/my_package/install.log --single-version-externally-managed install_data
[1.259s] running egg_info
[1.260s] writing ../../build/my_package/my_package.egg-info/PKG-INFO
[1.261s] writing dependency_links to ../../build/my_package/my_package.egg-info/dependency_links.txt
[1.262s] writing entry points to ../../build/my_package/my_package.egg-info/entry_points.txt
[1.262s] writing requirements to ../../build/my_package/my_package.egg-info/requires.txt
[1.263s] writing top-level names to ../../build/my_package/my_package.egg-info/top_level.txt
[1.265s] reading manifest file '../../build/my_package/my_package.egg-info/SOURCES.txt'
[1.267s] writing manifest file '../../build/my_package/my_package.egg-info/SOURCES.txt'
[1.267s] running build
[1.268s] running build_py
[1.269s] running install
[1.270s] running install_lib
[1.272s] running install_data
[1.272s] running install_egg_info
[1.275s] removing '/home/kcm/ros2_ws/install/my_package/lib/python3.10/site-packages/my_package-0.0.0-py3.10.egg-info' (and everything under it)
[1.275s] Copying ../../build/my_package/my_package.egg-info to /home/kcm/ros2_ws/install/my_package/lib/python3.10/site-packages/my_package-0.0.0-py3.10.egg-info
[1.276s] running install_scripts
[1.297s] Installing my_node script to /home/kcm/ros2_ws/install/my_package/lib/my_package
[1.298s] writing list of installed files to '/home/kcm/ros2_ws/build/my_package/install.log'
[1.320s] Invoked command in '/home/kcm/ros2_ws/src/my_package' returned '0': PYTHONPATH=/home/kcm/ros2_ws/build/my_package/prefix_override:/home/kcm/ros2_ws/install/my_package/lib/python3.10/site-packages:${PYTHONPATH} /usr/bin/python3 -W ignore:setup.py install is deprecated setup.py egg_info --egg-base ../../build/my_package build --build-base /home/kcm/ros2_ws/build/my_package/build install --record /home/kcm/ros2_ws/build/my_package/install.log --single-version-externally-managed install_data
