[0.190s] DEBUG:colcon:Command line arguments: ['/usr/bin/colcon', 'build']
[0.190s] DEBUG:colcon:Parsed command line arguments: Namespace(log_base=None, log_level=None, verb_name='build', build_base='build', install_base='install', merge_install=False, symlink_install=False, test_result_base=None, continue_on_error=False, executor='parallel', parallel_workers=1, event_handlers=None, ignore_user_meta=False, metas=['./colcon.meta'], base_paths=['.'], packages_ignore=None, packages_ignore_regex=None, paths=None, packages_up_to=None, packages_up_to_regex=None, packages_above=None, packages_above_and_dependencies=None, packages_above_depth=None, packages_select_by_dep=None, packages_skip_by_dep=None, packages_skip_up_to=None, packages_select_build_failed=False, packages_skip_build_finished=False, packages_select_test_failures=False, packages_skip_test_passed=False, packages_select=None, packages_skip=None, packages_select_regex=None, packages_skip_regex=None, packages_start=None, packages_end=None, allow_overriding=[], cmake_args=None, cmake_target=None, cmake_target_skip_unavailable=False, cmake_clean_cache=False, cmake_clean_first=False, cmake_force_configure=False, ament_cmake_args=None, catkin_cmake_args=None, catkin_skip_building_tests=False, verb_parser=<colcon_defaults.argument_parser.defaults.DefaultArgumentsDecorator object at 0x7d59303b2cb0>, verb_extension=<colcon_core.verb.build.BuildVerb object at 0x7d59304a78e0>, main=<bound method BuildVerb.main of <colcon_core.verb.build.BuildVerb object at 0x7d59304a78e0>>)
[0.472s] Level 1:colcon.colcon_core.package_discovery:discover_packages(colcon_meta) check parameters
[0.472s] Level 1:colcon.colcon_core.package_discovery:discover_packages(recursive) check parameters
[0.472s] Level 1:colcon.colcon_core.package_discovery:discover_packages(ignore) check parameters
[0.472s] Level 1:colcon.colcon_core.package_discovery:discover_packages(path) check parameters
[0.472s] Level 1:colcon.colcon_core.package_discovery:discover_packages(colcon_meta) discover
[0.472s] Level 1:colcon.colcon_core.package_discovery:discover_packages(recursive) discover
[0.472s] INFO:colcon.colcon_core.package_discovery:Crawling recursively for packages in '/home/kcm/ros2_ws'
[0.473s] Level 1:colcon.colcon_core.package_identification:_identify(.) by extensions ['ignore', 'ignore_ament_install']
[0.473s] Level 1:colcon.colcon_core.package_identification:_identify(.) by extension 'ignore'
[0.473s] Level 1:colcon.colcon_core.package_identification:_identify(.) by extension 'ignore_ament_install'
[0.473s] Level 1:colcon.colcon_core.package_identification:_identify(.) by extensions ['colcon_pkg']
[0.473s] Level 1:colcon.colcon_core.package_identification:_identify(.) by extension 'colcon_pkg'
[0.473s] Level 1:colcon.colcon_core.package_identification:_identify(.) by extensions ['colcon_meta']
[0.473s] Level 1:colcon.colcon_core.package_identification:_identify(.) by extension 'colcon_meta'
[0.473s] Level 1:colcon.colcon_core.package_identification:_identify(.) by extensions ['ros']
[0.473s] Level 1:colcon.colcon_core.package_identification:_identify(.) by extension 'ros'
[0.487s] Level 1:colcon.colcon_core.package_identification:_identify(.) by extensions ['cmake', 'python']
[0.487s] Level 1:colcon.colcon_core.package_identification:_identify(.) by extension 'cmake'
[0.487s] Level 1:colcon.colcon_core.package_identification:_identify(.) by extension 'python'
[0.487s] Level 1:colcon.colcon_core.package_identification:_identify(.) by extensions ['python_setup_py']
[0.487s] Level 1:colcon.colcon_core.package_identification:_identify(.) by extension 'python_setup_py'
[0.487s] Level 1:colcon.colcon_core.package_identification:_identify(build) by extensions ['ignore', 'ignore_ament_install']
[0.488s] Level 1:colcon.colcon_core.package_identification:_identify(build) by extension 'ignore'
[0.488s] Level 1:colcon.colcon_core.package_identification:_identify(build) ignored
[0.488s] Level 1:colcon.colcon_core.package_identification:_identify(install) by extensions ['ignore', 'ignore_ament_install']
[0.488s] Level 1:colcon.colcon_core.package_identification:_identify(install) by extension 'ignore'
[0.488s] Level 1:colcon.colcon_core.package_identification:_identify(install) ignored
[0.488s] Level 1:colcon.colcon_core.package_identification:_identify(log) by extensions ['ignore', 'ignore_ament_install']
[0.488s] Level 1:colcon.colcon_core.package_identification:_identify(log) by extension 'ignore'
[0.488s] Level 1:colcon.colcon_core.package_identification:_identify(log) ignored
[0.488s] Level 1:colcon.colcon_core.package_identification:_identify(src) by extensions ['ignore', 'ignore_ament_install']
[0.489s] Level 1:colcon.colcon_core.package_identification:_identify(src) by extension 'ignore'
[0.489s] Level 1:colcon.colcon_core.package_identification:_identify(src) by extension 'ignore_ament_install'
[0.489s] Level 1:colcon.colcon_core.package_identification:_identify(src) by extensions ['colcon_pkg']
[0.489s] Level 1:colcon.colcon_core.package_identification:_identify(src) by extension 'colcon_pkg'
[0.489s] Level 1:colcon.colcon_core.package_identification:_identify(src) by extensions ['colcon_meta']
[0.489s] Level 1:colcon.colcon_core.package_identification:_identify(src) by extension 'colcon_meta'
[0.489s] Level 1:colcon.colcon_core.package_identification:_identify(src) by extensions ['ros']
[0.489s] Level 1:colcon.colcon_core.package_identification:_identify(src) by extension 'ros'
[0.489s] Level 1:colcon.colcon_core.package_identification:_identify(src) by extensions ['cmake', 'python']
[0.489s] Level 1:colcon.colcon_core.package_identification:_identify(src) by extension 'cmake'
[0.489s] Level 1:colcon.colcon_core.package_identification:_identify(src) by extension 'python'
[0.490s] Level 1:colcon.colcon_core.package_identification:_identify(src) by extensions ['python_setup_py']
[0.490s] Level 1:colcon.colcon_core.package_identification:_identify(src) by extension 'python_setup_py'
[0.496s] Level 1:colcon.colcon_core.package_identification:_identify(src/my_package) by extensions ['ignore', 'ignore_ament_install']
[0.496s] Level 1:colcon.colcon_core.package_identification:_identify(src/my_package) by extension 'ignore'
[0.496s] Level 1:colcon.colcon_core.package_identification:_identify(src/my_package) by extension 'ignore_ament_install'
[0.496s] Level 1:colcon.colcon_core.package_identification:_identify(src/my_package) by extensions ['colcon_pkg']
[0.496s] Level 1:colcon.colcon_core.package_identification:_identify(src/my_package) by extension 'colcon_pkg'
[0.496s] Level 1:colcon.colcon_core.package_identification:_identify(src/my_package) by extensions ['colcon_meta']
[0.496s] Level 1:colcon.colcon_core.package_identification:_identify(src/my_package) by extension 'colcon_meta'
[0.496s] Level 1:colcon.colcon_core.package_identification:_identify(src/my_package) by extensions ['ros']
[0.497s] Level 1:colcon.colcon_core.package_identification:_identify(src/my_package) by extension 'ros'
[0.499s] DEBUG:colcon.colcon_core.package_identification:Package 'src/my_package' with type 'ros.ament_python' and name 'my_package'
[0.500s] Level 1:colcon.colcon_core.package_identification:_identify(src/py_pubsub) by extensions ['ignore', 'ignore_ament_install']
[0.500s] Level 1:colcon.colcon_core.package_identification:_identify(src/py_pubsub) by extension 'ignore'
[0.500s] Level 1:colcon.colcon_core.package_identification:_identify(src/py_pubsub) by extension 'ignore_ament_install'
[0.500s] Level 1:colcon.colcon_core.package_identification:_identify(src/py_pubsub) by extensions ['colcon_pkg']
[0.500s] Level 1:colcon.colcon_core.package_identification:_identify(src/py_pubsub) by extension 'colcon_pkg'
[0.500s] Level 1:colcon.colcon_core.package_identification:_identify(src/py_pubsub) by extensions ['colcon_meta']
[0.500s] Level 1:colcon.colcon_core.package_identification:_identify(src/py_pubsub) by extension 'colcon_meta'
[0.500s] Level 1:colcon.colcon_core.package_identification:_identify(src/py_pubsub) by extensions ['ros']
[0.500s] Level 1:colcon.colcon_core.package_identification:_identify(src/py_pubsub) by extension 'ros'
[0.504s] DEBUG:colcon.colcon_core.package_identification:Package 'src/py_pubsub' with type 'ros.ament_python' and name 'py_pubsub'
[0.504s] Level 1:colcon.colcon_core.package_discovery:discover_packages(recursive) using defaults
[0.504s] Level 1:colcon.colcon_core.package_discovery:discover_packages(ignore) discover
[0.504s] Level 1:colcon.colcon_core.package_discovery:discover_packages(ignore) using defaults
[0.504s] Level 1:colcon.colcon_core.package_discovery:discover_packages(path) discover
[0.504s] Level 1:colcon.colcon_core.package_discovery:discover_packages(path) using defaults
[0.545s] Level 1:colcon.colcon_core.package_discovery:discover_packages(prefix_path) check parameters
[0.546s] Level 1:colcon.colcon_core.package_discovery:discover_packages(prefix_path) discover
[0.550s] DEBUG:colcon.colcon_installed_package_information.package_discovery:Found 1 installed packages in /home/kcm/ros2_ws/install
[0.551s] DEBUG:colcon.colcon_installed_package_information.package_discovery:Found 288 installed packages in /opt/ros/humble
[0.553s] Level 1:colcon.colcon_core.package_discovery:discover_packages(prefix_path) using defaults
[0.671s] Level 5:colcon.colcon_core.verb:set package 'my_package' build argument 'cmake_args' from command line to 'None'
[0.671s] Level 5:colcon.colcon_core.verb:set package 'my_package' build argument 'cmake_target' from command line to 'None'
[0.671s] Level 5:colcon.colcon_core.verb:set package 'my_package' build argument 'cmake_target_skip_unavailable' from command line to 'False'
[0.671s] Level 5:colcon.colcon_core.verb:set package 'my_package' build argument 'cmake_clean_cache' from command line to 'False'
[0.671s] Level 5:colcon.colcon_core.verb:set package 'my_package' build argument 'cmake_clean_first' from command line to 'False'
[0.672s] Level 5:colcon.colcon_core.verb:set package 'my_package' build argument 'cmake_force_configure' from command line to 'False'
[0.672s] Level 5:colcon.colcon_core.verb:set package 'my_package' build argument 'ament_cmake_args' from command line to 'None'
[0.672s] Level 5:colcon.colcon_core.verb:set package 'my_package' build argument 'catkin_cmake_args' from command line to 'None'
[0.672s] Level 5:colcon.colcon_core.verb:set package 'my_package' build argument 'catkin_skip_building_tests' from command line to 'False'
[0.672s] DEBUG:colcon.colcon_core.verb:Building package 'my_package' with the following arguments: {'ament_cmake_args': None, 'build_base': '/home/kcm/ros2_ws/build/my_package', 'catkin_cmake_args': None, 'catkin_skip_building_tests': False, 'cmake_args': None, 'cmake_clean_cache': False, 'cmake_clean_first': False, 'cmake_force_configure': False, 'cmake_target': None, 'cmake_target_skip_unavailable': False, 'install_base': '/home/kcm/ros2_ws/install/my_package', 'merge_install': False, 'path': '/home/kcm/ros2_ws/src/my_package', 'symlink_install': False, 'test_result_base': None}
[0.672s] Level 5:colcon.colcon_core.verb:set package 'py_pubsub' build argument 'cmake_args' from command line to 'None'
[0.672s] Level 5:colcon.colcon_core.verb:set package 'py_pubsub' build argument 'cmake_target' from command line to 'None'
[0.673s] Level 5:colcon.colcon_core.verb:set package 'py_pubsub' build argument 'cmake_target_skip_unavailable' from command line to 'False'
[0.673s] Level 5:colcon.colcon_core.verb:set package 'py_pubsub' build argument 'cmake_clean_cache' from command line to 'False'
[0.673s] Level 5:colcon.colcon_core.verb:set package 'py_pubsub' build argument 'cmake_clean_first' from command line to 'False'
[0.673s] Level 5:colcon.colcon_core.verb:set package 'py_pubsub' build argument 'cmake_force_configure' from command line to 'False'
[0.673s] Level 5:colcon.colcon_core.verb:set package 'py_pubsub' build argument 'ament_cmake_args' from command line to 'None'
[0.673s] Level 5:colcon.colcon_core.verb:set package 'py_pubsub' build argument 'catkin_cmake_args' from command line to 'None'
[0.673s] Level 5:colcon.colcon_core.verb:set package 'py_pubsub' build argument 'catkin_skip_building_tests' from command line to 'False'
[0.673s] DEBUG:colcon.colcon_core.verb:Building package 'py_pubsub' with the following arguments: {'ament_cmake_args': None, 'build_base': '/home/kcm/ros2_ws/build/py_pubsub', 'catkin_cmake_args': None, 'catkin_skip_building_tests': False, 'cmake_args': None, 'cmake_clean_cache': False, 'cmake_clean_first': False, 'cmake_force_configure': False, 'cmake_target': None, 'cmake_target_skip_unavailable': False, 'install_base': '/home/kcm/ros2_ws/install/py_pubsub', 'merge_install': False, 'path': '/home/kcm/ros2_ws/src/py_pubsub', 'symlink_install': False, 'test_result_base': None}
[0.673s] INFO:colcon.colcon_core.executor:Executing jobs using 'parallel' executor
[0.674s] DEBUG:colcon.colcon_parallel_executor.executor.parallel:run_until_complete
[0.674s] INFO:colcon.colcon_ros.task.ament_python.build:Building ROS package in '/home/kcm/ros2_ws/src/my_package' with build type 'ament_python'
[0.674s] Level 1:colcon.colcon_core.shell:create_environment_hook('my_package', 'ament_prefix_path')
[0.682s] INFO:colcon.colcon_core.plugin_system:Skipping extension 'colcon_core.shell.bat': Not used on non-Windows systems
[0.683s] INFO:colcon.colcon_core.shell:Creating environment hook '/home/kcm/ros2_ws/install/my_package/share/my_package/hook/ament_prefix_path.ps1'
[0.684s] INFO:colcon.colcon_core.shell:Creating environment descriptor '/home/kcm/ros2_ws/install/my_package/share/my_package/hook/ament_prefix_path.dsv'
[0.685s] INFO:colcon.colcon_core.shell:Creating environment hook '/home/kcm/ros2_ws/install/my_package/share/my_package/hook/ament_prefix_path.sh'
[0.686s] INFO:colcon.colcon_core.shell:Skip shell extension 'powershell' for command environment: Not usable outside of PowerShell
[0.686s] DEBUG:colcon.colcon_core.shell:Skip shell extension 'dsv' for command environment
[1.165s] INFO:colcon.colcon_core.task.python.build:Building Python package in '/home/kcm/ros2_ws/src/my_package'
[1.167s] INFO:colcon.colcon_core.shell:Skip shell extension 'powershell' for command environment: Not usable outside of PowerShell
[1.167s] DEBUG:colcon.colcon_core.shell:Skip shell extension 'dsv' for command environment
[1.877s] DEBUG:colcon.colcon_core.event_handler.log_command:Invoking command in '/home/kcm/ros2_ws/src/my_package': PYTHONPATH=/home/kcm/ros2_ws/build/my_package/prefix_override:/home/kcm/ros2_ws/install/my_package/lib/python3.10/site-packages:${PYTHONPATH} /usr/bin/python3 -W ignore:setup.py install is deprecated setup.py egg_info --egg-base ../../build/my_package build --build-base /home/kcm/ros2_ws/build/my_package/build install --record /home/kcm/ros2_ws/build/my_package/install.log --single-version-externally-managed install_data
[2.221s] DEBUG:colcon.colcon_core.event_handler.log_command:Invoked command in '/home/kcm/ros2_ws/src/my_package' returned '0': PYTHONPATH=/home/kcm/ros2_ws/build/my_package/prefix_override:/home/kcm/ros2_ws/install/my_package/lib/python3.10/site-packages:${PYTHONPATH} /usr/bin/python3 -W ignore:setup.py install is deprecated setup.py egg_info --egg-base ../../build/my_package build --build-base /home/kcm/ros2_ws/build/my_package/build install --record /home/kcm/ros2_ws/build/my_package/install.log --single-version-externally-managed install_data
[2.228s] Level 1:colcon.colcon_core.environment:checking '/home/kcm/ros2_ws/install/my_package' for CMake module files
[2.228s] Level 1:colcon.colcon_core.environment:checking '/home/kcm/ros2_ws/install/my_package' for CMake config files
[2.229s] Level 1:colcon.colcon_core.environment:checking '/home/kcm/ros2_ws/install/my_package/lib'
[2.229s] Level 1:colcon.colcon_core.environment:checking '/home/kcm/ros2_ws/install/my_package/bin'
[2.229s] Level 1:colcon.colcon_core.environment:checking '/home/kcm/ros2_ws/install/my_package/lib/pkgconfig/my_package.pc'
[2.230s] Level 1:colcon.colcon_core.environment:checking '/home/kcm/ros2_ws/install/my_package/lib/python3.10/site-packages'
[2.230s] Level 1:colcon.colcon_core.shell:create_environment_hook('my_package', 'pythonpath')
[2.230s] INFO:colcon.colcon_core.shell:Creating environment hook '/home/kcm/ros2_ws/install/my_package/share/my_package/hook/pythonpath.ps1'
[2.230s] INFO:colcon.colcon_core.shell:Creating environment descriptor '/home/kcm/ros2_ws/install/my_package/share/my_package/hook/pythonpath.dsv'
[2.231s] INFO:colcon.colcon_core.shell:Creating environment hook '/home/kcm/ros2_ws/install/my_package/share/my_package/hook/pythonpath.sh'
[2.232s] Level 1:colcon.colcon_core.environment:checking '/home/kcm/ros2_ws/install/my_package/bin'
[2.232s] Level 1:colcon.colcon_core.environment:create_environment_scripts_only(my_package)
[2.232s] INFO:colcon.colcon_core.shell:Creating package script '/home/kcm/ros2_ws/install/my_package/share/my_package/package.ps1'
[2.233s] INFO:colcon.colcon_core.shell:Creating package descriptor '/home/kcm/ros2_ws/install/my_package/share/my_package/package.dsv'
[2.234s] INFO:colcon.colcon_core.shell:Creating package script '/home/kcm/ros2_ws/install/my_package/share/my_package/package.sh'
[2.235s] INFO:colcon.colcon_core.shell:Creating package script '/home/kcm/ros2_ws/install/my_package/share/my_package/package.bash'
[2.237s] INFO:colcon.colcon_core.shell:Creating package script '/home/kcm/ros2_ws/install/my_package/share/my_package/package.zsh'
[2.238s] Level 1:colcon.colcon_core.environment:create_file_with_runtime_dependencies(/home/kcm/ros2_ws/install/my_package/share/colcon-core/packages/my_package)
[2.239s] INFO:colcon.colcon_ros.task.ament_python.build:Building ROS package in '/home/kcm/ros2_ws/src/py_pubsub' with build type 'ament_python'
[2.240s] Level 1:colcon.colcon_core.shell:create_environment_hook('py_pubsub', 'ament_prefix_path')
[2.240s] INFO:colcon.colcon_core.shell:Creating environment hook '/home/kcm/ros2_ws/install/py_pubsub/share/py_pubsub/hook/ament_prefix_path.ps1'
[2.241s] INFO:colcon.colcon_core.shell:Creating environment descriptor '/home/kcm/ros2_ws/install/py_pubsub/share/py_pubsub/hook/ament_prefix_path.dsv'
[2.241s] INFO:colcon.colcon_core.shell:Creating environment hook '/home/kcm/ros2_ws/install/py_pubsub/share/py_pubsub/hook/ament_prefix_path.sh'
[2.242s] INFO:colcon.colcon_core.shell:Skip shell extension 'powershell' for command environment: Not usable outside of PowerShell
[2.242s] DEBUG:colcon.colcon_core.shell:Skip shell extension 'dsv' for command environment
[2.707s] INFO:colcon.colcon_core.task.python.build:Building Python package in '/home/kcm/ros2_ws/src/py_pubsub'
[2.708s] INFO:colcon.colcon_core.shell:Skip shell extension 'powershell' for command environment: Not usable outside of PowerShell
[2.708s] DEBUG:colcon.colcon_core.shell:Skip shell extension 'dsv' for command environment
[3.197s] DEBUG:colcon.colcon_core.event_handler.log_command:Invoking command in '/home/kcm/ros2_ws/src/py_pubsub': PYTHONPATH=/home/kcm/ros2_ws/build/py_pubsub/prefix_override:/home/kcm/ros2_ws/install/py_pubsub/lib/python3.10/site-packages:${PYTHONPATH} /usr/bin/python3 -W ignore:setup.py install is deprecated setup.py egg_info --egg-base ../../build/py_pubsub build --build-base /home/kcm/ros2_ws/build/py_pubsub/build install --record /home/kcm/ros2_ws/build/py_pubsub/install.log --single-version-externally-managed install_data
[3.610s] Level 1:colcon.colcon_core.environment:checking '/home/kcm/ros2_ws/install/py_pubsub' for CMake module files
[3.612s] Level 1:colcon.colcon_core.environment:checking '/home/kcm/ros2_ws/install/py_pubsub' for CMake config files
[3.612s] DEBUG:colcon.colcon_core.event_handler.log_command:Invoked command in '/home/kcm/ros2_ws/src/py_pubsub' returned '0': PYTHONPATH=/home/kcm/ros2_ws/build/py_pubsub/prefix_override:/home/kcm/ros2_ws/install/py_pubsub/lib/python3.10/site-packages:${PYTHONPATH} /usr/bin/python3 -W ignore:setup.py install is deprecated setup.py egg_info --egg-base ../../build/py_pubsub build --build-base /home/kcm/ros2_ws/build/py_pubsub/build install --record /home/kcm/ros2_ws/build/py_pubsub/install.log --single-version-externally-managed install_data
[3.613s] Level 1:colcon.colcon_core.environment:checking '/home/kcm/ros2_ws/install/py_pubsub/lib'
[3.613s] Level 1:colcon.colcon_core.environment:checking '/home/kcm/ros2_ws/install/py_pubsub/bin'
[3.614s] Level 1:colcon.colcon_core.environment:checking '/home/kcm/ros2_ws/install/py_pubsub/lib/pkgconfig/py_pubsub.pc'
[3.614s] Level 1:colcon.colcon_core.environment:checking '/home/kcm/ros2_ws/install/py_pubsub/lib/python3.10/site-packages'
[3.614s] Level 1:colcon.colcon_core.shell:create_environment_hook('py_pubsub', 'pythonpath')
[3.615s] INFO:colcon.colcon_core.shell:Creating environment hook '/home/kcm/ros2_ws/install/py_pubsub/share/py_pubsub/hook/pythonpath.ps1'
[3.615s] INFO:colcon.colcon_core.shell:Creating environment descriptor '/home/kcm/ros2_ws/install/py_pubsub/share/py_pubsub/hook/pythonpath.dsv'
[3.616s] INFO:colcon.colcon_core.shell:Creating environment hook '/home/kcm/ros2_ws/install/py_pubsub/share/py_pubsub/hook/pythonpath.sh'
[3.617s] Level 1:colcon.colcon_core.environment:checking '/home/kcm/ros2_ws/install/py_pubsub/bin'
[3.617s] Level 1:colcon.colcon_core.environment:create_environment_scripts_only(py_pubsub)
[3.618s] INFO:colcon.colcon_core.shell:Creating package script '/home/kcm/ros2_ws/install/py_pubsub/share/py_pubsub/package.ps1'
[3.618s] INFO:colcon.colcon_core.shell:Creating package descriptor '/home/kcm/ros2_ws/install/py_pubsub/share/py_pubsub/package.dsv'
[3.640s] INFO:colcon.colcon_core.shell:Creating package script '/home/kcm/ros2_ws/install/py_pubsub/share/py_pubsub/package.sh'
[3.640s] INFO:colcon.colcon_core.shell:Creating package script '/home/kcm/ros2_ws/install/py_pubsub/share/py_pubsub/package.bash'
[3.640s] INFO:colcon.colcon_core.shell:Creating package script '/home/kcm/ros2_ws/install/py_pubsub/share/py_pubsub/package.zsh'
[3.641s] Level 1:colcon.colcon_core.environment:create_file_with_runtime_dependencies(/home/kcm/ros2_ws/install/py_pubsub/share/colcon-core/packages/py_pubsub)
[3.641s] DEBUG:colcon.colcon_parallel_executor.executor.parallel:closing loop
[3.641s] DEBUG:colcon.colcon_parallel_executor.executor.parallel:loop closed
[3.641s] DEBUG:colcon.colcon_parallel_executor.executor.parallel:run_until_complete finished with '0'
[3.641s] DEBUG:colcon.colcon_core.event_reactor:joining thread
[3.662s] INFO:colcon.colcon_core.plugin_system:Skipping extension 'colcon_notification.desktop_notification.terminal_notifier': Not used on non-Darwin systems
[3.663s] INFO:colcon.colcon_core.plugin_system:Skipping extension 'colcon_notification.desktop_notification.win32': Not used on non-Windows systems
[3.663s] INFO:colcon.colcon_notification.desktop_notification:Sending desktop notification using 'notify2'
[3.759s] DEBUG:colcon.colcon_core.event_reactor:joined thread
[3.760s] INFO:colcon.colcon_core.shell:Creating prefix script '/home/kcm/ros2_ws/install/local_setup.ps1'
[3.762s] INFO:colcon.colcon_core.shell:Creating prefix util module '/home/kcm/ros2_ws/install/_local_setup_util_ps1.py'
[3.768s] INFO:colcon.colcon_core.shell:Creating prefix chain script '/home/kcm/ros2_ws/install/setup.ps1'
[3.774s] INFO:colcon.colcon_core.shell:Creating prefix script '/home/kcm/ros2_ws/install/local_setup.sh'
[3.777s] INFO:colcon.colcon_core.shell:Creating prefix util module '/home/kcm/ros2_ws/install/_local_setup_util_sh.py'
[3.780s] INFO:colcon.colcon_core.shell:Creating prefix chain script '/home/kcm/ros2_ws/install/setup.sh'
[3.783s] INFO:colcon.colcon_core.shell:Creating prefix script '/home/kcm/ros2_ws/install/local_setup.bash'
[3.788s] INFO:colcon.colcon_core.shell:Creating prefix chain script '/home/kcm/ros2_ws/install/setup.bash'
[3.793s] INFO:colcon.colcon_core.shell:Creating prefix script '/home/kcm/ros2_ws/install/local_setup.zsh'
[3.795s] INFO:colcon.colcon_core.shell:Creating prefix chain script '/home/kcm/ros2_ws/install/setup.zsh'
