[0.811s] Invoking command in '/home/kcm/ros2_ws/src/my_package': PYTHONPATH=/home/kcm/ros2_ws/build/my_package/prefix_override:/home/kcm/ros2_ws/install/my_package/lib/python3.10/site-packages:${PYTHONPATH} /usr/bin/python3 -W ignore:setup.py install is deprecated setup.py egg_info --egg-base ../../build/my_package build --build-base /home/kcm/ros2_ws/build/my_package/build install --record /home/kcm/ros2_ws/build/my_package/install.log --single-version-externally-managed install_data
[1.078s] running egg_info
[1.079s] writing ../../build/my_package/my_package.egg-info/PKG-INFO
[1.080s] writing dependency_links to ../../build/my_package/my_package.egg-info/dependency_links.txt
[1.081s] writing entry points to ../../build/my_package/my_package.egg-info/entry_points.txt
[1.082s] writing requirements to ../../build/my_package/my_package.egg-info/requires.txt
[1.082s] writing top-level names to ../../build/my_package/my_package.egg-info/top_level.txt
[1.086s] reading manifest file '../../build/my_package/my_package.egg-info/SOURCES.txt'
[1.088s] writing manifest file '../../build/my_package/my_package.egg-info/SOURCES.txt'
[1.090s] running build
[1.090s] running build_py
[1.091s] running install
[1.092s] running install_lib
[1.095s] running install_data
[1.096s] running install_egg_info
[1.099s] removing '/home/kcm/ros2_ws/install/my_package/lib/python3.10/site-packages/my_package-0.0.0-py3.10.egg-info' (and everything under it)
[1.100s] Copying ../../build/my_package/my_package.egg-info to /home/kcm/ros2_ws/install/my_package/lib/python3.10/site-packages/my_package-0.0.0-py3.10.egg-info
[1.101s] running install_scripts
[1.132s] Installing my_node script to /home/kcm/ros2_ws/install/my_package/lib/my_package
[1.138s] writing list of installed files to '/home/kcm/ros2_ws/build/my_package/install.log'
[1.185s] Invoked command in '/home/kcm/ros2_ws/src/my_package' returned '0': PYTHONPATH=/home/kcm/ros2_ws/build/my_package/prefix_override:/home/kcm/ros2_ws/install/my_package/lib/python3.10/site-packages:${PYTHONPATH} /usr/bin/python3 -W ignore:setup.py install is deprecated setup.py egg_info --egg-base ../../build/my_package build --build-base /home/kcm/ros2_ws/build/my_package/build install --record /home/kcm/ros2_ws/build/my_package/install.log --single-version-externally-managed install_data
