[0.097s] DEBUG:colcon:Command line arguments: ['/usr/bin/colcon', 'build']
[0.097s] DEBUG:colcon:Parsed command line arguments: Namespace(log_base=None, log_level=None, verb_name='build', build_base='build', install_base='install', merge_install=False, symlink_install=False, test_result_base=None, continue_on_error=False, executor='parallel', parallel_workers=1, event_handlers=None, ignore_user_meta=False, metas=['./colcon.meta'], base_paths=['.'], packages_ignore=None, packages_ignore_regex=None, paths=None, packages_up_to=None, packages_up_to_regex=None, packages_above=None, packages_above_and_dependencies=None, packages_above_depth=None, packages_select_by_dep=None, packages_skip_by_dep=None, packages_skip_up_to=None, packages_select_build_failed=False, packages_skip_build_finished=False, packages_select_test_failures=False, packages_skip_test_passed=False, packages_select=None, packages_skip=None, packages_select_regex=None, packages_skip_regex=None, packages_start=None, packages_end=None, allow_overriding=[], cmake_args=None, cmake_target=None, cmake_target_skip_unavailable=False, cmake_clean_cache=False, cmake_clean_first=False, cmake_force_configure=False, ament_cmake_args=None, catkin_cmake_args=None, catkin_skip_building_tests=False, mixin_files=None, mixin=None, verb_parser=<colcon_mixin.mixin.mixin_argument.MixinArgumentDecorator object at 0x7d47e471ffa0>, verb_extension=<colcon_core.verb.build.BuildVerb object at 0x7d47e48507c0>, main=<bound method BuildVerb.main of <colcon_core.verb.build.BuildVerb object at 0x7d47e48507c0>>, mixin_verb=('build',))
[0.242s] Level 1:colcon.colcon_core.package_discovery:discover_packages(colcon_meta) check parameters
[0.242s] Level 1:colcon.colcon_core.package_discovery:discover_packages(recursive) check parameters
[0.242s] Level 1:colcon.colcon_core.package_discovery:discover_packages(ignore) check parameters
[0.242s] Level 1:colcon.colcon_core.package_discovery:discover_packages(path) check parameters
[0.243s] Level 1:colcon.colcon_core.package_discovery:discover_packages(colcon_meta) discover
[0.243s] Level 1:colcon.colcon_core.package_discovery:discover_packages(recursive) discover
[0.243s] INFO:colcon.colcon_core.package_discovery:Crawling recursively for packages in '/home/kcm/ros2_ws'
[0.243s] Level 1:colcon.colcon_core.package_identification:_identify(.) by extensions ['ignore', 'ignore_ament_install']
[0.243s] Level 1:colcon.colcon_core.package_identification:_identify(.) by extension 'ignore'
[0.243s] Level 1:colcon.colcon_core.package_identification:_identify(.) by extension 'ignore_ament_install'
[0.243s] Level 1:colcon.colcon_core.package_identification:_identify(.) by extensions ['colcon_pkg']
[0.243s] Level 1:colcon.colcon_core.package_identification:_identify(.) by extension 'colcon_pkg'
[0.243s] Level 1:colcon.colcon_core.package_identification:_identify(.) by extensions ['colcon_meta']
[0.243s] Level 1:colcon.colcon_core.package_identification:_identify(.) by extension 'colcon_meta'
[0.243s] Level 1:colcon.colcon_core.package_identification:_identify(.) by extensions ['ros']
[0.243s] Level 1:colcon.colcon_core.package_identification:_identify(.) by extension 'ros'
[0.252s] Level 1:colcon.colcon_core.package_identification:_identify(.) by extensions ['cmake', 'python']
[0.252s] Level 1:colcon.colcon_core.package_identification:_identify(.) by extension 'cmake'
[0.252s] Level 1:colcon.colcon_core.package_identification:_identify(.) by extension 'python'
[0.252s] Level 1:colcon.colcon_core.package_identification:_identify(.) by extensions ['python_setup_py']
[0.252s] Level 1:colcon.colcon_core.package_identification:_identify(.) by extension 'python_setup_py'
[0.252s] Level 1:colcon.colcon_core.package_identification:_identify(build) by extensions ['ignore', 'ignore_ament_install']
[0.252s] Level 1:colcon.colcon_core.package_identification:_identify(build) by extension 'ignore'
[0.252s] Level 1:colcon.colcon_core.package_identification:_identify(build) ignored
[0.252s] Level 1:colcon.colcon_core.package_identification:_identify(install) by extensions ['ignore', 'ignore_ament_install']
[0.253s] Level 1:colcon.colcon_core.package_identification:_identify(install) by extension 'ignore'
[0.253s] Level 1:colcon.colcon_core.package_identification:_identify(install) ignored
[0.253s] Level 1:colcon.colcon_core.package_identification:_identify(log) by extensions ['ignore', 'ignore_ament_install']
[0.253s] Level 1:colcon.colcon_core.package_identification:_identify(log) by extension 'ignore'
[0.253s] Level 1:colcon.colcon_core.package_identification:_identify(log) ignored
[0.253s] Level 1:colcon.colcon_core.package_identification:_identify(src) by extensions ['ignore', 'ignore_ament_install']
[0.253s] Level 1:colcon.colcon_core.package_identification:_identify(src) by extension 'ignore'
[0.253s] Level 1:colcon.colcon_core.package_identification:_identify(src) by extension 'ignore_ament_install'
[0.253s] Level 1:colcon.colcon_core.package_identification:_identify(src) by extensions ['colcon_pkg']
[0.253s] Level 1:colcon.colcon_core.package_identification:_identify(src) by extension 'colcon_pkg'
[0.253s] Level 1:colcon.colcon_core.package_identification:_identify(src) by extensions ['colcon_meta']
[0.253s] Level 1:colcon.colcon_core.package_identification:_identify(src) by extension 'colcon_meta'
[0.253s] Level 1:colcon.colcon_core.package_identification:_identify(src) by extensions ['ros']
[0.253s] Level 1:colcon.colcon_core.package_identification:_identify(src) by extension 'ros'
[0.253s] Level 1:colcon.colcon_core.package_identification:_identify(src) by extensions ['cmake', 'python']
[0.253s] Level 1:colcon.colcon_core.package_identification:_identify(src) by extension 'cmake'
[0.253s] Level 1:colcon.colcon_core.package_identification:_identify(src) by extension 'python'
[0.253s] Level 1:colcon.colcon_core.package_identification:_identify(src) by extensions ['python_setup_py']
[0.253s] Level 1:colcon.colcon_core.package_identification:_identify(src) by extension 'python_setup_py'
[0.253s] Level 1:colcon.colcon_core.package_identification:_identify(src/my_package) by extensions ['ignore', 'ignore_ament_install']
[0.253s] Level 1:colcon.colcon_core.package_identification:_identify(src/my_package) by extension 'ignore'
[0.253s] Level 1:colcon.colcon_core.package_identification:_identify(src/my_package) by extension 'ignore_ament_install'
[0.253s] Level 1:colcon.colcon_core.package_identification:_identify(src/my_package) by extensions ['colcon_pkg']
[0.253s] Level 1:colcon.colcon_core.package_identification:_identify(src/my_package) by extension 'colcon_pkg'
[0.253s] Level 1:colcon.colcon_core.package_identification:_identify(src/my_package) by extensions ['colcon_meta']
[0.253s] Level 1:colcon.colcon_core.package_identification:_identify(src/my_package) by extension 'colcon_meta'
[0.253s] Level 1:colcon.colcon_core.package_identification:_identify(src/my_package) by extensions ['ros']
[0.253s] Level 1:colcon.colcon_core.package_identification:_identify(src/my_package) by extension 'ros'
[0.255s] DEBUG:colcon.colcon_core.package_identification:Package 'src/my_package' with type 'ros.ament_python' and name 'my_package'
[0.255s] Level 1:colcon.colcon_core.package_identification:_identify(src/py_pubsub) by extensions ['ignore', 'ignore_ament_install']
[0.255s] Level 1:colcon.colcon_core.package_identification:_identify(src/py_pubsub) by extension 'ignore'
[0.255s] Level 1:colcon.colcon_core.package_identification:_identify(src/py_pubsub) by extension 'ignore_ament_install'
[0.255s] Level 1:colcon.colcon_core.package_identification:_identify(src/py_pubsub) by extensions ['colcon_pkg']
[0.255s] Level 1:colcon.colcon_core.package_identification:_identify(src/py_pubsub) by extension 'colcon_pkg'
[0.256s] Level 1:colcon.colcon_core.package_identification:_identify(src/py_pubsub) by extensions ['colcon_meta']
[0.256s] Level 1:colcon.colcon_core.package_identification:_identify(src/py_pubsub) by extension 'colcon_meta'
[0.256s] Level 1:colcon.colcon_core.package_identification:_identify(src/py_pubsub) by extensions ['ros']
[0.256s] Level 1:colcon.colcon_core.package_identification:_identify(src/py_pubsub) by extension 'ros'
[0.256s] DEBUG:colcon.colcon_core.package_identification:Package 'src/py_pubsub' with type 'ros.ament_python' and name 'py_pubsub'
[0.256s] Level 1:colcon.colcon_core.package_identification:_identify(src/py_srvcli) by extensions ['ignore', 'ignore_ament_install']
[0.256s] Level 1:colcon.colcon_core.package_identification:_identify(src/py_srvcli) by extension 'ignore'
[0.256s] Level 1:colcon.colcon_core.package_identification:_identify(src/py_srvcli) by extension 'ignore_ament_install'
[0.256s] Level 1:colcon.colcon_core.package_identification:_identify(src/py_srvcli) by extensions ['colcon_pkg']
[0.256s] Level 1:colcon.colcon_core.package_identification:_identify(src/py_srvcli) by extension 'colcon_pkg'
[0.256s] Level 1:colcon.colcon_core.package_identification:_identify(src/py_srvcli) by extensions ['colcon_meta']
[0.256s] Level 1:colcon.colcon_core.package_identification:_identify(src/py_srvcli) by extension 'colcon_meta'
[0.256s] Level 1:colcon.colcon_core.package_identification:_identify(src/py_srvcli) by extensions ['ros']
[0.256s] Level 1:colcon.colcon_core.package_identification:_identify(src/py_srvcli) by extension 'ros'
[0.258s] DEBUG:colcon.colcon_core.package_identification:Package 'src/py_srvcli' with type 'ros.ament_python' and name 'py_srvcli'
[0.258s] Level 1:colcon.colcon_core.package_identification:_identify(src/tutorial_interfaces) by extensions ['ignore', 'ignore_ament_install']
[0.258s] Level 1:colcon.colcon_core.package_identification:_identify(src/tutorial_interfaces) by extension 'ignore'
[0.258s] Level 1:colcon.colcon_core.package_identification:_identify(src/tutorial_interfaces) by extension 'ignore_ament_install'
[0.258s] Level 1:colcon.colcon_core.package_identification:_identify(src/tutorial_interfaces) by extensions ['colcon_pkg']
[0.258s] Level 1:colcon.colcon_core.package_identification:_identify(src/tutorial_interfaces) by extension 'colcon_pkg'
[0.258s] Level 1:colcon.colcon_core.package_identification:_identify(src/tutorial_interfaces) by extensions ['colcon_meta']
[0.258s] Level 1:colcon.colcon_core.package_identification:_identify(src/tutorial_interfaces) by extension 'colcon_meta'
[0.258s] Level 1:colcon.colcon_core.package_identification:_identify(src/tutorial_interfaces) by extensions ['ros']
[0.258s] Level 1:colcon.colcon_core.package_identification:_identify(src/tutorial_interfaces) by extension 'ros'
[0.259s] DEBUG:colcon.colcon_core.package_identification:Package 'src/tutorial_interfaces' with type 'ros.ament_cmake' and name 'tutorial_interfaces'
[0.259s] Level 1:colcon.colcon_core.package_discovery:discover_packages(recursive) using defaults
[0.259s] Level 1:colcon.colcon_core.package_discovery:discover_packages(ignore) discover
[0.259s] Level 1:colcon.colcon_core.package_discovery:discover_packages(ignore) using defaults
[0.259s] Level 1:colcon.colcon_core.package_discovery:discover_packages(path) discover
[0.259s] Level 1:colcon.colcon_core.package_discovery:discover_packages(path) using defaults
[0.284s] Level 1:colcon.colcon_core.package_discovery:discover_packages(prefix_path) check parameters
[0.284s] Level 1:colcon.colcon_core.package_discovery:discover_packages(prefix_path) discover
[0.286s] DEBUG:colcon.colcon_installed_package_information.package_discovery:Found 288 installed packages in /opt/ros/humble
[0.287s] Level 1:colcon.colcon_core.package_discovery:discover_packages(prefix_path) using defaults
[0.315s] Level 5:colcon.colcon_core.verb:set package 'my_package' build argument 'cmake_args' from command line to 'None'
[0.316s] Level 5:colcon.colcon_core.verb:set package 'my_package' build argument 'cmake_target' from command line to 'None'
[0.316s] Level 5:colcon.colcon_core.verb:set package 'my_package' build argument 'cmake_target_skip_unavailable' from command line to 'False'
[0.316s] Level 5:colcon.colcon_core.verb:set package 'my_package' build argument 'cmake_clean_cache' from command line to 'False'
[0.316s] Level 5:colcon.colcon_core.verb:set package 'my_package' build argument 'cmake_clean_first' from command line to 'False'
[0.316s] Level 5:colcon.colcon_core.verb:set package 'my_package' build argument 'cmake_force_configure' from command line to 'False'
[0.316s] Level 5:colcon.colcon_core.verb:set package 'my_package' build argument 'ament_cmake_args' from command line to 'None'
[0.316s] Level 5:colcon.colcon_core.verb:set package 'my_package' build argument 'catkin_cmake_args' from command line to 'None'
[0.316s] Level 5:colcon.colcon_core.verb:set package 'my_package' build argument 'catkin_skip_building_tests' from command line to 'False'
[0.316s] DEBUG:colcon.colcon_core.verb:Building package 'my_package' with the following arguments: {'ament_cmake_args': None, 'build_base': '/home/kcm/ros2_ws/build/my_package', 'catkin_cmake_args': None, 'catkin_skip_building_tests': False, 'cmake_args': None, 'cmake_clean_cache': False, 'cmake_clean_first': False, 'cmake_force_configure': False, 'cmake_target': None, 'cmake_target_skip_unavailable': False, 'install_base': '/home/kcm/ros2_ws/install/my_package', 'merge_install': False, 'path': '/home/kcm/ros2_ws/src/my_package', 'symlink_install': False, 'test_result_base': None}
[0.316s] Level 5:colcon.colcon_core.verb:set package 'py_pubsub' build argument 'cmake_args' from command line to 'None'
[0.316s] Level 5:colcon.colcon_core.verb:set package 'py_pubsub' build argument 'cmake_target' from command line to 'None'
[0.316s] Level 5:colcon.colcon_core.verb:set package 'py_pubsub' build argument 'cmake_target_skip_unavailable' from command line to 'False'
[0.316s] Level 5:colcon.colcon_core.verb:set package 'py_pubsub' build argument 'cmake_clean_cache' from command line to 'False'
[0.316s] Level 5:colcon.colcon_core.verb:set package 'py_pubsub' build argument 'cmake_clean_first' from command line to 'False'
[0.316s] Level 5:colcon.colcon_core.verb:set package 'py_pubsub' build argument 'cmake_force_configure' from command line to 'False'
[0.316s] Level 5:colcon.colcon_core.verb:set package 'py_pubsub' build argument 'ament_cmake_args' from command line to 'None'
[0.316s] Level 5:colcon.colcon_core.verb:set package 'py_pubsub' build argument 'catkin_cmake_args' from command line to 'None'
[0.316s] Level 5:colcon.colcon_core.verb:set package 'py_pubsub' build argument 'catkin_skip_building_tests' from command line to 'False'
[0.316s] DEBUG:colcon.colcon_core.verb:Building package 'py_pubsub' with the following arguments: {'ament_cmake_args': None, 'build_base': '/home/kcm/ros2_ws/build/py_pubsub', 'catkin_cmake_args': None, 'catkin_skip_building_tests': False, 'cmake_args': None, 'cmake_clean_cache': False, 'cmake_clean_first': False, 'cmake_force_configure': False, 'cmake_target': None, 'cmake_target_skip_unavailable': False, 'install_base': '/home/kcm/ros2_ws/install/py_pubsub', 'merge_install': False, 'path': '/home/kcm/ros2_ws/src/py_pubsub', 'symlink_install': False, 'test_result_base': None}
[0.316s] Level 5:colcon.colcon_core.verb:set package 'py_srvcli' build argument 'cmake_args' from command line to 'None'
[0.316s] Level 5:colcon.colcon_core.verb:set package 'py_srvcli' build argument 'cmake_target' from command line to 'None'
[0.316s] Level 5:colcon.colcon_core.verb:set package 'py_srvcli' build argument 'cmake_target_skip_unavailable' from command line to 'False'
[0.316s] Level 5:colcon.colcon_core.verb:set package 'py_srvcli' build argument 'cmake_clean_cache' from command line to 'False'
[0.316s] Level 5:colcon.colcon_core.verb:set package 'py_srvcli' build argument 'cmake_clean_first' from command line to 'False'
[0.316s] Level 5:colcon.colcon_core.verb:set package 'py_srvcli' build argument 'cmake_force_configure' from command line to 'False'
[0.316s] Level 5:colcon.colcon_core.verb:set package 'py_srvcli' build argument 'ament_cmake_args' from command line to 'None'
[0.316s] Level 5:colcon.colcon_core.verb:set package 'py_srvcli' build argument 'catkin_cmake_args' from command line to 'None'
[0.316s] Level 5:colcon.colcon_core.verb:set package 'py_srvcli' build argument 'catkin_skip_building_tests' from command line to 'False'
[0.316s] DEBUG:colcon.colcon_core.verb:Building package 'py_srvcli' with the following arguments: {'ament_cmake_args': None, 'build_base': '/home/kcm/ros2_ws/build/py_srvcli', 'catkin_cmake_args': None, 'catkin_skip_building_tests': False, 'cmake_args': None, 'cmake_clean_cache': False, 'cmake_clean_first': False, 'cmake_force_configure': False, 'cmake_target': None, 'cmake_target_skip_unavailable': False, 'install_base': '/home/kcm/ros2_ws/install/py_srvcli', 'merge_install': False, 'path': '/home/kcm/ros2_ws/src/py_srvcli', 'symlink_install': False, 'test_result_base': None}
[0.317s] Level 5:colcon.colcon_core.verb:set package 'tutorial_interfaces' build argument 'cmake_args' from command line to 'None'
[0.317s] Level 5:colcon.colcon_core.verb:set package 'tutorial_interfaces' build argument 'cmake_target' from command line to 'None'
[0.317s] Level 5:colcon.colcon_core.verb:set package 'tutorial_interfaces' build argument 'cmake_target_skip_unavailable' from command line to 'False'
[0.317s] Level 5:colcon.colcon_core.verb:set package 'tutorial_interfaces' build argument 'cmake_clean_cache' from command line to 'False'
[0.317s] Level 5:colcon.colcon_core.verb:set package 'tutorial_interfaces' build argument 'cmake_clean_first' from command line to 'False'
[0.317s] Level 5:colcon.colcon_core.verb:set package 'tutorial_interfaces' build argument 'cmake_force_configure' from command line to 'False'
[0.317s] Level 5:colcon.colcon_core.verb:set package 'tutorial_interfaces' build argument 'ament_cmake_args' from command line to 'None'
[0.317s] Level 5:colcon.colcon_core.verb:set package 'tutorial_interfaces' build argument 'catkin_cmake_args' from command line to 'None'
[0.317s] Level 5:colcon.colcon_core.verb:set package 'tutorial_interfaces' build argument 'catkin_skip_building_tests' from command line to 'False'
[0.317s] DEBUG:colcon.colcon_core.verb:Building package 'tutorial_interfaces' with the following arguments: {'ament_cmake_args': None, 'build_base': '/home/kcm/ros2_ws/build/tutorial_interfaces', 'catkin_cmake_args': None, 'catkin_skip_building_tests': False, 'cmake_args': None, 'cmake_clean_cache': False, 'cmake_clean_first': False, 'cmake_force_configure': False, 'cmake_target': None, 'cmake_target_skip_unavailable': False, 'install_base': '/home/kcm/ros2_ws/install/tutorial_interfaces', 'merge_install': False, 'path': '/home/kcm/ros2_ws/src/tutorial_interfaces', 'symlink_install': False, 'test_result_base': None}
[0.317s] INFO:colcon.colcon_core.executor:Executing jobs using 'parallel' executor
[0.318s] DEBUG:colcon.colcon_parallel_executor.executor.parallel:run_until_complete
[0.318s] INFO:colcon.colcon_ros.task.ament_python.build:Building ROS package in '/home/kcm/ros2_ws/src/my_package' with build type 'ament_python'
[0.318s] Level 1:colcon.colcon_core.shell:create_environment_hook('my_package', 'ament_prefix_path')
[0.319s] INFO:colcon.colcon_core.plugin_system:Skipping extension 'colcon_core.shell.bat': Not used on non-Windows systems
[0.319s] INFO:colcon.colcon_core.shell:Creating environment hook '/home/kcm/ros2_ws/install/my_package/share/my_package/hook/ament_prefix_path.ps1'
[0.320s] INFO:colcon.colcon_core.shell:Creating environment descriptor '/home/kcm/ros2_ws/install/my_package/share/my_package/hook/ament_prefix_path.dsv'
[0.321s] INFO:colcon.colcon_core.shell:Creating environment hook '/home/kcm/ros2_ws/install/my_package/share/my_package/hook/ament_prefix_path.sh'
[0.321s] INFO:colcon.colcon_core.shell:Skip shell extension 'powershell' for command environment: Not usable outside of PowerShell
[0.321s] DEBUG:colcon.colcon_core.shell:Skip shell extension 'dsv' for command environment
[0.816s] INFO:colcon.colcon_core.task.python.build:Building Python package in '/home/kcm/ros2_ws/src/my_package'
[0.817s] INFO:colcon.colcon_core.shell:Skip shell extension 'powershell' for command environment: Not usable outside of PowerShell
[0.817s] DEBUG:colcon.colcon_core.shell:Skip shell extension 'dsv' for command environment
[1.256s] DEBUG:colcon.colcon_core.event_handler.log_command:Invoking command in '/home/kcm/ros2_ws/src/my_package': PYTHONPATH=/home/kcm/ros2_ws/build/my_package/prefix_override:/home/kcm/ros2_ws/install/my_package/lib/python3.10/site-packages:${PYTHONPATH} /usr/bin/python3 -W ignore:setup.py install is deprecated setup.py egg_info --egg-base ../../build/my_package build --build-base /home/kcm/ros2_ws/build/my_package/build install --record /home/kcm/ros2_ws/build/my_package/install.log --single-version-externally-managed install_data
[1.662s] DEBUG:colcon.colcon_core.event_handler.log_command:Invoked command in '/home/kcm/ros2_ws/src/my_package' returned '0': PYTHONPATH=/home/kcm/ros2_ws/build/my_package/prefix_override:/home/kcm/ros2_ws/install/my_package/lib/python3.10/site-packages:${PYTHONPATH} /usr/bin/python3 -W ignore:setup.py install is deprecated setup.py egg_info --egg-base ../../build/my_package build --build-base /home/kcm/ros2_ws/build/my_package/build install --record /home/kcm/ros2_ws/build/my_package/install.log --single-version-externally-managed install_data
[1.663s] Level 1:colcon.colcon_core.environment:checking '/home/kcm/ros2_ws/install/my_package' for CMake module files
[1.664s] Level 1:colcon.colcon_core.environment:checking '/home/kcm/ros2_ws/install/my_package' for CMake config files
[1.674s] Level 1:colcon.colcon_core.environment:checking '/home/kcm/ros2_ws/install/my_package/lib'
[1.675s] Level 1:colcon.colcon_core.environment:checking '/home/kcm/ros2_ws/install/my_package/bin'
[1.675s] Level 1:colcon.colcon_core.environment:checking '/home/kcm/ros2_ws/install/my_package/lib/pkgconfig/my_package.pc'
[1.675s] Level 1:colcon.colcon_core.environment:checking '/home/kcm/ros2_ws/install/my_package/lib/python3.10/site-packages'
[1.675s] Level 1:colcon.colcon_core.shell:create_environment_hook('my_package', 'pythonpath')
[1.675s] INFO:colcon.colcon_core.shell:Creating environment hook '/home/kcm/ros2_ws/install/my_package/share/my_package/hook/pythonpath.ps1'
[1.675s] INFO:colcon.colcon_core.shell:Creating environment descriptor '/home/kcm/ros2_ws/install/my_package/share/my_package/hook/pythonpath.dsv'
[1.676s] INFO:colcon.colcon_core.shell:Creating environment hook '/home/kcm/ros2_ws/install/my_package/share/my_package/hook/pythonpath.sh'
[1.676s] Level 1:colcon.colcon_core.environment:checking '/home/kcm/ros2_ws/install/my_package/bin'
[1.677s] Level 1:colcon.colcon_core.environment:create_environment_scripts_only(my_package)
[1.677s] INFO:colcon.colcon_core.shell:Creating package script '/home/kcm/ros2_ws/install/my_package/share/my_package/package.ps1'
[1.677s] INFO:colcon.colcon_core.shell:Creating package descriptor '/home/kcm/ros2_ws/install/my_package/share/my_package/package.dsv'
[1.678s] INFO:colcon.colcon_core.shell:Creating package script '/home/kcm/ros2_ws/install/my_package/share/my_package/package.sh'
[1.678s] INFO:colcon.colcon_core.shell:Creating package script '/home/kcm/ros2_ws/install/my_package/share/my_package/package.bash'
[1.679s] INFO:colcon.colcon_core.shell:Creating package script '/home/kcm/ros2_ws/install/my_package/share/my_package/package.zsh'
[1.680s] Level 1:colcon.colcon_core.environment:create_file_with_runtime_dependencies(/home/kcm/ros2_ws/install/my_package/share/colcon-core/packages/my_package)
[1.681s] INFO:colcon.colcon_ros.task.ament_python.build:Building ROS package in '/home/kcm/ros2_ws/src/py_pubsub' with build type 'ament_python'
[1.681s] Level 1:colcon.colcon_core.shell:create_environment_hook('py_pubsub', 'ament_prefix_path')
[1.681s] INFO:colcon.colcon_core.shell:Creating environment hook '/home/kcm/ros2_ws/install/py_pubsub/share/py_pubsub/hook/ament_prefix_path.ps1'
[1.681s] INFO:colcon.colcon_core.shell:Creating environment descriptor '/home/kcm/ros2_ws/install/py_pubsub/share/py_pubsub/hook/ament_prefix_path.dsv'
[1.682s] INFO:colcon.colcon_core.shell:Creating environment hook '/home/kcm/ros2_ws/install/py_pubsub/share/py_pubsub/hook/ament_prefix_path.sh'
[1.682s] INFO:colcon.colcon_core.shell:Skip shell extension 'powershell' for command environment: Not usable outside of PowerShell
[1.682s] DEBUG:colcon.colcon_core.shell:Skip shell extension 'dsv' for command environment
[2.081s] INFO:colcon.colcon_core.task.python.build:Building Python package in '/home/kcm/ros2_ws/src/py_pubsub'
[2.082s] INFO:colcon.colcon_core.shell:Skip shell extension 'powershell' for command environment: Not usable outside of PowerShell
[2.082s] DEBUG:colcon.colcon_core.shell:Skip shell extension 'dsv' for command environment
[2.465s] DEBUG:colcon.colcon_core.event_handler.log_command:Invoking command in '/home/kcm/ros2_ws/src/py_pubsub': PYTHONPATH=/home/kcm/ros2_ws/build/py_pubsub/prefix_override:/home/kcm/ros2_ws/install/py_pubsub/lib/python3.10/site-packages:${PYTHONPATH} /usr/bin/python3 -W ignore:setup.py install is deprecated setup.py egg_info --egg-base ../../build/py_pubsub build --build-base /home/kcm/ros2_ws/build/py_pubsub/build install --record /home/kcm/ros2_ws/build/py_pubsub/install.log --single-version-externally-managed install_data
[2.800s] Level 1:colcon.colcon_core.environment:checking '/home/kcm/ros2_ws/install/py_pubsub' for CMake module files
[2.800s] Level 1:colcon.colcon_core.environment:checking '/home/kcm/ros2_ws/install/py_pubsub' for CMake config files
[2.801s] DEBUG:colcon.colcon_core.event_handler.log_command:Invoked command in '/home/kcm/ros2_ws/src/py_pubsub' returned '0': PYTHONPATH=/home/kcm/ros2_ws/build/py_pubsub/prefix_override:/home/kcm/ros2_ws/install/py_pubsub/lib/python3.10/site-packages:${PYTHONPATH} /usr/bin/python3 -W ignore:setup.py install is deprecated setup.py egg_info --egg-base ../../build/py_pubsub build --build-base /home/kcm/ros2_ws/build/py_pubsub/build install --record /home/kcm/ros2_ws/build/py_pubsub/install.log --single-version-externally-managed install_data
[2.802s] Level 1:colcon.colcon_core.environment:checking '/home/kcm/ros2_ws/install/py_pubsub/lib'
[2.803s] Level 1:colcon.colcon_core.environment:checking '/home/kcm/ros2_ws/install/py_pubsub/bin'
[2.803s] Level 1:colcon.colcon_core.environment:checking '/home/kcm/ros2_ws/install/py_pubsub/lib/pkgconfig/py_pubsub.pc'
[2.803s] Level 1:colcon.colcon_core.environment:checking '/home/kcm/ros2_ws/install/py_pubsub/lib/python3.10/site-packages'
[2.803s] Level 1:colcon.colcon_core.shell:create_environment_hook('py_pubsub', 'pythonpath')
[2.803s] INFO:colcon.colcon_core.shell:Creating environment hook '/home/kcm/ros2_ws/install/py_pubsub/share/py_pubsub/hook/pythonpath.ps1'
[2.803s] INFO:colcon.colcon_core.shell:Creating environment descriptor '/home/kcm/ros2_ws/install/py_pubsub/share/py_pubsub/hook/pythonpath.dsv'
[2.804s] INFO:colcon.colcon_core.shell:Creating environment hook '/home/kcm/ros2_ws/install/py_pubsub/share/py_pubsub/hook/pythonpath.sh'
[2.808s] Level 1:colcon.colcon_core.environment:checking '/home/kcm/ros2_ws/install/py_pubsub/bin'
[2.808s] Level 1:colcon.colcon_core.environment:create_environment_scripts_only(py_pubsub)
[2.808s] INFO:colcon.colcon_core.shell:Creating package script '/home/kcm/ros2_ws/install/py_pubsub/share/py_pubsub/package.ps1'
[2.809s] INFO:colcon.colcon_core.shell:Creating package descriptor '/home/kcm/ros2_ws/install/py_pubsub/share/py_pubsub/package.dsv'
[2.809s] INFO:colcon.colcon_core.shell:Creating package script '/home/kcm/ros2_ws/install/py_pubsub/share/py_pubsub/package.sh'
[2.809s] INFO:colcon.colcon_core.shell:Creating package script '/home/kcm/ros2_ws/install/py_pubsub/share/py_pubsub/package.bash'
[2.810s] INFO:colcon.colcon_core.shell:Creating package script '/home/kcm/ros2_ws/install/py_pubsub/share/py_pubsub/package.zsh'
[2.810s] Level 1:colcon.colcon_core.environment:create_file_with_runtime_dependencies(/home/kcm/ros2_ws/install/py_pubsub/share/colcon-core/packages/py_pubsub)
[2.811s] INFO:colcon.colcon_ros.task.ament_python.build:Building ROS package in '/home/kcm/ros2_ws/src/py_srvcli' with build type 'ament_python'
[2.811s] Level 1:colcon.colcon_core.shell:create_environment_hook('py_srvcli', 'ament_prefix_path')
[2.811s] INFO:colcon.colcon_core.shell:Creating environment hook '/home/kcm/ros2_ws/install/py_srvcli/share/py_srvcli/hook/ament_prefix_path.ps1'
[2.812s] INFO:colcon.colcon_core.shell:Creating environment descriptor '/home/kcm/ros2_ws/install/py_srvcli/share/py_srvcli/hook/ament_prefix_path.dsv'
[2.812s] INFO:colcon.colcon_core.shell:Creating environment hook '/home/kcm/ros2_ws/install/py_srvcli/share/py_srvcli/hook/ament_prefix_path.sh'
[2.813s] INFO:colcon.colcon_core.shell:Skip shell extension 'powershell' for command environment: Not usable outside of PowerShell
[2.813s] DEBUG:colcon.colcon_core.shell:Skip shell extension 'dsv' for command environment
[3.309s] INFO:colcon.colcon_core.task.python.build:Building Python package in '/home/kcm/ros2_ws/src/py_srvcli'
[3.310s] INFO:colcon.colcon_core.shell:Skip shell extension 'powershell' for command environment: Not usable outside of PowerShell
[3.310s] DEBUG:colcon.colcon_core.shell:Skip shell extension 'dsv' for command environment
[3.681s] DEBUG:colcon.colcon_core.event_handler.log_command:Invoking command in '/home/kcm/ros2_ws/src/py_srvcli': PYTHONPATH=/home/kcm/ros2_ws/build/py_srvcli/prefix_override:/home/kcm/ros2_ws/install/py_srvcli/lib/python3.10/site-packages:${PYTHONPATH} /usr/bin/python3 -W ignore:setup.py install is deprecated setup.py egg_info --egg-base ../../build/py_srvcli build --build-base /home/kcm/ros2_ws/build/py_srvcli/build install --record /home/kcm/ros2_ws/build/py_srvcli/install.log --single-version-externally-managed install_data
[3.962s] Level 1:colcon.colcon_core.environment:checking '/home/kcm/ros2_ws/install/py_srvcli' for CMake module files
[3.963s] Level 1:colcon.colcon_core.environment:checking '/home/kcm/ros2_ws/install/py_srvcli' for CMake config files
[3.963s] Level 1:colcon.colcon_core.environment:checking '/home/kcm/ros2_ws/install/py_srvcli/lib'
[3.963s] Level 1:colcon.colcon_core.environment:checking '/home/kcm/ros2_ws/install/py_srvcli/bin'
[3.963s] Level 1:colcon.colcon_core.environment:checking '/home/kcm/ros2_ws/install/py_srvcli/lib/pkgconfig/py_srvcli.pc'
[3.963s] Level 1:colcon.colcon_core.environment:checking '/home/kcm/ros2_ws/install/py_srvcli/lib/python3.10/site-packages'
[3.964s] Level 1:colcon.colcon_core.shell:create_environment_hook('py_srvcli', 'pythonpath')
[3.964s] INFO:colcon.colcon_core.shell:Creating environment hook '/home/kcm/ros2_ws/install/py_srvcli/share/py_srvcli/hook/pythonpath.ps1'
[3.964s] DEBUG:colcon.colcon_core.event_handler.log_command:Invoked command in '/home/kcm/ros2_ws/src/py_srvcli' returned '0': PYTHONPATH=/home/kcm/ros2_ws/build/py_srvcli/prefix_override:/home/kcm/ros2_ws/install/py_srvcli/lib/python3.10/site-packages:${PYTHONPATH} /usr/bin/python3 -W ignore:setup.py install is deprecated setup.py egg_info --egg-base ../../build/py_srvcli build --build-base /home/kcm/ros2_ws/build/py_srvcli/build install --record /home/kcm/ros2_ws/build/py_srvcli/install.log --single-version-externally-managed install_data
[3.965s] INFO:colcon.colcon_core.shell:Creating environment descriptor '/home/kcm/ros2_ws/install/py_srvcli/share/py_srvcli/hook/pythonpath.dsv'
[3.965s] INFO:colcon.colcon_core.shell:Creating environment hook '/home/kcm/ros2_ws/install/py_srvcli/share/py_srvcli/hook/pythonpath.sh'
[3.965s] Level 1:colcon.colcon_core.environment:checking '/home/kcm/ros2_ws/install/py_srvcli/bin'
[3.965s] Level 1:colcon.colcon_core.environment:create_environment_scripts_only(py_srvcli)
[3.966s] INFO:colcon.colcon_core.shell:Creating package script '/home/kcm/ros2_ws/install/py_srvcli/share/py_srvcli/package.ps1'
[3.966s] INFO:colcon.colcon_core.shell:Creating package descriptor '/home/kcm/ros2_ws/install/py_srvcli/share/py_srvcli/package.dsv'
[3.967s] INFO:colcon.colcon_core.shell:Creating package script '/home/kcm/ros2_ws/install/py_srvcli/share/py_srvcli/package.sh'
[3.967s] INFO:colcon.colcon_core.shell:Creating package script '/home/kcm/ros2_ws/install/py_srvcli/share/py_srvcli/package.bash'
[3.967s] INFO:colcon.colcon_core.shell:Creating package script '/home/kcm/ros2_ws/install/py_srvcli/share/py_srvcli/package.zsh'
[3.967s] Level 1:colcon.colcon_core.environment:create_file_with_runtime_dependencies(/home/kcm/ros2_ws/install/py_srvcli/share/colcon-core/packages/py_srvcli)
[3.968s] INFO:colcon.colcon_ros.task.ament_cmake.build:Building ROS package in '/home/kcm/ros2_ws/src/tutorial_interfaces' with build type 'ament_cmake'
[3.969s] INFO:colcon.colcon_cmake.task.cmake.build:Building CMake package in '/home/kcm/ros2_ws/src/tutorial_interfaces'
[3.969s] INFO:colcon.colcon_core.shell:Skip shell extension 'powershell' for command environment: Not usable outside of PowerShell
[3.969s] DEBUG:colcon.colcon_core.shell:Skip shell extension 'dsv' for command environment
[3.990s] DEBUG:colcon.colcon_core.event_handler.log_command:Invoking command in '/home/kcm/ros2_ws/build/tutorial_interfaces': CMAKE_PREFIX_PATH=/opt/ros/humble /usr/bin/cmake /home/kcm/ros2_ws/src/tutorial_interfaces -DCMAKE_INSTALL_PREFIX=/home/kcm/ros2_ws/install/tutorial_interfaces
[4.015s] DEBUG:colcon.colcon_core.event_handler.log_command:Invoked command in '/home/kcm/ros2_ws/build/tutorial_interfaces' returned '1': CMAKE_PREFIX_PATH=/opt/ros/humble /usr/bin/cmake /home/kcm/ros2_ws/src/tutorial_interfaces -DCMAKE_INSTALL_PREFIX=/home/kcm/ros2_ws/install/tutorial_interfaces
[4.023s] Level 1:colcon.colcon_core.environment:create_environment_scripts_only(tutorial_interfaces)
[4.024s] Level 1:colcon.colcon_core.environment:checking '/home/kcm/ros2_ws/install/tutorial_interfaces' for CMake module files
[4.024s] Level 1:colcon.colcon_core.environment:checking '/home/kcm/ros2_ws/install/tutorial_interfaces' for CMake config files
[4.025s] Level 1:colcon.colcon_core.environment:checking '/home/kcm/ros2_ws/install/tutorial_interfaces/bin'
[4.025s] Level 1:colcon.colcon_core.environment:checking '/home/kcm/ros2_ws/install/tutorial_interfaces/lib/pkgconfig/tutorial_interfaces.pc'
[4.025s] Level 1:colcon.colcon_core.environment:checking '/home/kcm/ros2_ws/install/tutorial_interfaces/lib/python3.10/site-packages'
[4.025s] Level 1:colcon.colcon_core.environment:checking '/home/kcm/ros2_ws/install/tutorial_interfaces/bin'
[4.026s] INFO:colcon.colcon_core.shell:Creating package script '/home/kcm/ros2_ws/install/tutorial_interfaces/share/tutorial_interfaces/package.ps1'
[4.026s] INFO:colcon.colcon_core.shell:Creating package descriptor '/home/kcm/ros2_ws/install/tutorial_interfaces/share/tutorial_interfaces/package.dsv'
[4.026s] INFO:colcon.colcon_core.shell:Creating package script '/home/kcm/ros2_ws/install/tutorial_interfaces/share/tutorial_interfaces/package.sh'
[4.027s] INFO:colcon.colcon_core.shell:Creating package script '/home/kcm/ros2_ws/install/tutorial_interfaces/share/tutorial_interfaces/package.bash'
[4.027s] INFO:colcon.colcon_core.shell:Creating package script '/home/kcm/ros2_ws/install/tutorial_interfaces/share/tutorial_interfaces/package.zsh'
[4.027s] Level 1:colcon.colcon_core.environment:create_file_with_runtime_dependencies(/home/kcm/ros2_ws/install/tutorial_interfaces/share/colcon-core/packages/tutorial_interfaces)
[4.028s] DEBUG:colcon.colcon_parallel_executor.executor.parallel:closing loop
[4.029s] DEBUG:colcon.colcon_parallel_executor.executor.parallel:loop closed
[4.029s] DEBUG:colcon.colcon_parallel_executor.executor.parallel:run_until_complete finished with '1'
[4.029s] DEBUG:colcon.colcon_core.event_reactor:joining thread
[4.036s] INFO:colcon.colcon_core.plugin_system:Skipping extension 'colcon_notification.desktop_notification.terminal_notifier': Not used on non-Darwin systems
[4.036s] INFO:colcon.colcon_core.plugin_system:Skipping extension 'colcon_notification.desktop_notification.win32': Not used on non-Windows systems
[4.036s] INFO:colcon.colcon_notification.desktop_notification:Sending desktop notification using 'notify2'
[4.056s] DEBUG:colcon.colcon_core.event_reactor:joined thread
[4.057s] INFO:colcon.colcon_core.shell:Creating prefix script '/home/kcm/ros2_ws/install/local_setup.ps1'
[4.058s] INFO:colcon.colcon_core.shell:Creating prefix util module '/home/kcm/ros2_ws/install/_local_setup_util_ps1.py'
[4.059s] INFO:colcon.colcon_core.shell:Creating prefix chain script '/home/kcm/ros2_ws/install/setup.ps1'
[4.060s] INFO:colcon.colcon_core.shell:Creating prefix script '/home/kcm/ros2_ws/install/local_setup.sh'
[4.061s] INFO:colcon.colcon_core.shell:Creating prefix util module '/home/kcm/ros2_ws/install/_local_setup_util_sh.py'
[4.062s] INFO:colcon.colcon_core.shell:Creating prefix chain script '/home/kcm/ros2_ws/install/setup.sh'
[4.063s] INFO:colcon.colcon_core.shell:Creating prefix script '/home/kcm/ros2_ws/install/local_setup.bash'
[4.068s] INFO:colcon.colcon_core.shell:Creating prefix chain script '/home/kcm/ros2_ws/install/setup.bash'
[4.069s] INFO:colcon.colcon_core.shell:Creating prefix script '/home/kcm/ros2_ws/install/local_setup.zsh'
[4.069s] INFO:colcon.colcon_core.shell:Creating prefix chain script '/home/kcm/ros2_ws/install/setup.zsh'
